<?xml version="1.0" encoding="UTF-8"?>
<!-- Generated by org.testng.reporters.JUnitXMLReporter -->
<testsuite hostname="LAPTOP-2H3V8ME1" ignored="0" name="RegressionTest" tests="5" failures="2" timestamp="2020-04-22T13:23:45 IST" time="449.431" errors="0">
  <testcase name="testAtc001" time="39.771" classname="com.lmg_dubai.sahlastore.dashboard.Dashboard_TopFlop_Top_ATC001"/>
  <testcase name="testAtc003" time="34.112" classname="com.lmg_dubai.sahlastore.dashboard.Dashboard_TopFlop_Top_ATC003"/>
  <testcase name="testAtc004" time="46.836" classname="com.lmg_dubai.sahlastore.dashboard.Dashboard_TopFlop_Top_ATC004"/>
  <testcase name="testAtc005" time="77.016" classname="com.lmg_dubai.sahlastore.dashboard.Dashboard_TopFlop_Top_ATC005">
    <failure type="org.openqa.selenium.TimeoutException" message="Expected condition failed: waiting for presence of element located by: By.xpath: (//android.widget.TextView[@content-desc=&amp;apos;BuddyNameLabel&amp;apos;])[1] (tried for 30 second(s) with 500 MILLISECONDS interval)">
      <![CDATA[org.openqa.selenium.TimeoutException: Expected condition failed: waiting for presence of element located by: By.xpath: (//android.widget.TextView[@content-desc='BuddyNameLabel'])[1] (tried for 30 second(s) with 500 MILLISECONDS interval)
at org.openqa.selenium.support.ui.WebDriverWait.timeoutException(WebDriverWait.java:80)
at org.openqa.selenium.support.ui.FluentWait.until(FluentWait.java:232)
at com.lmg_dubai.sahlasell.library.GenericLib.explicitWait(GenericLib.java:615)
at com.lmg_dubai.sahlasell.pages.TopFlopPage.selectTopItemStyleStoreBarcode(TopFlopPage.java:296)
at com.lmg_dubai.sahlastore.dashboard.Dashboard_TopFlop_Top_ATC005.testAtc005(Dashboard_TopFlop_Top_ATC005.java:17)
at java.util.ArrayList.forEach(Unknown Source)
Caused by: org.openqa.selenium.NoSuchElementException: Cannot locate an element using By.xpath: (//android.widget.TextView[@content-desc='BuddyNameLabel'])[1]
For documentation on this error, please visit: http://seleniumhq.org/exceptions/no_such_element.html
Build info: version: '3.4.0', revision: 'unknown', time: 'unknown'
System info: host: 'LAPTOP-2H3V8ME1', ip: '192.168.0.108', os.name: 'Windows 10', os.arch: 'amd64', os.version: '10.0', java.version: '1.8.0_162'
Driver info: driver.version: unknown
at org.openqa.selenium.support.ui.ExpectedConditions.lambda$findElement$0(ExpectedConditions.java:883)
at java.util.Optional.orElseThrow(Unknown Source)
at org.openqa.selenium.support.ui.ExpectedConditions.findElement(ExpectedConditions.java:882)
at org.openqa.selenium.support.ui.ExpectedConditions.access$000(ExpectedConditions.java:44)
at org.openqa.selenium.support.ui.ExpectedConditions$6.apply(ExpectedConditions.java:183)
at org.openqa.selenium.support.ui.ExpectedConditions$6.apply(ExpectedConditions.java:180)
at org.openqa.selenium.support.ui.FluentWait.until(FluentWait.java:209)
... 31 more
... Removed 27 stack frames]]>
    </failure>
  </testcase> <!-- testAtc005 -->
  <testcase name="testAtc006" time="74.61" classname="com.lmg_dubai.sahlastore.dashboard.Dashboard_TopFlop_Top_ATC006">
    <failure type="org.openqa.selenium.TimeoutException" message="Expected condition failed: waiting for presence of element located by: By.xpath: (//android.widget.TextView[@content-desc=&amp;apos;BottomTabName&amp;apos;])[1] (tried for 30 second(s) with 500 MILLISECONDS interval)">
      <![CDATA[org.openqa.selenium.TimeoutException: Expected condition failed: waiting for presence of element located by: By.xpath: (//android.widget.TextView[@content-desc='BottomTabName'])[1] (tried for 30 second(s) with 500 MILLISECONDS interval)
at org.openqa.selenium.support.ui.WebDriverWait.timeoutException(WebDriverWait.java:80)
at org.openqa.selenium.support.ui.FluentWait.until(FluentWait.java:232)
at com.lmg_dubai.sahlasell.library.GenericLib.explicitWait(GenericLib.java:615)
at com.lmg_dubai.sahlasell.pages.TopFlopPage.verifyTopStoreEcommBin(TopFlopPage.java:319)
at com.lmg_dubai.sahlastore.dashboard.Dashboard_TopFlop_Top_ATC006.testAtc006(Dashboard_TopFlop_Top_ATC006.java:17)
at java.util.ArrayList.forEach(Unknown Source)
Caused by: org.openqa.selenium.NoSuchElementException: Cannot locate an element using By.xpath: (//android.widget.TextView[@content-desc='BottomTabName'])[1]
For documentation on this error, please visit: http://seleniumhq.org/exceptions/no_such_element.html
Build info: version: '3.4.0', revision: 'unknown', time: 'unknown'
System info: host: 'LAPTOP-2H3V8ME1', ip: '192.168.0.108', os.name: 'Windows 10', os.arch: 'amd64', os.version: '10.0', java.version: '1.8.0_162'
Driver info: driver.version: unknown
at org.openqa.selenium.support.ui.ExpectedConditions.lambda$findElement$0(ExpectedConditions.java:883)
at java.util.Optional.orElseThrow(Unknown Source)
at org.openqa.selenium.support.ui.ExpectedConditions.findElement(ExpectedConditions.java:882)
at org.openqa.selenium.support.ui.ExpectedConditions.access$000(ExpectedConditions.java:44)
at org.openqa.selenium.support.ui.ExpectedConditions$6.apply(ExpectedConditions.java:183)
at org.openqa.selenium.support.ui.ExpectedConditions$6.apply(ExpectedConditions.java:180)
at org.openqa.selenium.support.ui.FluentWait.until(FluentWait.java:209)
... 31 more
... Removed 27 stack frames]]>
    </failure>
  </testcase> <!-- testAtc006 -->
</testsuite> <!-- RegressionTest -->
