<?xml version="1.0" encoding="UTF-8"?>
<!-- Generated by org.testng.reporters.JUnitReportReporter -->
<testsuite name="com.lmg_dubai.sahlastore.order.SStore_TS117_Order_Shipped" tests="1" time="149.614" ignored="0" failures="1" timestamp="20 Sep 2020 14:31:43 GMT" skipped="0" hostname="TYFF-4F-32" errors="0">
  <testcase name="ts117" time="149.614" classname="com.lmg_dubai.sahlastore.order.SStore_TS117_Order_Shipped">
    <failure type="java.lang.AssertionError" message="unable to Click on &#039;Clicking on Sort Button&#039;">
      <![CDATA[java.lang.AssertionError: unable to Click on 'Clicking on Sort Button'
	at org.testng.Assert.fail(Assert.java:94)
	at com.lmg_dubai.sahlastore.util.MobileActionUtil.clickElement(MobileActionUtil.java:248)
	at com.lmg_dubai.sahlastore.pages.OrderShipPage.tapOnSortBtn(OrderShipPage.java:112)
	at com.lmg_dubai.sahlastore.order.SStore_TS117_Order_Shipped.ts117(SStore_TS117_Order_Shipped.java:21)
	at sun.reflect.NativeMethodAccessorImpl.invoke0(Native Method)
	at sun.reflect.NativeMethodAccessorImpl.invoke(Unknown Source)
	at sun.reflect.DelegatingMethodAccessorImpl.invoke(Unknown Source)
	at java.lang.reflect.Method.invoke(Unknown Source)
	at org.testng.internal.MethodInvocationHelper.invokeMethod(MethodInvocationHelper.java:104)
	at org.testng.internal.Invoker.invokeMethod(Invoker.java:645)
	at org.testng.internal.Invoker.invokeTestMethod(Invoker.java:851)
	at org.testng.internal.Invoker.invokeTestMethods(Invoker.java:1177)
	at org.testng.internal.TestMethodWorker.invokeTestMethods(TestMethodWorker.java:129)
	at org.testng.internal.TestMethodWorker.run(TestMethodWorker.java:112)
	at org.testng.TestRunner.privateRun(TestRunner.java:756)
	at org.testng.TestRunner.run(TestRunner.java:610)
	at org.testng.SuiteRunner.runTest(SuiteRunner.java:387)
	at org.testng.SuiteRunner.runSequentially(SuiteRunner.java:382)
	at org.testng.SuiteRunner.privateRun(SuiteRunner.java:340)
	at org.testng.SuiteRunner.run(SuiteRunner.java:289)
	at org.testng.SuiteRunnerWorker.runSuite(SuiteRunnerWorker.java:52)
	at org.testng.SuiteRunnerWorker.run(SuiteRunnerWorker.java:86)
	at org.testng.TestNG.runSuitesSequentially(TestNG.java:1293)
	at org.testng.TestNG.runSuitesLocally(TestNG.java:1218)
	at org.testng.TestNG.runSuites(TestNG.java:1133)
	at org.testng.TestNG.run(TestNG.java:1104)
	at org.testng.remote.AbstractRemoteTestNG.run(AbstractRemoteTestNG.java:115)
	at org.testng.remote.RemoteTestNG.initAndRun(RemoteTestNG.java:251)
	at org.testng.remote.RemoteTestNG.main(RemoteTestNG.java:77)
]]>
    </failure>
  </testcase> <!-- ts117 -->
</testsuite> <!-- com.lmg_dubai.sahlastore.order.SStore_TS117_Order_Shipped -->
