<?xml version="1.0" encoding="UTF-8"?>
<!-- Generated by org.testng.reporters.JUnitReportReporter -->
<testsuite skipped="0" hostname="TYSS-4F-33" name="com.appium.training.tests.AddToBasketAndIncreaseQTY" tests="1" failures="0" timestamp="2020-02-18T16:22:54 IST" time="24.677" errors="1">
  <testcase name="validateDiscountInAscending" time="24.677" classname="com.appium.training.tests.AddToBasketAndIncreaseQTY">
    <error type="org.openqa.selenium.InvalidSelectorException" message="Locator Strategy &#039;css selector&#039; is not supported for this session
For documentation on this error, please visit: http://seleniumhq.org/exceptions/invalid_selector_exception.html
Build info: version: &#039;3.4.0&#039;, revision: &#039;unknown&#039;, time: &#039;unknown&#039;
System info: host: &#039;TYSS-4F-33&#039;, ip: &#039;10.10.14.16&#039;, os.name: &#039;Windows 10&#039;, os.arch: &#039;amd64&#039;, os.version: &#039;10.0&#039;, java.version: &#039;1.8.0_131&#039;
Driver info: io.appium.java_client.android.AndroidDriver
Capabilities [{appPackage=com.applications.homecentre, statBarHeight=63.0, disableWindowAnimation=true, noReset=false, viewportRect={top=63.0, left=0.0, width=1080.0, height=1731.0}, deviceName=emulator-5554, fullReset=false, platform=ANDROID, deviceUDID=emulator-5554, desired={appPackage=com.applications.homecentre, disableWindowAnimation=true, noReset=false, deviceName=Nexus 5X API 24, fullReset=false, platform=ANDROID, appActivity=com.landmarkgroup.landmarkshops.module.splash.activity.SplashActivityV2, newCommandTimeout=1200.0, platformVersion=7.0, adbExecTimeout=30000.0, automationName=UiAutomator2, platformName=Android, udid=emulator-5554}, newCommandTimeout=1200.0, platformVersion=7.0, webStorageEnabled=false, automationName=UiAutomator2, takesScreenshot=true, javascriptEnabled=true, platformName=Android, udid=emulator-5554, deviceApiLevel=24.0, deviceManufacturer=Google, deviceScreenSize=1080x1920, networkConnectionEnabled=true, warnings={}, databaseEnabled=false, appActivity=com.landmarkgroup.landmarkshops.module.splash.activity.SplashActivityV2, adbExecTimeout=30000.0, pixelRatio=2.625, locationContextEnabled=false, deviceScreenDensity=420.0, deviceModel=Android SDK built for x86}]
Session ID: 9c6ce610-eeab-4646-b576-f84e0a183c3c
*** Element info: {Using=id, value=com.applications.homecentre:id/img_delete_product}">
      <![CDATA[org.openqa.selenium.InvalidSelectorException: Locator Strategy 'css selector' is not supported for this session
For documentation on this error, please visit: http://seleniumhq.org/exceptions/invalid_selector_exception.html
Build info: version: '3.4.0', revision: 'unknown', time: 'unknown'
System info: host: 'TYSS-4F-33', ip: '10.10.14.16', os.name: 'Windows 10', os.arch: 'amd64', os.version: '10.0', java.version: '1.8.0_131'
Driver info: io.appium.java_client.android.AndroidDriver
Capabilities [{appPackage=com.applications.homecentre, statBarHeight=63.0, disableWindowAnimation=true, noReset=false, viewportRect={top=63.0, left=0.0, width=1080.0, height=1731.0}, deviceName=emulator-5554, fullReset=false, platform=ANDROID, deviceUDID=emulator-5554, desired={appPackage=com.applications.homecentre, disableWindowAnimation=true, noReset=false, deviceName=Nexus 5X API 24, fullReset=false, platform=ANDROID, appActivity=com.landmarkgroup.landmarkshops.module.splash.activity.SplashActivityV2, newCommandTimeout=1200.0, platformVersion=7.0, adbExecTimeout=30000.0, automationName=UiAutomator2, platformName=Android, udid=emulator-5554}, newCommandTimeout=1200.0, platformVersion=7.0, webStorageEnabled=false, automationName=UiAutomator2, takesScreenshot=true, javascriptEnabled=true, platformName=Android, udid=emulator-5554, deviceApiLevel=24.0, deviceManufacturer=Google, deviceScreenSize=1080x1920, networkConnectionEnabled=true, warnings={}, databaseEnabled=false, appActivity=com.landmarkgroup.landmarkshops.module.splash.activity.SplashActivityV2, adbExecTimeout=30000.0, pixelRatio=2.625, locationContextEnabled=false, deviceScreenDensity=420.0, deviceModel=Android SDK built for x86}]
Session ID: 9c6ce610-eeab-4646-b576-f84e0a183c3c
*** Element info: {Using=id, value=com.applications.homecentre:id/img_delete_product}
at sun.reflect.NativeConstructorAccessorImpl.newInstance0(Native Method)
at sun.reflect.NativeConstructorAccessorImpl.newInstance(Unknown Source)
at sun.reflect.DelegatingConstructorAccessorImpl.newInstance(Unknown Source)
at java.lang.reflect.Constructor.newInstance(Unknown Source)
at org.openqa.selenium.remote.http.W3CHttpResponseCodec.createException(W3CHttpResponseCodec.java:150)
at org.openqa.selenium.remote.http.W3CHttpResponseCodec.decode(W3CHttpResponseCodec.java:115)
at org.openqa.selenium.remote.http.W3CHttpResponseCodec.decode(W3CHttpResponseCodec.java:45)
at org.openqa.selenium.remote.HttpCommandExecutor.execute(HttpCommandExecutor.java:164)
at io.appium.java_client.remote.AppiumCommandExecutor.execute(AppiumCommandExecutor.java:69)
at org.openqa.selenium.remote.RemoteWebDriver.execute(RemoteWebDriver.java:637)
at io.appium.java_client.DefaultGenericMobileDriver.execute(DefaultGenericMobileDriver.java:40)
at io.appium.java_client.AppiumDriver.execute(AppiumDriver.java:1)
at io.appium.java_client.android.AndroidDriver.execute(AndroidDriver.java:1)
at org.openqa.selenium.remote.RemoteWebDriver.findElements(RemoteWebDriver.java:437)
at io.appium.java_client.DefaultGenericMobileDriver.findElements(DefaultGenericMobileDriver.java:48)
at io.appium.java_client.AppiumDriver.findElements(AppiumDriver.java:195)
at org.openqa.selenium.remote.RemoteWebDriver.findElementsById(RemoteWebDriver.java:457)
at io.appium.java_client.DefaultGenericMobileDriver.findElementsById(DefaultGenericMobileDriver.java:60)
at io.appium.java_client.AppiumDriver.findElementsById(AppiumDriver.java:199)
at org.openqa.selenium.By$ById.findElements(By.java:210)
at org.openqa.selenium.remote.RemoteWebDriver.findElements(RemoteWebDriver.java:398)
at io.appium.java_client.DefaultGenericMobileDriver.findElements(DefaultGenericMobileDriver.java:44)
at io.appium.java_client.AppiumDriver.findElements(AppiumDriver.java:191)
at org.openqa.selenium.support.pagefactory.DefaultElementLocator.findElements(DefaultElementLocator.java:85)
at org.openqa.selenium.support.pagefactory.internal.LocatingElementListHandler.invoke(LocatingElementListHandler.java:36)
at com.sun.proxy.$Proxy7.iterator(Unknown Source)
at com.lmg_dubai.sahlasell.pages.BasketPage.removeFromProd(BasketPage.java:32)
at com.appium.training.tests.AddToBasketAndIncreaseQTY.validateDiscountInAscending(AddToBasketAndIncreaseQTY.java:12)
at sun.reflect.NativeMethodAccessorImpl.invoke0(Native Method)
at sun.reflect.NativeMethodAccessorImpl.invoke(Unknown Source)
at sun.reflect.DelegatingMethodAccessorImpl.invoke(Unknown Source)
at java.lang.reflect.Method.invoke(Unknown Source)
at org.testng.internal.MethodInvocationHelper.invokeMethod(MethodInvocationHelper.java:133)
at org.testng.internal.TestInvoker.invokeMethod(TestInvoker.java:584)
at org.testng.internal.TestInvoker.invokeTestMethod(TestInvoker.java:172)
at org.testng.internal.MethodRunner.runInSequence(MethodRunner.java:46)
at org.testng.internal.TestInvoker$MethodInvocationAgent.invoke(TestInvoker.java:804)
at org.testng.internal.TestInvoker.invokeTestMethods(TestInvoker.java:145)
at org.testng.internal.TestMethodWorker.invokeTestMethods(TestMethodWorker.java:146)
at org.testng.internal.TestMethodWorker.run(TestMethodWorker.java:128)
at java.util.ArrayList.forEach(Unknown Source)
at org.testng.TestRunner.privateRun(TestRunner.java:770)
at org.testng.TestRunner.run(TestRunner.java:591)
at org.testng.SuiteRunner.runTest(SuiteRunner.java:402)
at org.testng.SuiteRunner.access$000(SuiteRunner.java:41)
at org.testng.SuiteRunner$SuiteWorker.run(SuiteRunner.java:443)
at org.testng.internal.thread.ThreadUtil.lambda$execute$0(ThreadUtil.java:67)
at java.util.concurrent.FutureTask.run(Unknown Source)
at java.util.concurrent.ThreadPoolExecutor.runWorker(Unknown Source)
at java.util.concurrent.ThreadPoolExecutor$Worker.run(Unknown Source)
at java.lang.Thread.run(Unknown Source)
]]>
    </error>
  </testcase> <!-- validateDiscountInAscending -->
</testsuite> <!-- com.appium.training.tests.AddToBasketAndIncreaseQTY -->
