<?xml version="1.0" encoding="UTF-8"?>
<!-- Generated by org.testng.reporters.JUnitXMLReporter -->
<testsuite hostname="LAPTOP-38LR7550" ignored="88" name="RegressionTest" tests="45" failures="26" timestamp="01 Nov 2020 21:05:39 GMT" time="8329.186" errors="0">
  <testcase name="ts48090" time="110.642" classname="com.lmg_dubai.sahlastore.inventory.SStore_TS48090_Count_UnitStockCount"/>
  <testcase name="ts48091" time="110.206" classname="com.lmg_dubai.sahlastore.inventory.SStore_TS48091_Count_UnitStockCount"/>
  <testcase name="ts48092" time="113.507" classname="com.lmg_dubai.sahlastore.inventory.SStore_TS48092_Inventory_SendStoreTransfer"/>
  <testcase name="ts48094" time="133.643" classname="com.lmg_dubai.sahlastore.inventory.SStore_TS48094_Inventory_SendStoreTransfer"/>
  <testcase name="ts48095" time="96.206" classname="com.lmg_dubai.sahlastore.inventory.SStore_TS48095_Inventory_SendStoreTransfer"/>
  <testcase name="ts48096" time="137.055" classname="com.lmg_dubai.sahlastore.inventory.SStore_TS48096_Inventory_SendStoreTransfer"/>
  <testcase name="ts48097" time="119.437" classname="com.lmg_dubai.sahlastore.inventory.SStore_TS48097_Inventory_SendStoreTransfer"/>
  <testcase name="ts48098" time="117.436" classname="com.lmg_dubai.sahlastore.inventory.SStore_TS48098_Inventory_SendStoreTransfer"/>
  <testcase name="ts48099" time="151.8" classname="com.lmg_dubai.sahlastore.inventory.SStore_TS48099_Inventory_SendStoreTransfer"/>
  <testcase name="ts48100" time="150.639" classname="com.lmg_dubai.sahlastore.inventory.SStore_TS48100_Inventory_SendStoreTransfer"/>
  <testcase name="ts48101" time="129.598" classname="com.lmg_dubai.sahlastore.inventory.SStore_TS48101_Inventory_SendStoreTransfer">
    <failure type="org.openqa.selenium.TimeoutException" message="Expected condition failed: waiting for presence of element located by: By.xpath: //android.widget.TextView[@text=&amp;apos;Dispatch&amp;apos;] (tried for 30 second(s) with 500 MILLISECONDS interval)">
      <![CDATA[org.openqa.selenium.TimeoutException: Expected condition failed: waiting for presence of element located by: By.xpath: //android.widget.TextView[@text='Dispatch'] (tried for 30 second(s) with 500 MILLISECONDS interval)
	at org.openqa.selenium.support.ui.WebDriverWait.timeoutException(WebDriverWait.java:82)
	at org.openqa.selenium.support.ui.FluentWait.until(FluentWait.java:231)
	at com.lmg_dubai.sahlastore.library.GenericLib.explicitWait(GenericLib.java:611)
	at com.lmg_dubai.sahlastore.pages.InventoryStoreTransferPage.dispatchPendingTransfer(InventoryStoreTransferPage.java:447)
	at com.lmg_dubai.sahlastore.inventory.SStore_TS48101_Inventory_SendStoreTransfer.ts48101(SStore_TS48101_Inventory_SendStoreTransfer.java:24)
Caused by: org.openqa.selenium.NoSuchElementException: Cannot locate an element using By.xpath: //android.widget.TextView[@text='Dispatch']
For documentation on this error, please visit: http://seleniumhq.org/exceptions/no_such_element.html
Build info: version: '3.7.1', revision: '8a0099a', time: '2017-11-06T21:01:39.354Z'
System info: host: 'LAPTOP-38LR7550', ip: '192.168.0.4', os.name: 'Windows 10', os.arch: 'amd64', os.version: '10.0', java.version: '1.8.0_91'
Driver info: driver.version: unknown
	at org.openqa.selenium.support.ui.ExpectedConditions.lambda$findElement$0(ExpectedConditions.java:882)
	at java.util.Optional.orElseThrow(Unknown Source)
	at org.openqa.selenium.support.ui.ExpectedConditions.findElement(ExpectedConditions.java:881)
	at org.openqa.selenium.support.ui.ExpectedConditions.access$000(ExpectedConditions.java:43)
	at org.openqa.selenium.support.ui.ExpectedConditions$6.apply(ExpectedConditions.java:182)
	at org.openqa.selenium.support.ui.ExpectedConditions$6.apply(ExpectedConditions.java:179)
	at org.openqa.selenium.support.ui.FluentWait.until(FluentWait.java:208)
	... 28 more
... Removed 25 stack frames]]>
    </failure>
  </testcase> <!-- ts48101 -->
  <testcase name="ts48102" time="127.096" classname="com.lmg_dubai.sahlastore.inventory.SStore_TS48102_Inventory_SendStoreTransfer">
    <failure type="org.openqa.selenium.TimeoutException" message="Expected condition failed: waiting for presence of element located by: By.xpath: //android.widget.TextView[@text=&amp;apos;Dispatch&amp;apos;] (tried for 30 second(s) with 500 MILLISECONDS interval)">
      <![CDATA[org.openqa.selenium.TimeoutException: Expected condition failed: waiting for presence of element located by: By.xpath: //android.widget.TextView[@text='Dispatch'] (tried for 30 second(s) with 500 MILLISECONDS interval)
	at org.openqa.selenium.support.ui.WebDriverWait.timeoutException(WebDriverWait.java:82)
	at org.openqa.selenium.support.ui.FluentWait.until(FluentWait.java:231)
	at com.lmg_dubai.sahlastore.library.GenericLib.explicitWait(GenericLib.java:611)
	at com.lmg_dubai.sahlastore.pages.InventoryStoreTransferPage.dispatchPendingTransferBSCPLoc(InventoryStoreTransferPage.java:467)
	at com.lmg_dubai.sahlastore.inventory.SStore_TS48102_Inventory_SendStoreTransfer.ts48102(SStore_TS48102_Inventory_SendStoreTransfer.java:24)
Caused by: org.openqa.selenium.NoSuchElementException: Cannot locate an element using By.xpath: //android.widget.TextView[@text='Dispatch']
For documentation on this error, please visit: http://seleniumhq.org/exceptions/no_such_element.html
Build info: version: '3.7.1', revision: '8a0099a', time: '2017-11-06T21:01:39.354Z'
System info: host: 'LAPTOP-38LR7550', ip: '192.168.0.4', os.name: 'Windows 10', os.arch: 'amd64', os.version: '10.0', java.version: '1.8.0_91'
Driver info: driver.version: unknown
	at org.openqa.selenium.support.ui.ExpectedConditions.lambda$findElement$0(ExpectedConditions.java:882)
	at java.util.Optional.orElseThrow(Unknown Source)
	at org.openqa.selenium.support.ui.ExpectedConditions.findElement(ExpectedConditions.java:881)
	at org.openqa.selenium.support.ui.ExpectedConditions.access$000(ExpectedConditions.java:43)
	at org.openqa.selenium.support.ui.ExpectedConditions$6.apply(ExpectedConditions.java:182)
	at org.openqa.selenium.support.ui.ExpectedConditions$6.apply(ExpectedConditions.java:179)
	at org.openqa.selenium.support.ui.FluentWait.until(FluentWait.java:208)
	... 28 more
... Removed 25 stack frames]]>
    </failure>
  </testcase> <!-- ts48102 -->
  <testcase name="ts48103" time="130.378" classname="com.lmg_dubai.sahlastore.inventory.SStore_TS48103_Inventory_SendStoreTransfer">
    <failure type="org.openqa.selenium.TimeoutException" message="Expected condition failed: waiting for presence of element located by: By.xpath: //android.widget.TextView[@text=&amp;apos;Dispatch&amp;apos;] (tried for 30 second(s) with 500 MILLISECONDS interval)">
      <![CDATA[org.openqa.selenium.TimeoutException: Expected condition failed: waiting for presence of element located by: By.xpath: //android.widget.TextView[@text='Dispatch'] (tried for 30 second(s) with 500 MILLISECONDS interval)
	at org.openqa.selenium.support.ui.WebDriverWait.timeoutException(WebDriverWait.java:82)
	at org.openqa.selenium.support.ui.FluentWait.until(FluentWait.java:231)
	at com.lmg_dubai.sahlastore.library.GenericLib.explicitWait(GenericLib.java:611)
	at com.lmg_dubai.sahlastore.pages.InventoryStoreTransferPage.dispatchPendingTransferSMCPLoc(InventoryStoreTransferPage.java:487)
	at com.lmg_dubai.sahlastore.inventory.SStore_TS48103_Inventory_SendStoreTransfer.ts48103(SStore_TS48103_Inventory_SendStoreTransfer.java:24)
Caused by: org.openqa.selenium.NoSuchElementException: Cannot locate an element using By.xpath: //android.widget.TextView[@text='Dispatch']
For documentation on this error, please visit: http://seleniumhq.org/exceptions/no_such_element.html
Build info: version: '3.7.1', revision: '8a0099a', time: '2017-11-06T21:01:39.354Z'
System info: host: 'LAPTOP-38LR7550', ip: '192.168.0.4', os.name: 'Windows 10', os.arch: 'amd64', os.version: '10.0', java.version: '1.8.0_91'
Driver info: driver.version: unknown
	at org.openqa.selenium.support.ui.ExpectedConditions.lambda$findElement$0(ExpectedConditions.java:882)
	at java.util.Optional.orElseThrow(Unknown Source)
	at org.openqa.selenium.support.ui.ExpectedConditions.findElement(ExpectedConditions.java:881)
	at org.openqa.selenium.support.ui.ExpectedConditions.access$000(ExpectedConditions.java:43)
	at org.openqa.selenium.support.ui.ExpectedConditions$6.apply(ExpectedConditions.java:182)
	at org.openqa.selenium.support.ui.ExpectedConditions$6.apply(ExpectedConditions.java:179)
	at org.openqa.selenium.support.ui.FluentWait.until(FluentWait.java:208)
	... 28 more
... Removed 25 stack frames]]>
    </failure>
  </testcase> <!-- ts48103 -->
  <testcase name="ts48104" time="130.003" classname="com.lmg_dubai.sahlastore.inventory.SStore_TS48104_Inventory_SendStoreTransfer">
    <failure type="org.openqa.selenium.TimeoutException" message="Expected condition failed: waiting for presence of element located by: By.xpath: //android.widget.TextView[@text=&amp;apos;Dispatch&amp;apos;] (tried for 30 second(s) with 500 MILLISECONDS interval)">
      <![CDATA[org.openqa.selenium.TimeoutException: Expected condition failed: waiting for presence of element located by: By.xpath: //android.widget.TextView[@text='Dispatch'] (tried for 30 second(s) with 500 MILLISECONDS interval)
	at org.openqa.selenium.support.ui.WebDriverWait.timeoutException(WebDriverWait.java:82)
	at org.openqa.selenium.support.ui.FluentWait.until(FluentWait.java:231)
	at com.lmg_dubai.sahlastore.library.GenericLib.explicitWait(GenericLib.java:611)
	at com.lmg_dubai.sahlastore.pages.InventoryStoreTransferPage.dispatchPendingTransferLSCPLoc(InventoryStoreTransferPage.java:507)
	at com.lmg_dubai.sahlastore.inventory.SStore_TS48104_Inventory_SendStoreTransfer.ts48104(SStore_TS48104_Inventory_SendStoreTransfer.java:23)
Caused by: org.openqa.selenium.NoSuchElementException: Cannot locate an element using By.xpath: //android.widget.TextView[@text='Dispatch']
For documentation on this error, please visit: http://seleniumhq.org/exceptions/no_such_element.html
Build info: version: '3.7.1', revision: '8a0099a', time: '2017-11-06T21:01:39.354Z'
System info: host: 'LAPTOP-38LR7550', ip: '192.168.0.4', os.name: 'Windows 10', os.arch: 'amd64', os.version: '10.0', java.version: '1.8.0_91'
Driver info: driver.version: unknown
	at org.openqa.selenium.support.ui.ExpectedConditions.lambda$findElement$0(ExpectedConditions.java:882)
	at java.util.Optional.orElseThrow(Unknown Source)
	at org.openqa.selenium.support.ui.ExpectedConditions.findElement(ExpectedConditions.java:881)
	at org.openqa.selenium.support.ui.ExpectedConditions.access$000(ExpectedConditions.java:43)
	at org.openqa.selenium.support.ui.ExpectedConditions$6.apply(ExpectedConditions.java:182)
	at org.openqa.selenium.support.ui.ExpectedConditions$6.apply(ExpectedConditions.java:179)
	at org.openqa.selenium.support.ui.FluentWait.until(FluentWait.java:208)
	... 28 more
... Removed 25 stack frames]]>
    </failure>
  </testcase> <!-- ts48104 -->
  <testcase name="ts48105" time="130.008" classname="com.lmg_dubai.sahlastore.inventory.SStore_TS48105_Inventory_SendStoreTransfer">
    <failure type="org.openqa.selenium.TimeoutException" message="Expected condition failed: waiting for presence of element located by: By.xpath: //android.widget.TextView[@text=&amp;apos;Dispatch&amp;apos;] (tried for 30 second(s) with 500 MILLISECONDS interval)">
      <![CDATA[org.openqa.selenium.TimeoutException: Expected condition failed: waiting for presence of element located by: By.xpath: //android.widget.TextView[@text='Dispatch'] (tried for 30 second(s) with 500 MILLISECONDS interval)
	at org.openqa.selenium.support.ui.WebDriverWait.timeoutException(WebDriverWait.java:82)
	at org.openqa.selenium.support.ui.FluentWait.until(FluentWait.java:231)
	at com.lmg_dubai.sahlastore.library.GenericLib.explicitWait(GenericLib.java:611)
	at com.lmg_dubai.sahlastore.pages.InventoryStoreTransferPage.dispatchPendingTransferSPCPLoc(InventoryStoreTransferPage.java:527)
	at com.lmg_dubai.sahlastore.inventory.SStore_TS48105_Inventory_SendStoreTransfer.ts48105(SStore_TS48105_Inventory_SendStoreTransfer.java:23)
Caused by: org.openqa.selenium.NoSuchElementException: Cannot locate an element using By.xpath: //android.widget.TextView[@text='Dispatch']
For documentation on this error, please visit: http://seleniumhq.org/exceptions/no_such_element.html
Build info: version: '3.7.1', revision: '8a0099a', time: '2017-11-06T21:01:39.354Z'
System info: host: 'LAPTOP-38LR7550', ip: '192.168.0.4', os.name: 'Windows 10', os.arch: 'amd64', os.version: '10.0', java.version: '1.8.0_91'
Driver info: driver.version: unknown
	at org.openqa.selenium.support.ui.ExpectedConditions.lambda$findElement$0(ExpectedConditions.java:882)
	at java.util.Optional.orElseThrow(Unknown Source)
	at org.openqa.selenium.support.ui.ExpectedConditions.findElement(ExpectedConditions.java:881)
	at org.openqa.selenium.support.ui.ExpectedConditions.access$000(ExpectedConditions.java:43)
	at org.openqa.selenium.support.ui.ExpectedConditions$6.apply(ExpectedConditions.java:182)
	at org.openqa.selenium.support.ui.ExpectedConditions$6.apply(ExpectedConditions.java:179)
	at org.openqa.selenium.support.ui.FluentWait.until(FluentWait.java:208)
	... 28 more
... Removed 25 stack frames]]>
    </failure>
  </testcase> <!-- ts48105 -->
  <testcase name="ts48106" time="113.597" classname="com.lmg_dubai.sahlastore.inventory.SStore_TS48106_Inventory_SendStoreTransfer"/>
  <testcase name="ts48107" time="129.993" classname="com.lmg_dubai.sahlastore.inventory.SStore_TS48107_Inventory_SendStoreTransfer"/>
  <testcase name="ts48108" time="95.705" classname="com.lmg_dubai.sahlastore.inventory.SStore_TS48108_Inventory_SendStoreTransfer"/>
  <testcase name="ts48109" time="135.517" classname="com.lmg_dubai.sahlastore.inventory.SStore_TS48109_Inventory_SendStoreTransfer"/>
  <testcase name="ts48110" time="134.657" classname="com.lmg_dubai.sahlastore.inventory.SStore_TS48110_Inventory_SendStoreTransfer"/>
  <testcase name="ts48111" time="140.824" classname="com.lmg_dubai.sahlastore.inventory.SStore_TS48111_Inventory_SendStoreTransfer"/>
  <testcase name="ts48112" time="166.892" classname="com.lmg_dubai.sahlastore.inventory.SStore_TS48112_Inventory_SendStoreTransfer"/>
  <testcase name="ts48113" time="168.063" classname="com.lmg_dubai.sahlastore.inventory.SStore_TS48113_Inventory_SendStoreTransfer"/>
  <testcase name="ts48114" time="211.627" classname="com.lmg_dubai.sahlastore.inventory.SStore_TS48114_Inventory_SendStoreTransfer">
    <failure type="org.openqa.selenium.TimeoutException" message="Expected condition failed: waiting for presence of element located by: By.xpath: //android.widget.TextView[@text=&amp;apos;Dispatch&amp;apos;] (tried for 30 second(s) with 500 MILLISECONDS interval)">
      <![CDATA[org.openqa.selenium.TimeoutException: Expected condition failed: waiting for presence of element located by: By.xpath: //android.widget.TextView[@text='Dispatch'] (tried for 30 second(s) with 500 MILLISECONDS interval)
	at org.openqa.selenium.support.ui.WebDriverWait.timeoutException(WebDriverWait.java:82)
	at org.openqa.selenium.support.ui.FluentWait.until(FluentWait.java:231)
	at com.lmg_dubai.sahlastore.library.GenericLib.explicitWait(GenericLib.java:611)
	at com.lmg_dubai.sahlastore.pages.InventoryStoreTransferPage.dispatchPendingTransferBSStandaloneLoc(InventoryStoreTransferPage.java:872)
	at com.lmg_dubai.sahlastore.inventory.SStore_TS48114_Inventory_SendStoreTransfer.ts48114(SStore_TS48114_Inventory_SendStoreTransfer.java:27)
Caused by: org.openqa.selenium.NoSuchElementException: Cannot locate an element using By.xpath: //android.widget.TextView[@text='Dispatch']
For documentation on this error, please visit: http://seleniumhq.org/exceptions/no_such_element.html
Build info: version: '3.7.1', revision: '8a0099a', time: '2017-11-06T21:01:39.354Z'
System info: host: 'LAPTOP-38LR7550', ip: '192.168.0.4', os.name: 'Windows 10', os.arch: 'amd64', os.version: '10.0', java.version: '1.8.0_91'
Driver info: driver.version: unknown
	at org.openqa.selenium.support.ui.ExpectedConditions.lambda$findElement$0(ExpectedConditions.java:882)
	at java.util.Optional.orElseThrow(Unknown Source)
	at org.openqa.selenium.support.ui.ExpectedConditions.findElement(ExpectedConditions.java:881)
	at org.openqa.selenium.support.ui.ExpectedConditions.access$000(ExpectedConditions.java:43)
	at org.openqa.selenium.support.ui.ExpectedConditions$6.apply(ExpectedConditions.java:182)
	at org.openqa.selenium.support.ui.ExpectedConditions$6.apply(ExpectedConditions.java:179)
	at org.openqa.selenium.support.ui.FluentWait.until(FluentWait.java:208)
	... 28 more
... Removed 25 stack frames]]>
    </failure>
  </testcase> <!-- ts48114 -->
  <testcase name="ts48115" time="209.91" classname="com.lmg_dubai.sahlastore.inventory.SStore_TS48115_Inventory_SendStoreTransfer">
    <failure type="org.openqa.selenium.TimeoutException" message="Expected condition failed: waiting for presence of element located by: By.xpath: //android.widget.TextView[@text=&amp;apos;Dispatch&amp;apos;] (tried for 30 second(s) with 500 MILLISECONDS interval)">
      <![CDATA[org.openqa.selenium.TimeoutException: Expected condition failed: waiting for presence of element located by: By.xpath: //android.widget.TextView[@text='Dispatch'] (tried for 30 second(s) with 500 MILLISECONDS interval)
	at org.openqa.selenium.support.ui.WebDriverWait.timeoutException(WebDriverWait.java:82)
	at org.openqa.selenium.support.ui.FluentWait.until(FluentWait.java:231)
	at com.lmg_dubai.sahlastore.library.GenericLib.explicitWait(GenericLib.java:611)
	at com.lmg_dubai.sahlastore.pages.InventoryStoreTransferPage.dispatchPendingTransferLSStandaloneLoc(InventoryStoreTransferPage.java:901)
	at com.lmg_dubai.sahlastore.inventory.SStore_TS48115_Inventory_SendStoreTransfer.ts48115(SStore_TS48115_Inventory_SendStoreTransfer.java:26)
Caused by: org.openqa.selenium.NoSuchElementException: Cannot locate an element using By.xpath: //android.widget.TextView[@text='Dispatch']
For documentation on this error, please visit: http://seleniumhq.org/exceptions/no_such_element.html
Build info: version: '3.7.1', revision: '8a0099a', time: '2017-11-06T21:01:39.354Z'
System info: host: 'LAPTOP-38LR7550', ip: '192.168.0.4', os.name: 'Windows 10', os.arch: 'amd64', os.version: '10.0', java.version: '1.8.0_91'
Driver info: driver.version: unknown
	at org.openqa.selenium.support.ui.ExpectedConditions.lambda$findElement$0(ExpectedConditions.java:882)
	at java.util.Optional.orElseThrow(Unknown Source)
	at org.openqa.selenium.support.ui.ExpectedConditions.findElement(ExpectedConditions.java:881)
	at org.openqa.selenium.support.ui.ExpectedConditions.access$000(ExpectedConditions.java:43)
	at org.openqa.selenium.support.ui.ExpectedConditions$6.apply(ExpectedConditions.java:182)
	at org.openqa.selenium.support.ui.ExpectedConditions$6.apply(ExpectedConditions.java:179)
	at org.openqa.selenium.support.ui.FluentWait.until(FluentWait.java:208)
	... 28 more
... Removed 25 stack frames]]>
    </failure>
  </testcase> <!-- ts48115 -->
  <testcase name="ts48116" time="240.588" classname="com.lmg_dubai.sahlastore.inventory.SStore_TS48116_Inventory_SendStoreTransfer">
    <failure type="org.openqa.selenium.TimeoutException" message="Expected condition failed: waiting for presence of element located by: By.xpath: //android.widget.TextView[@text=&amp;apos;Dispatch&amp;apos;] (tried for 30 second(s) with 500 MILLISECONDS interval)">
      <![CDATA[org.openqa.selenium.TimeoutException: Expected condition failed: waiting for presence of element located by: By.xpath: //android.widget.TextView[@text='Dispatch'] (tried for 30 second(s) with 500 MILLISECONDS interval)
	at org.openqa.selenium.support.ui.WebDriverWait.timeoutException(WebDriverWait.java:82)
	at org.openqa.selenium.support.ui.FluentWait.until(FluentWait.java:231)
	at com.lmg_dubai.sahlastore.library.GenericLib.explicitWait(GenericLib.java:611)
	at com.lmg_dubai.sahlastore.pages.InventoryStoreTransferPage.dispatchPendingTransferSMStandaloneLoc(InventoryStoreTransferPage.java:929)
	at com.lmg_dubai.sahlastore.inventory.SStore_TS48116_Inventory_SendStoreTransfer.ts48116(SStore_TS48116_Inventory_SendStoreTransfer.java:26)
Caused by: org.openqa.selenium.NoSuchElementException: Cannot locate an element using By.xpath: //android.widget.TextView[@text='Dispatch']
For documentation on this error, please visit: http://seleniumhq.org/exceptions/no_such_element.html
Build info: version: '3.7.1', revision: '8a0099a', time: '2017-11-06T21:01:39.354Z'
System info: host: 'LAPTOP-38LR7550', ip: '192.168.0.4', os.name: 'Windows 10', os.arch: 'amd64', os.version: '10.0', java.version: '1.8.0_91'
Driver info: driver.version: unknown
	at org.openqa.selenium.support.ui.ExpectedConditions.lambda$findElement$0(ExpectedConditions.java:882)
	at java.util.Optional.orElseThrow(Unknown Source)
	at org.openqa.selenium.support.ui.ExpectedConditions.findElement(ExpectedConditions.java:881)
	at org.openqa.selenium.support.ui.ExpectedConditions.access$000(ExpectedConditions.java:43)
	at org.openqa.selenium.support.ui.ExpectedConditions$6.apply(ExpectedConditions.java:182)
	at org.openqa.selenium.support.ui.ExpectedConditions$6.apply(ExpectedConditions.java:179)
	at org.openqa.selenium.support.ui.FluentWait.until(FluentWait.java:208)
	... 28 more
... Removed 25 stack frames]]>
    </failure>
  </testcase> <!-- ts48116 -->
  <testcase name="ts48117" time="239.863" classname="com.lmg_dubai.sahlastore.inventory.SStore_TS48117_Inventory_SendStoreTransfer">
    <failure type="org.openqa.selenium.TimeoutException" message="Expected condition failed: waiting for presence of element located by: By.xpath: //android.widget.TextView[@text=&amp;apos;Dispatch&amp;apos;] (tried for 30 second(s) with 500 MILLISECONDS interval)">
      <![CDATA[org.openqa.selenium.TimeoutException: Expected condition failed: waiting for presence of element located by: By.xpath: //android.widget.TextView[@text='Dispatch'] (tried for 30 second(s) with 500 MILLISECONDS interval)
	at org.openqa.selenium.support.ui.WebDriverWait.timeoutException(WebDriverWait.java:82)
	at org.openqa.selenium.support.ui.FluentWait.until(FluentWait.java:231)
	at com.lmg_dubai.sahlastore.library.GenericLib.explicitWait(GenericLib.java:611)
	at com.lmg_dubai.sahlastore.pages.InventoryStoreTransferPage.dispatchPendingTransferSPStandaloneLoc(InventoryStoreTransferPage.java:957)
	at com.lmg_dubai.sahlastore.inventory.SStore_TS48117_Inventory_SendStoreTransfer.ts48117(SStore_TS48117_Inventory_SendStoreTransfer.java:26)
Caused by: org.openqa.selenium.NoSuchElementException: Cannot locate an element using By.xpath: //android.widget.TextView[@text='Dispatch']
For documentation on this error, please visit: http://seleniumhq.org/exceptions/no_such_element.html
Build info: version: '3.7.1', revision: '8a0099a', time: '2017-11-06T21:01:39.354Z'
System info: host: 'LAPTOP-38LR7550', ip: '192.168.0.4', os.name: 'Windows 10', os.arch: 'amd64', os.version: '10.0', java.version: '1.8.0_91'
Driver info: driver.version: unknown
	at org.openqa.selenium.support.ui.ExpectedConditions.lambda$findElement$0(ExpectedConditions.java:882)
	at java.util.Optional.orElseThrow(Unknown Source)
	at org.openqa.selenium.support.ui.ExpectedConditions.findElement(ExpectedConditions.java:881)
	at org.openqa.selenium.support.ui.ExpectedConditions.access$000(ExpectedConditions.java:43)
	at org.openqa.selenium.support.ui.ExpectedConditions$6.apply(ExpectedConditions.java:182)
	at org.openqa.selenium.support.ui.ExpectedConditions$6.apply(ExpectedConditions.java:179)
	at org.openqa.selenium.support.ui.FluentWait.until(FluentWait.java:208)
	... 28 more
... Removed 25 stack frames]]>
    </failure>
  </testcase> <!-- ts48117 -->
  <testcase name="ts48130" time="86.56" classname="com.lmg_dubai.sahlastore.inventory.SStore_TS48130_Inventory_SendStoreTransfer"/>
  <testcase name="ts48139" time="193.3" classname="com.lmg_dubai.sahlastore.inventory.SStore_TS48139_Inventory_ReceiveTransferIn">
    <failure type="org.openqa.selenium.TimeoutException" message="Expected condition failed: waiting for presence of element located by: By.xpath: //android.widget.TextView[@text=&amp;apos;Dispatch&amp;apos;] (tried for 30 second(s) with 500 MILLISECONDS interval)">
      <![CDATA[org.openqa.selenium.TimeoutException: Expected condition failed: waiting for presence of element located by: By.xpath: //android.widget.TextView[@text='Dispatch'] (tried for 30 second(s) with 500 MILLISECONDS interval)
	at org.openqa.selenium.support.ui.WebDriverWait.timeoutException(WebDriverWait.java:82)
	at org.openqa.selenium.support.ui.FluentWait.until(FluentWait.java:231)
	at com.lmg_dubai.sahlastore.library.GenericLib.explicitWait(GenericLib.java:611)
	at com.lmg_dubai.sahlastore.pages.InventoryStoreTransferPage.dispatchPendingTransferBSCPLoc(InventoryStoreTransferPage.java:467)
	at com.lmg_dubai.sahlastore.inventory.SStore_TS48139_Inventory_ReceiveTransferIn.ts48139(SStore_TS48139_Inventory_ReceiveTransferIn.java:29)
Caused by: org.openqa.selenium.NoSuchElementException: Cannot locate an element using By.xpath: //android.widget.TextView[@text='Dispatch']
For documentation on this error, please visit: http://seleniumhq.org/exceptions/no_such_element.html
Build info: version: '3.7.1', revision: '8a0099a', time: '2017-11-06T21:01:39.354Z'
System info: host: 'LAPTOP-38LR7550', ip: '192.168.0.4', os.name: 'Windows 10', os.arch: 'amd64', os.version: '10.0', java.version: '1.8.0_91'
Driver info: driver.version: unknown
	at org.openqa.selenium.support.ui.ExpectedConditions.lambda$findElement$0(ExpectedConditions.java:882)
	at java.util.Optional.orElseThrow(Unknown Source)
	at org.openqa.selenium.support.ui.ExpectedConditions.findElement(ExpectedConditions.java:881)
	at org.openqa.selenium.support.ui.ExpectedConditions.access$000(ExpectedConditions.java:43)
	at org.openqa.selenium.support.ui.ExpectedConditions$6.apply(ExpectedConditions.java:182)
	at org.openqa.selenium.support.ui.ExpectedConditions$6.apply(ExpectedConditions.java:179)
	at org.openqa.selenium.support.ui.FluentWait.until(FluentWait.java:208)
	... 28 more
... Removed 25 stack frames]]>
    </failure>
  </testcase> <!-- ts48139 -->
  <testcase name="ts48141" time="203.386" classname="com.lmg_dubai.sahlastore.inventory.SStore_TS48141_Inventory_ReceiveTransferIn">
    <failure type="org.openqa.selenium.TimeoutException" message="Expected condition failed: waiting for presence of element located by: By.xpath: //android.widget.TextView[@text=&amp;apos;Dispatch&amp;apos;] (tried for 30 second(s) with 500 MILLISECONDS interval)">
      <![CDATA[org.openqa.selenium.TimeoutException: Expected condition failed: waiting for presence of element located by: By.xpath: //android.widget.TextView[@text='Dispatch'] (tried for 30 second(s) with 500 MILLISECONDS interval)
	at org.openqa.selenium.support.ui.WebDriverWait.timeoutException(WebDriverWait.java:82)
	at org.openqa.selenium.support.ui.FluentWait.until(FluentWait.java:231)
	at com.lmg_dubai.sahlastore.library.GenericLib.explicitWait(GenericLib.java:611)
	at com.lmg_dubai.sahlastore.pages.InventoryStoreTransferPage.dispatchPendingTransferLSCPLoc(InventoryStoreTransferPage.java:507)
	at com.lmg_dubai.sahlastore.inventory.SStore_TS48141_Inventory_ReceiveTransferIn.ts48141(SStore_TS48141_Inventory_ReceiveTransferIn.java:29)
Caused by: org.openqa.selenium.NoSuchElementException: Cannot locate an element using By.xpath: //android.widget.TextView[@text='Dispatch']
For documentation on this error, please visit: http://seleniumhq.org/exceptions/no_such_element.html
Build info: version: '3.7.1', revision: '8a0099a', time: '2017-11-06T21:01:39.354Z'
System info: host: 'LAPTOP-38LR7550', ip: '192.168.0.4', os.name: 'Windows 10', os.arch: 'amd64', os.version: '10.0', java.version: '1.8.0_91'
Driver info: driver.version: unknown
	at org.openqa.selenium.support.ui.ExpectedConditions.lambda$findElement$0(ExpectedConditions.java:882)
	at java.util.Optional.orElseThrow(Unknown Source)
	at org.openqa.selenium.support.ui.ExpectedConditions.findElement(ExpectedConditions.java:881)
	at org.openqa.selenium.support.ui.ExpectedConditions.access$000(ExpectedConditions.java:43)
	at org.openqa.selenium.support.ui.ExpectedConditions$6.apply(ExpectedConditions.java:182)
	at org.openqa.selenium.support.ui.ExpectedConditions$6.apply(ExpectedConditions.java:179)
	at org.openqa.selenium.support.ui.FluentWait.until(FluentWait.java:208)
	... 28 more
... Removed 25 stack frames]]>
    </failure>
  </testcase> <!-- ts48141 -->
  <testcase name="ts48142" time="239.593" classname="com.lmg_dubai.sahlastore.inventory.SStore_TS48142_Inventory_ReceiveTransferIn">
    <failure type="org.openqa.selenium.TimeoutException" message="Expected condition failed: waiting for presence of element located by: By.xpath: //android.widget.TextView[@text=&amp;apos;Dispatch&amp;apos;] (tried for 30 second(s) with 500 MILLISECONDS interval)">
      <![CDATA[org.openqa.selenium.TimeoutException: Expected condition failed: waiting for presence of element located by: By.xpath: //android.widget.TextView[@text='Dispatch'] (tried for 30 second(s) with 500 MILLISECONDS interval)
	at org.openqa.selenium.support.ui.WebDriverWait.timeoutException(WebDriverWait.java:82)
	at org.openqa.selenium.support.ui.FluentWait.until(FluentWait.java:231)
	at com.lmg_dubai.sahlastore.library.GenericLib.explicitWait(GenericLib.java:611)
	at com.lmg_dubai.sahlastore.pages.InventoryStoreTransferPage.dispatchPendingTransferSMCPLoc(InventoryStoreTransferPage.java:487)
	at com.lmg_dubai.sahlastore.inventory.SStore_TS48142_Inventory_ReceiveTransferIn.ts48142(SStore_TS48142_Inventory_ReceiveTransferIn.java:29)
Caused by: org.openqa.selenium.NoSuchElementException: Cannot locate an element using By.xpath: //android.widget.TextView[@text='Dispatch']
For documentation on this error, please visit: http://seleniumhq.org/exceptions/no_such_element.html
Build info: version: '3.7.1', revision: '8a0099a', time: '2017-11-06T21:01:39.354Z'
System info: host: 'LAPTOP-38LR7550', ip: '192.168.0.4', os.name: 'Windows 10', os.arch: 'amd64', os.version: '10.0', java.version: '1.8.0_91'
Driver info: driver.version: unknown
	at org.openqa.selenium.support.ui.ExpectedConditions.lambda$findElement$0(ExpectedConditions.java:882)
	at java.util.Optional.orElseThrow(Unknown Source)
	at org.openqa.selenium.support.ui.ExpectedConditions.findElement(ExpectedConditions.java:881)
	at org.openqa.selenium.support.ui.ExpectedConditions.access$000(ExpectedConditions.java:43)
	at org.openqa.selenium.support.ui.ExpectedConditions$6.apply(ExpectedConditions.java:182)
	at org.openqa.selenium.support.ui.ExpectedConditions$6.apply(ExpectedConditions.java:179)
	at org.openqa.selenium.support.ui.FluentWait.until(FluentWait.java:208)
	... 28 more
... Removed 25 stack frames]]>
    </failure>
  </testcase> <!-- ts48142 -->
  <testcase name="ts48143" time="237.765" classname="com.lmg_dubai.sahlastore.inventory.SStore_TS48143_Inventory_ReceiveTransferIn">
    <failure type="org.openqa.selenium.TimeoutException" message="Expected condition failed: waiting for presence of element located by: By.xpath: //android.widget.TextView[@text=&amp;apos;Dispatch&amp;apos;] (tried for 30 second(s) with 500 MILLISECONDS interval)">
      <![CDATA[org.openqa.selenium.TimeoutException: Expected condition failed: waiting for presence of element located by: By.xpath: //android.widget.TextView[@text='Dispatch'] (tried for 30 second(s) with 500 MILLISECONDS interval)
	at org.openqa.selenium.support.ui.WebDriverWait.timeoutException(WebDriverWait.java:82)
	at org.openqa.selenium.support.ui.FluentWait.until(FluentWait.java:231)
	at com.lmg_dubai.sahlastore.library.GenericLib.explicitWait(GenericLib.java:611)
	at com.lmg_dubai.sahlastore.pages.InventoryStoreTransferPage.dispatchPendingTransferSPCPLoc(InventoryStoreTransferPage.java:527)
	at com.lmg_dubai.sahlastore.inventory.SStore_TS48143_Inventory_ReceiveTransferIn.ts48143(SStore_TS48143_Inventory_ReceiveTransferIn.java:29)
Caused by: org.openqa.selenium.NoSuchElementException: Cannot locate an element using By.xpath: //android.widget.TextView[@text='Dispatch']
For documentation on this error, please visit: http://seleniumhq.org/exceptions/no_such_element.html
Build info: version: '3.7.1', revision: '8a0099a', time: '2017-11-06T21:01:39.354Z'
System info: host: 'LAPTOP-38LR7550', ip: '192.168.0.4', os.name: 'Windows 10', os.arch: 'amd64', os.version: '10.0', java.version: '1.8.0_91'
Driver info: driver.version: unknown
	at org.openqa.selenium.support.ui.ExpectedConditions.lambda$findElement$0(ExpectedConditions.java:882)
	at java.util.Optional.orElseThrow(Unknown Source)
	at org.openqa.selenium.support.ui.ExpectedConditions.findElement(ExpectedConditions.java:881)
	at org.openqa.selenium.support.ui.ExpectedConditions.access$000(ExpectedConditions.java:43)
	at org.openqa.selenium.support.ui.ExpectedConditions$6.apply(ExpectedConditions.java:182)
	at org.openqa.selenium.support.ui.ExpectedConditions$6.apply(ExpectedConditions.java:179)
	at org.openqa.selenium.support.ui.FluentWait.until(FluentWait.java:208)
	... 28 more
... Removed 25 stack frames]]>
    </failure>
  </testcase> <!-- ts48143 -->
  <testcase name="ts48144" time="204.437" classname="com.lmg_dubai.sahlastore.inventory.SStore_TS48144_Inventory_ReceiveTransferIn">
    <failure type="org.openqa.selenium.TimeoutException" message="Expected condition failed: waiting for presence of element located by: By.xpath: //android.widget.TextView[@text=&amp;apos;Dispatch&amp;apos;] (tried for 30 second(s) with 500 MILLISECONDS interval)">
      <![CDATA[org.openqa.selenium.TimeoutException: Expected condition failed: waiting for presence of element located by: By.xpath: //android.widget.TextView[@text='Dispatch'] (tried for 30 second(s) with 500 MILLISECONDS interval)
	at org.openqa.selenium.support.ui.WebDriverWait.timeoutException(WebDriverWait.java:82)
	at org.openqa.selenium.support.ui.FluentWait.until(FluentWait.java:231)
	at com.lmg_dubai.sahlastore.library.GenericLib.explicitWait(GenericLib.java:611)
	at com.lmg_dubai.sahlastore.pages.InventoryStoreTransferPage.dispatchPendingTransferBSStandaloneLoc(InventoryStoreTransferPage.java:872)
	at com.lmg_dubai.sahlastore.inventory.SStore_TS48144_Inventory_ReceiveTransferIn.ts48144(SStore_TS48144_Inventory_ReceiveTransferIn.java:29)
Caused by: org.openqa.selenium.NoSuchElementException: Cannot locate an element using By.xpath: //android.widget.TextView[@text='Dispatch']
For documentation on this error, please visit: http://seleniumhq.org/exceptions/no_such_element.html
Build info: version: '3.7.1', revision: '8a0099a', time: '2017-11-06T21:01:39.354Z'
System info: host: 'LAPTOP-38LR7550', ip: '192.168.0.4', os.name: 'Windows 10', os.arch: 'amd64', os.version: '10.0', java.version: '1.8.0_91'
Driver info: driver.version: unknown
	at org.openqa.selenium.support.ui.ExpectedConditions.lambda$findElement$0(ExpectedConditions.java:882)
	at java.util.Optional.orElseThrow(Unknown Source)
	at org.openqa.selenium.support.ui.ExpectedConditions.findElement(ExpectedConditions.java:881)
	at org.openqa.selenium.support.ui.ExpectedConditions.access$000(ExpectedConditions.java:43)
	at org.openqa.selenium.support.ui.ExpectedConditions$6.apply(ExpectedConditions.java:182)
	at org.openqa.selenium.support.ui.ExpectedConditions$6.apply(ExpectedConditions.java:179)
	at org.openqa.selenium.support.ui.FluentWait.until(FluentWait.java:208)
	... 28 more
... Removed 25 stack frames]]>
    </failure>
  </testcase> <!-- ts48144 -->
  <testcase name="ts48145" time="249.927" classname="com.lmg_dubai.sahlastore.inventory.SStore_TS48145_Inventory_ReceiveTransferIn">
    <failure type="org.openqa.selenium.TimeoutException" message="Expected condition failed: waiting for presence of element located by: By.xpath: //android.widget.TextView[@text=&amp;apos;Dispatch&amp;apos;] (tried for 30 second(s) with 500 MILLISECONDS interval)">
      <![CDATA[org.openqa.selenium.TimeoutException: Expected condition failed: waiting for presence of element located by: By.xpath: //android.widget.TextView[@text='Dispatch'] (tried for 30 second(s) with 500 MILLISECONDS interval)
	at org.openqa.selenium.support.ui.WebDriverWait.timeoutException(WebDriverWait.java:82)
	at org.openqa.selenium.support.ui.FluentWait.until(FluentWait.java:231)
	at com.lmg_dubai.sahlastore.library.GenericLib.explicitWait(GenericLib.java:611)
	at com.lmg_dubai.sahlastore.pages.InventoryStoreTransferPage.dispatchPendingTransferSMStandaloneLoc(InventoryStoreTransferPage.java:929)
	at com.lmg_dubai.sahlastore.inventory.SStore_TS48145_Inventory_ReceiveTransferIn.ts48145(SStore_TS48145_Inventory_ReceiveTransferIn.java:29)
Caused by: org.openqa.selenium.NoSuchElementException: Cannot locate an element using By.xpath: //android.widget.TextView[@text='Dispatch']
For documentation on this error, please visit: http://seleniumhq.org/exceptions/no_such_element.html
Build info: version: '3.7.1', revision: '8a0099a', time: '2017-11-06T21:01:39.354Z'
System info: host: 'LAPTOP-38LR7550', ip: '192.168.0.4', os.name: 'Windows 10', os.arch: 'amd64', os.version: '10.0', java.version: '1.8.0_91'
Driver info: driver.version: unknown
	at org.openqa.selenium.support.ui.ExpectedConditions.lambda$findElement$0(ExpectedConditions.java:882)
	at java.util.Optional.orElseThrow(Unknown Source)
	at org.openqa.selenium.support.ui.ExpectedConditions.findElement(ExpectedConditions.java:881)
	at org.openqa.selenium.support.ui.ExpectedConditions.access$000(ExpectedConditions.java:43)
	at org.openqa.selenium.support.ui.ExpectedConditions$6.apply(ExpectedConditions.java:182)
	at org.openqa.selenium.support.ui.ExpectedConditions$6.apply(ExpectedConditions.java:179)
	at org.openqa.selenium.support.ui.FluentWait.until(FluentWait.java:208)
	... 28 more
... Removed 25 stack frames]]>
    </failure>
  </testcase> <!-- ts48145 -->
  <testcase name="ts48146" time="218.06" classname="com.lmg_dubai.sahlastore.inventory.SStore_TS48146_Inventory_ReceiveTransferIn">
    <failure type="org.openqa.selenium.TimeoutException" message="Expected condition failed: waiting for presence of element located by: By.xpath: //android.widget.TextView[@text=&amp;apos;Dispatch&amp;apos;] (tried for 30 second(s) with 500 MILLISECONDS interval)">
      <![CDATA[org.openqa.selenium.TimeoutException: Expected condition failed: waiting for presence of element located by: By.xpath: //android.widget.TextView[@text='Dispatch'] (tried for 30 second(s) with 500 MILLISECONDS interval)
	at org.openqa.selenium.support.ui.WebDriverWait.timeoutException(WebDriverWait.java:82)
	at org.openqa.selenium.support.ui.FluentWait.until(FluentWait.java:231)
	at com.lmg_dubai.sahlastore.library.GenericLib.explicitWait(GenericLib.java:611)
	at com.lmg_dubai.sahlastore.pages.InventoryStoreTransferPage.dispatchPendingTransferLSStandaloneLoc(InventoryStoreTransferPage.java:901)
	at com.lmg_dubai.sahlastore.inventory.SStore_TS48146_Inventory_ReceiveTransferIn.ts48146(SStore_TS48146_Inventory_ReceiveTransferIn.java:29)
Caused by: org.openqa.selenium.NoSuchElementException: Cannot locate an element using By.xpath: //android.widget.TextView[@text='Dispatch']
For documentation on this error, please visit: http://seleniumhq.org/exceptions/no_such_element.html
Build info: version: '3.7.1', revision: '8a0099a', time: '2017-11-06T21:01:39.354Z'
System info: host: 'LAPTOP-38LR7550', ip: '192.168.0.4', os.name: 'Windows 10', os.arch: 'amd64', os.version: '10.0', java.version: '1.8.0_91'
Driver info: driver.version: unknown
	at org.openqa.selenium.support.ui.ExpectedConditions.lambda$findElement$0(ExpectedConditions.java:882)
	at java.util.Optional.orElseThrow(Unknown Source)
	at org.openqa.selenium.support.ui.ExpectedConditions.findElement(ExpectedConditions.java:881)
	at org.openqa.selenium.support.ui.ExpectedConditions.access$000(ExpectedConditions.java:43)
	at org.openqa.selenium.support.ui.ExpectedConditions$6.apply(ExpectedConditions.java:182)
	at org.openqa.selenium.support.ui.ExpectedConditions$6.apply(ExpectedConditions.java:179)
	at org.openqa.selenium.support.ui.FluentWait.until(FluentWait.java:208)
	... 28 more
... Removed 25 stack frames]]>
    </failure>
  </testcase> <!-- ts48146 -->
  <testcase name="ts48147" time="243.206" classname="com.lmg_dubai.sahlastore.inventory.SStore_TS48147_Inventory_ReceiveTransferIn">
    <failure type="org.openqa.selenium.TimeoutException" message="Expected condition failed: waiting for presence of element located by: By.xpath: //android.widget.TextView[@text=&amp;apos;Dispatch&amp;apos;] (tried for 30 second(s) with 500 MILLISECONDS interval)">
      <![CDATA[org.openqa.selenium.TimeoutException: Expected condition failed: waiting for presence of element located by: By.xpath: //android.widget.TextView[@text='Dispatch'] (tried for 30 second(s) with 500 MILLISECONDS interval)
	at org.openqa.selenium.support.ui.WebDriverWait.timeoutException(WebDriverWait.java:82)
	at org.openqa.selenium.support.ui.FluentWait.until(FluentWait.java:231)
	at com.lmg_dubai.sahlastore.library.GenericLib.explicitWait(GenericLib.java:611)
	at com.lmg_dubai.sahlastore.pages.InventoryStoreTransferPage.dispatchPendingTransferSPStandaloneLoc(InventoryStoreTransferPage.java:957)
	at com.lmg_dubai.sahlastore.inventory.SStore_TS48147_Inventory_ReceiveTransferIn.ts48147(SStore_TS48147_Inventory_ReceiveTransferIn.java:29)
Caused by: org.openqa.selenium.NoSuchElementException: Cannot locate an element using By.xpath: //android.widget.TextView[@text='Dispatch']
For documentation on this error, please visit: http://seleniumhq.org/exceptions/no_such_element.html
Build info: version: '3.7.1', revision: '8a0099a', time: '2017-11-06T21:01:39.354Z'
System info: host: 'LAPTOP-38LR7550', ip: '192.168.0.4', os.name: 'Windows 10', os.arch: 'amd64', os.version: '10.0', java.version: '1.8.0_91'
Driver info: driver.version: unknown
	at org.openqa.selenium.support.ui.ExpectedConditions.lambda$findElement$0(ExpectedConditions.java:882)
	at java.util.Optional.orElseThrow(Unknown Source)
	at org.openqa.selenium.support.ui.ExpectedConditions.findElement(ExpectedConditions.java:881)
	at org.openqa.selenium.support.ui.ExpectedConditions.access$000(ExpectedConditions.java:43)
	at org.openqa.selenium.support.ui.ExpectedConditions$6.apply(ExpectedConditions.java:182)
	at org.openqa.selenium.support.ui.ExpectedConditions$6.apply(ExpectedConditions.java:179)
	at org.openqa.selenium.support.ui.FluentWait.until(FluentWait.java:208)
	... 28 more
... Removed 25 stack frames]]>
    </failure>
  </testcase> <!-- ts48147 -->
  <testcase name="ts48149" time="208.619" classname="com.lmg_dubai.sahlastore.inventory.SStore_TS48149_Inventory_ReceiveTransferIn">
    <failure type="org.openqa.selenium.TimeoutException" message="Expected condition failed: waiting for presence of element located by: By.xpath: //android.widget.TextView[@text=&amp;apos;Dispatch&amp;apos;] (tried for 30 second(s) with 500 MILLISECONDS interval)">
      <![CDATA[org.openqa.selenium.TimeoutException: Expected condition failed: waiting for presence of element located by: By.xpath: //android.widget.TextView[@text='Dispatch'] (tried for 30 second(s) with 500 MILLISECONDS interval)
	at org.openqa.selenium.support.ui.WebDriverWait.timeoutException(WebDriverWait.java:82)
	at org.openqa.selenium.support.ui.FluentWait.until(FluentWait.java:231)
	at com.lmg_dubai.sahlastore.library.GenericLib.explicitWait(GenericLib.java:611)
	at com.lmg_dubai.sahlastore.pages.InventoryStoreTransferPage.dispatchPendingTransferLSCPLoc(InventoryStoreTransferPage.java:507)
	at com.lmg_dubai.sahlastore.inventory.SStore_TS48149_Inventory_ReceiveTransferIn.ts48149(SStore_TS48149_Inventory_ReceiveTransferIn.java:29)
Caused by: org.openqa.selenium.NoSuchElementException: Cannot locate an element using By.xpath: //android.widget.TextView[@text='Dispatch']
For documentation on this error, please visit: http://seleniumhq.org/exceptions/no_such_element.html
Build info: version: '3.7.1', revision: '8a0099a', time: '2017-11-06T21:01:39.354Z'
System info: host: 'LAPTOP-38LR7550', ip: '192.168.0.4', os.name: 'Windows 10', os.arch: 'amd64', os.version: '10.0', java.version: '1.8.0_91'
Driver info: driver.version: unknown
	at org.openqa.selenium.support.ui.ExpectedConditions.lambda$findElement$0(ExpectedConditions.java:882)
	at java.util.Optional.orElseThrow(Unknown Source)
	at org.openqa.selenium.support.ui.ExpectedConditions.findElement(ExpectedConditions.java:881)
	at org.openqa.selenium.support.ui.ExpectedConditions.access$000(ExpectedConditions.java:43)
	at org.openqa.selenium.support.ui.ExpectedConditions$6.apply(ExpectedConditions.java:182)
	at org.openqa.selenium.support.ui.ExpectedConditions$6.apply(ExpectedConditions.java:179)
	at org.openqa.selenium.support.ui.FluentWait.until(FluentWait.java:208)
	... 28 more
... Removed 25 stack frames]]>
    </failure>
  </testcase> <!-- ts48149 -->
  <testcase name="ts48155" time="196.411" classname="com.lmg_dubai.sahlastore.inventory.SStore_TS48155_Inventory_ReceiveTransferIn">
    <failure type="org.openqa.selenium.TimeoutException" message="Expected condition failed: waiting for presence of element located by: By.xpath: //android.widget.TextView[@text=&amp;apos;Dispatch&amp;apos;] (tried for 30 second(s) with 500 MILLISECONDS interval)">
      <![CDATA[org.openqa.selenium.TimeoutException: Expected condition failed: waiting for presence of element located by: By.xpath: //android.widget.TextView[@text='Dispatch'] (tried for 30 second(s) with 500 MILLISECONDS interval)
	at org.openqa.selenium.support.ui.WebDriverWait.timeoutException(WebDriverWait.java:82)
	at org.openqa.selenium.support.ui.FluentWait.until(FluentWait.java:231)
	at com.lmg_dubai.sahlastore.library.GenericLib.explicitWait(GenericLib.java:611)
	at com.lmg_dubai.sahlastore.pages.InventoryStoreTransferPage.dispatchPendingTransferBSCPLoc(InventoryStoreTransferPage.java:467)
	at com.lmg_dubai.sahlastore.inventory.SStore_TS48155_Inventory_ReceiveTransferIn.ts48155(SStore_TS48155_Inventory_ReceiveTransferIn.java:29)
Caused by: org.openqa.selenium.NoSuchElementException: Cannot locate an element using By.xpath: //android.widget.TextView[@text='Dispatch']
For documentation on this error, please visit: http://seleniumhq.org/exceptions/no_such_element.html
Build info: version: '3.7.1', revision: '8a0099a', time: '2017-11-06T21:01:39.354Z'
System info: host: 'LAPTOP-38LR7550', ip: '192.168.0.4', os.name: 'Windows 10', os.arch: 'amd64', os.version: '10.0', java.version: '1.8.0_91'
Driver info: driver.version: unknown
	at org.openqa.selenium.support.ui.ExpectedConditions.lambda$findElement$0(ExpectedConditions.java:882)
	at java.util.Optional.orElseThrow(Unknown Source)
	at org.openqa.selenium.support.ui.ExpectedConditions.findElement(ExpectedConditions.java:881)
	at org.openqa.selenium.support.ui.ExpectedConditions.access$000(ExpectedConditions.java:43)
	at org.openqa.selenium.support.ui.ExpectedConditions$6.apply(ExpectedConditions.java:182)
	at org.openqa.selenium.support.ui.ExpectedConditions$6.apply(ExpectedConditions.java:179)
	at org.openqa.selenium.support.ui.FluentWait.until(FluentWait.java:208)
	... 28 more
... Removed 25 stack frames]]>
    </failure>
  </testcase> <!-- ts48155 -->
  <testcase name="ts48157" time="204.986" classname="com.lmg_dubai.sahlastore.inventory.SStore_TS48157_Inventory_ReceiveTransferIn">
    <failure type="org.openqa.selenium.TimeoutException" message="Expected condition failed: waiting for presence of element located by: By.xpath: //android.widget.TextView[@text=&amp;apos;Dispatch&amp;apos;] (tried for 30 second(s) with 500 MILLISECONDS interval)">
      <![CDATA[org.openqa.selenium.TimeoutException: Expected condition failed: waiting for presence of element located by: By.xpath: //android.widget.TextView[@text='Dispatch'] (tried for 30 second(s) with 500 MILLISECONDS interval)
	at org.openqa.selenium.support.ui.WebDriverWait.timeoutException(WebDriverWait.java:82)
	at org.openqa.selenium.support.ui.FluentWait.until(FluentWait.java:231)
	at com.lmg_dubai.sahlastore.library.GenericLib.explicitWait(GenericLib.java:611)
	at com.lmg_dubai.sahlastore.pages.InventoryStoreTransferPage.dispatchPendingTransferBSStandaloneLoc(InventoryStoreTransferPage.java:872)
	at com.lmg_dubai.sahlastore.inventory.SStore_TS48157_Inventory_ReceiveTransferIn.ts48157(SStore_TS48157_Inventory_ReceiveTransferIn.java:29)
Caused by: org.openqa.selenium.NoSuchElementException: Cannot locate an element using By.xpath: //android.widget.TextView[@text='Dispatch']
For documentation on this error, please visit: http://seleniumhq.org/exceptions/no_such_element.html
Build info: version: '3.7.1', revision: '8a0099a', time: '2017-11-06T21:01:39.354Z'
System info: host: 'LAPTOP-38LR7550', ip: '192.168.0.4', os.name: 'Windows 10', os.arch: 'amd64', os.version: '10.0', java.version: '1.8.0_91'
Driver info: driver.version: unknown
	at org.openqa.selenium.support.ui.ExpectedConditions.lambda$findElement$0(ExpectedConditions.java:882)
	at java.util.Optional.orElseThrow(Unknown Source)
	at org.openqa.selenium.support.ui.ExpectedConditions.findElement(ExpectedConditions.java:881)
	at org.openqa.selenium.support.ui.ExpectedConditions.access$000(ExpectedConditions.java:43)
	at org.openqa.selenium.support.ui.ExpectedConditions$6.apply(ExpectedConditions.java:182)
	at org.openqa.selenium.support.ui.ExpectedConditions$6.apply(ExpectedConditions.java:179)
	at org.openqa.selenium.support.ui.FluentWait.until(FluentWait.java:208)
	... 28 more
... Removed 25 stack frames]]>
    </failure>
  </testcase> <!-- ts48157 -->
  <testcase name="ts48158" time="170.553" classname="com.lmg_dubai.sahlastore.inventory.SStore_TS48158_Inventory_ReceiveWhDelivery">
    <failure type="org.openqa.selenium.WebDriverException" message="An unknown server-side error occurred while processing the command. Original error: io.appium.uiautomator2.common.exceptions.UiAutomator2Exception: Timed out after 10000 milliseconds waiting for root AccessibilityNodeInfo
Build info: version: &amp;apos;3.7.1&amp;apos;, revision: &amp;apos;8a0099a&amp;apos;, time: &amp;apos;2017-11-06T21:01:39.354Z&amp;apos;
System info: host: &amp;apos;LAPTOP-38LR7550&amp;apos;, ip: &amp;apos;192.168.0.4&amp;apos;, os.name: &amp;apos;Windows 10&amp;apos;, os.arch: &amp;apos;amd64&amp;apos;, os.version: &amp;apos;10.0&amp;apos;, java.version: &amp;apos;1.8.0_91&amp;apos;
Driver info: io.appium.java_client.android.AndroidDriver
Capabilities {adbExecTimeout: 450000, allowDenyPermission: true, appActivity: crc646ee66886a7a00442.Splas..., appPackage: com.landmarkgroup.sahla, autoAcceptAlert: true, autoGrantPermissions: true, automationName: uiautomator2, databaseEnabled: false, desired: {adbExecTimeout: 450000, allowDenyPermission: true, appActivity: crc646ee66886a7a00442.Splas..., appPackage: com.landmarkgroup.sahla, autoAcceptAlert: true, autoGrantPermissions: true, automationName: uiautomator2, deviceName: Redmi, fullReset: false, newCommandTimeout: 450000, noReset: true, platformName: android, platformVersion: 10.0, systemPort: 8200, udid: emulator-5554, waitForIdleTimeout: 5000}, deviceApiLevel: 29, deviceManufacturer: Google, deviceModel: Android SDK built for x86, deviceName: emulator-5554, deviceScreenDensity: 440, deviceScreenSize: 1080x2160, deviceUDID: emulator-5554, fullReset: false, javascriptEnabled: true, locationContextEnabled: false, networkConnectionEnabled: true, newCommandTimeout: 450000, noReset: true, pixelRatio: 2.75, platform: LINUX, platformName: LINUX, platformVersion: 10, statBarHeight: 66, systemPort: 8200, takesScreenshot: true, udid: emulator-5554, viewportRect: {height: 1962, left: 0, top: 66, width: 1080}, waitForIdleTimeout: 5000, warnings: {}, webStorageEnabled: false}
Session ID: 373fd358-6fbb-4d94-8ba4-51e3f7fc8ec7
*** Element info: {Using=xpath, value=//android.widget.EditText[@content-desc=&amp;apos;IdEntryLabel&amp;apos;]}">
      <![CDATA[org.openqa.selenium.WebDriverException: An unknown server-side error occurred while processing the command. Original error: io.appium.uiautomator2.common.exceptions.UiAutomator2Exception: Timed out after 10000 milliseconds waiting for root AccessibilityNodeInfo
Build info: version: '3.7.1', revision: '8a0099a', time: '2017-11-06T21:01:39.354Z'
System info: host: 'LAPTOP-38LR7550', ip: '192.168.0.4', os.name: 'Windows 10', os.arch: 'amd64', os.version: '10.0', java.version: '1.8.0_91'
Driver info: io.appium.java_client.android.AndroidDriver
Capabilities {adbExecTimeout: 450000, allowDenyPermission: true, appActivity: crc646ee66886a7a00442.Splas..., appPackage: com.landmarkgroup.sahla, autoAcceptAlert: true, autoGrantPermissions: true, automationName: uiautomator2, databaseEnabled: false, desired: {adbExecTimeout: 450000, allowDenyPermission: true, appActivity: crc646ee66886a7a00442.Splas..., appPackage: com.landmarkgroup.sahla, autoAcceptAlert: true, autoGrantPermissions: true, automationName: uiautomator2, deviceName: Redmi, fullReset: false, newCommandTimeout: 450000, noReset: true, platformName: android, platformVersion: 10.0, systemPort: 8200, udid: emulator-5554, waitForIdleTimeout: 5000}, deviceApiLevel: 29, deviceManufacturer: Google, deviceModel: Android SDK built for x86, deviceName: emulator-5554, deviceScreenDensity: 440, deviceScreenSize: 1080x2160, deviceUDID: emulator-5554, fullReset: false, javascriptEnabled: true, locationContextEnabled: false, networkConnectionEnabled: true, newCommandTimeout: 450000, noReset: true, pixelRatio: 2.75, platform: LINUX, platformName: LINUX, platformVersion: 10, statBarHeight: 66, systemPort: 8200, takesScreenshot: true, udid: emulator-5554, viewportRect: {height: 1962, left: 0, top: 66, width: 1080}, waitForIdleTimeout: 5000, warnings: {}, webStorageEnabled: false}
Session ID: 373fd358-6fbb-4d94-8ba4-51e3f7fc8ec7
*** Element info: {Using=xpath, value=//android.widget.EditText[@content-desc='IdEntryLabel']}
	at org.openqa.selenium.remote.http.W3CHttpResponseCodec.createException(W3CHttpResponseCodec.java:187)
	at org.openqa.selenium.remote.http.W3CHttpResponseCodec.decode(W3CHttpResponseCodec.java:122)
	at org.openqa.selenium.remote.http.W3CHttpResponseCodec.decode(W3CHttpResponseCodec.java:49)
	at org.openqa.selenium.remote.HttpCommandExecutor.execute(HttpCommandExecutor.java:164)
	at io.appium.java_client.remote.AppiumCommandExecutor.execute(AppiumCommandExecutor.java:69)
	at org.openqa.selenium.remote.RemoteWebDriver.execute(RemoteWebDriver.java:600)
	at io.appium.java_client.DefaultGenericMobileDriver.execute(DefaultGenericMobileDriver.java:40)
	at io.appium.java_client.AppiumDriver.execute(AppiumDriver.java:1)
	at io.appium.java_client.android.AndroidDriver.execute(AndroidDriver.java:1)
	at org.openqa.selenium.remote.RemoteWebDriver.findElements(RemoteWebDriver.java:397)
	at io.appium.java_client.DefaultGenericMobileDriver.findElements(DefaultGenericMobileDriver.java:48)
	at io.appium.java_client.AppiumDriver.findElements(AppiumDriver.java:195)
	at org.openqa.selenium.remote.RemoteWebDriver.findElementsByXPath(RemoteWebDriver.java:476)
	at io.appium.java_client.DefaultGenericMobileDriver.findElementsByXPath(DefaultGenericMobileDriver.java:138)
	at io.appium.java_client.AppiumDriver.findElementsByXPath(AppiumDriver.java:227)
	at org.openqa.selenium.By$ByXPath.findElements(By.java:356)
	at org.openqa.selenium.remote.RemoteWebDriver.findElements(RemoteWebDriver.java:358)
	at io.appium.java_client.DefaultGenericMobileDriver.findElements(DefaultGenericMobileDriver.java:44)
	at io.appium.java_client.AppiumDriver.findElements(AppiumDriver.java:191)
	at org.openqa.selenium.support.ui.ExpectedConditions.findElement(ExpectedConditions.java:881)
	at org.openqa.selenium.support.ui.ExpectedConditions.access$000(ExpectedConditions.java:43)
	at org.openqa.selenium.support.ui.ExpectedConditions$6.apply(ExpectedConditions.java:182)
	at org.openqa.selenium.support.ui.ExpectedConditions$6.apply(ExpectedConditions.java:179)
	at org.openqa.selenium.support.ui.FluentWait.until(FluentWait.java:208)
	at com.lmg_dubai.sahlastore.library.GenericLib.explicitWait(GenericLib.java:611)
	at com.lmg_dubai.sahlastore.pages.InventoryReceiveTransferINPage.CpAssociateReceiveWhDelivery(InventoryReceiveTransferINPage.java:761)
	at com.lmg_dubai.sahlastore.inventory.SStore_TS48158_Inventory_ReceiveWhDelivery.ts48158(SStore_TS48158_Inventory_ReceiveWhDelivery.java:27)
... Removed 29 stack frames]]>
    </failure>
  </testcase> <!-- ts48158 -->
  <testcase name="ts48160" time="165.507" classname="com.lmg_dubai.sahlastore.inventory.SStore_TS48160_Inventory_ReceiveWhDelivery">
    <failure type="org.openqa.selenium.WebDriverException" message="An unknown server-side error occurred while processing the command. Original error: io.appium.uiautomator2.common.exceptions.UiAutomator2Exception: Timed out after 10000 milliseconds waiting for root AccessibilityNodeInfo
Build info: version: &amp;apos;3.7.1&amp;apos;, revision: &amp;apos;8a0099a&amp;apos;, time: &amp;apos;2017-11-06T21:01:39.354Z&amp;apos;
System info: host: &amp;apos;LAPTOP-38LR7550&amp;apos;, ip: &amp;apos;192.168.0.4&amp;apos;, os.name: &amp;apos;Windows 10&amp;apos;, os.arch: &amp;apos;amd64&amp;apos;, os.version: &amp;apos;10.0&amp;apos;, java.version: &amp;apos;1.8.0_91&amp;apos;
Driver info: io.appium.java_client.android.AndroidDriver
Capabilities {adbExecTimeout: 450000, allowDenyPermission: true, appActivity: crc646ee66886a7a00442.Splas..., appPackage: com.landmarkgroup.sahla, autoAcceptAlert: true, autoGrantPermissions: true, automationName: uiautomator2, databaseEnabled: false, desired: {adbExecTimeout: 450000, allowDenyPermission: true, appActivity: crc646ee66886a7a00442.Splas..., appPackage: com.landmarkgroup.sahla, autoAcceptAlert: true, autoGrantPermissions: true, automationName: uiautomator2, deviceName: Redmi, fullReset: false, newCommandTimeout: 450000, noReset: true, platformName: android, platformVersion: 10.0, systemPort: 8200, udid: emulator-5554, waitForIdleTimeout: 5000}, deviceApiLevel: 29, deviceManufacturer: Google, deviceModel: Android SDK built for x86, deviceName: emulator-5554, deviceScreenDensity: 440, deviceScreenSize: 1080x2160, deviceUDID: emulator-5554, fullReset: false, javascriptEnabled: true, locationContextEnabled: false, networkConnectionEnabled: true, newCommandTimeout: 450000, noReset: true, pixelRatio: 2.75, platform: LINUX, platformName: LINUX, platformVersion: 10, statBarHeight: 66, systemPort: 8200, takesScreenshot: true, udid: emulator-5554, viewportRect: {height: 1962, left: 0, top: 66, width: 1080}, waitForIdleTimeout: 5000, warnings: {}, webStorageEnabled: false}
Session ID: 4d82a1bb-2e49-4fca-8920-281dc2d4901a
*** Element info: {Using=xpath, value=//android.widget.TextView[@content-desc=&amp;apos;StoreTitle&amp;apos;]}">
      <![CDATA[org.openqa.selenium.WebDriverException: An unknown server-side error occurred while processing the command. Original error: io.appium.uiautomator2.common.exceptions.UiAutomator2Exception: Timed out after 10000 milliseconds waiting for root AccessibilityNodeInfo
Build info: version: '3.7.1', revision: '8a0099a', time: '2017-11-06T21:01:39.354Z'
System info: host: 'LAPTOP-38LR7550', ip: '192.168.0.4', os.name: 'Windows 10', os.arch: 'amd64', os.version: '10.0', java.version: '1.8.0_91'
Driver info: io.appium.java_client.android.AndroidDriver
Capabilities {adbExecTimeout: 450000, allowDenyPermission: true, appActivity: crc646ee66886a7a00442.Splas..., appPackage: com.landmarkgroup.sahla, autoAcceptAlert: true, autoGrantPermissions: true, automationName: uiautomator2, databaseEnabled: false, desired: {adbExecTimeout: 450000, allowDenyPermission: true, appActivity: crc646ee66886a7a00442.Splas..., appPackage: com.landmarkgroup.sahla, autoAcceptAlert: true, autoGrantPermissions: true, automationName: uiautomator2, deviceName: Redmi, fullReset: false, newCommandTimeout: 450000, noReset: true, platformName: android, platformVersion: 10.0, systemPort: 8200, udid: emulator-5554, waitForIdleTimeout: 5000}, deviceApiLevel: 29, deviceManufacturer: Google, deviceModel: Android SDK built for x86, deviceName: emulator-5554, deviceScreenDensity: 440, deviceScreenSize: 1080x2160, deviceUDID: emulator-5554, fullReset: false, javascriptEnabled: true, locationContextEnabled: false, networkConnectionEnabled: true, newCommandTimeout: 450000, noReset: true, pixelRatio: 2.75, platform: LINUX, platformName: LINUX, platformVersion: 10, statBarHeight: 66, systemPort: 8200, takesScreenshot: true, udid: emulator-5554, viewportRect: {height: 1962, left: 0, top: 66, width: 1080}, waitForIdleTimeout: 5000, warnings: {}, webStorageEnabled: false}
Session ID: 4d82a1bb-2e49-4fca-8920-281dc2d4901a
*** Element info: {Using=xpath, value=//android.widget.TextView[@content-desc='StoreTitle']}
	at org.openqa.selenium.remote.http.W3CHttpResponseCodec.createException(W3CHttpResponseCodec.java:187)
	at org.openqa.selenium.remote.http.W3CHttpResponseCodec.decode(W3CHttpResponseCodec.java:122)
	at org.openqa.selenium.remote.http.W3CHttpResponseCodec.decode(W3CHttpResponseCodec.java:49)
	at org.openqa.selenium.remote.HttpCommandExecutor.execute(HttpCommandExecutor.java:164)
	at io.appium.java_client.remote.AppiumCommandExecutor.execute(AppiumCommandExecutor.java:69)
	at org.openqa.selenium.remote.RemoteWebDriver.execute(RemoteWebDriver.java:600)
	at io.appium.java_client.DefaultGenericMobileDriver.execute(DefaultGenericMobileDriver.java:40)
	at io.appium.java_client.AppiumDriver.execute(AppiumDriver.java:1)
	at io.appium.java_client.android.AndroidDriver.execute(AndroidDriver.java:1)
	at org.openqa.selenium.remote.RemoteWebDriver.findElements(RemoteWebDriver.java:397)
	at io.appium.java_client.DefaultGenericMobileDriver.findElements(DefaultGenericMobileDriver.java:48)
	at io.appium.java_client.AppiumDriver.findElements(AppiumDriver.java:195)
	at org.openqa.selenium.remote.RemoteWebDriver.findElementsByXPath(RemoteWebDriver.java:476)
	at io.appium.java_client.DefaultGenericMobileDriver.findElementsByXPath(DefaultGenericMobileDriver.java:138)
	at io.appium.java_client.AppiumDriver.findElementsByXPath(AppiumDriver.java:227)
	at org.openqa.selenium.By$ByXPath.findElements(By.java:356)
	at org.openqa.selenium.remote.RemoteWebDriver.findElements(RemoteWebDriver.java:358)
	at io.appium.java_client.DefaultGenericMobileDriver.findElements(DefaultGenericMobileDriver.java:44)
	at io.appium.java_client.AppiumDriver.findElements(AppiumDriver.java:191)
	at org.openqa.selenium.support.pagefactory.DefaultElementLocator.findElements(DefaultElementLocator.java:85)
	at org.openqa.selenium.support.pagefactory.internal.LocatingElementListHandler.invoke(LocatingElementListHandler.java:36)
	at com.sun.proxy.$Proxy12.get(Unknown Source)
	at com.lmg_dubai.sahlastore.pages.NavigateToHomePage.navigateToHomePage(NavigateToHomePage.java:394)
	at com.lmg_dubai.sahlastore.inventory.SStore_TS48160_Inventory_ReceiveWhDelivery.ts48160(SStore_TS48160_Inventory_ReceiveWhDelivery.java:23)
... Removed 29 stack frames]]>
    </failure>
  </testcase> <!-- ts48160 -->
  <testcase name="ts48201" time="162.531" classname="com.lmg_dubai.sahlastore.inventory.SStore_TS48201_Count_UnitStockCount">
    <failure type="org.openqa.selenium.WebDriverException" message="An unknown server-side error occurred while processing the command. Original error: io.appium.uiautomator2.common.exceptions.UiAutomator2Exception: Timed out after 10000 milliseconds waiting for root AccessibilityNodeInfo
Build info: version: &amp;apos;3.7.1&amp;apos;, revision: &amp;apos;8a0099a&amp;apos;, time: &amp;apos;2017-11-06T21:01:39.354Z&amp;apos;
System info: host: &amp;apos;LAPTOP-38LR7550&amp;apos;, ip: &amp;apos;192.168.0.4&amp;apos;, os.name: &amp;apos;Windows 10&amp;apos;, os.arch: &amp;apos;amd64&amp;apos;, os.version: &amp;apos;10.0&amp;apos;, java.version: &amp;apos;1.8.0_91&amp;apos;
Driver info: io.appium.java_client.android.AndroidDriver
Capabilities {adbExecTimeout: 450000, allowDenyPermission: true, appActivity: crc646ee66886a7a00442.Splas..., appPackage: com.landmarkgroup.sahla, autoAcceptAlert: true, autoGrantPermissions: true, automationName: uiautomator2, databaseEnabled: false, desired: {adbExecTimeout: 450000, allowDenyPermission: true, appActivity: crc646ee66886a7a00442.Splas..., appPackage: com.landmarkgroup.sahla, autoAcceptAlert: true, autoGrantPermissions: true, automationName: uiautomator2, deviceName: Redmi, fullReset: false, newCommandTimeout: 450000, noReset: true, platformName: android, platformVersion: 10.0, systemPort: 8200, udid: emulator-5554, waitForIdleTimeout: 5000}, deviceApiLevel: 29, deviceManufacturer: Google, deviceModel: Android SDK built for x86, deviceName: emulator-5554, deviceScreenDensity: 440, deviceScreenSize: 1080x2160, deviceUDID: emulator-5554, fullReset: false, javascriptEnabled: true, locationContextEnabled: false, networkConnectionEnabled: true, newCommandTimeout: 450000, noReset: true, pixelRatio: 2.75, platform: LINUX, platformName: LINUX, platformVersion: 10, statBarHeight: 66, systemPort: 8200, takesScreenshot: true, udid: emulator-5554, viewportRect: {height: 1962, left: 0, top: 66, width: 1080}, waitForIdleTimeout: 5000, warnings: {}, webStorageEnabled: false}
Session ID: be192c7f-cd97-4328-81a4-52c8c047c293
*** Element info: {Using=xpath, value=//android.widget.TextView[@content-desc=&amp;apos;StoreTitle&amp;apos;]}">
      <![CDATA[org.openqa.selenium.WebDriverException: An unknown server-side error occurred while processing the command. Original error: io.appium.uiautomator2.common.exceptions.UiAutomator2Exception: Timed out after 10000 milliseconds waiting for root AccessibilityNodeInfo
Build info: version: '3.7.1', revision: '8a0099a', time: '2017-11-06T21:01:39.354Z'
System info: host: 'LAPTOP-38LR7550', ip: '192.168.0.4', os.name: 'Windows 10', os.arch: 'amd64', os.version: '10.0', java.version: '1.8.0_91'
Driver info: io.appium.java_client.android.AndroidDriver
Capabilities {adbExecTimeout: 450000, allowDenyPermission: true, appActivity: crc646ee66886a7a00442.Splas..., appPackage: com.landmarkgroup.sahla, autoAcceptAlert: true, autoGrantPermissions: true, automationName: uiautomator2, databaseEnabled: false, desired: {adbExecTimeout: 450000, allowDenyPermission: true, appActivity: crc646ee66886a7a00442.Splas..., appPackage: com.landmarkgroup.sahla, autoAcceptAlert: true, autoGrantPermissions: true, automationName: uiautomator2, deviceName: Redmi, fullReset: false, newCommandTimeout: 450000, noReset: true, platformName: android, platformVersion: 10.0, systemPort: 8200, udid: emulator-5554, waitForIdleTimeout: 5000}, deviceApiLevel: 29, deviceManufacturer: Google, deviceModel: Android SDK built for x86, deviceName: emulator-5554, deviceScreenDensity: 440, deviceScreenSize: 1080x2160, deviceUDID: emulator-5554, fullReset: false, javascriptEnabled: true, locationContextEnabled: false, networkConnectionEnabled: true, newCommandTimeout: 450000, noReset: true, pixelRatio: 2.75, platform: LINUX, platformName: LINUX, platformVersion: 10, statBarHeight: 66, systemPort: 8200, takesScreenshot: true, udid: emulator-5554, viewportRect: {height: 1962, left: 0, top: 66, width: 1080}, waitForIdleTimeout: 5000, warnings: {}, webStorageEnabled: false}
Session ID: be192c7f-cd97-4328-81a4-52c8c047c293
*** Element info: {Using=xpath, value=//android.widget.TextView[@content-desc='StoreTitle']}
	at org.openqa.selenium.remote.http.W3CHttpResponseCodec.createException(W3CHttpResponseCodec.java:187)
	at org.openqa.selenium.remote.http.W3CHttpResponseCodec.decode(W3CHttpResponseCodec.java:122)
	at org.openqa.selenium.remote.http.W3CHttpResponseCodec.decode(W3CHttpResponseCodec.java:49)
	at org.openqa.selenium.remote.HttpCommandExecutor.execute(HttpCommandExecutor.java:164)
	at io.appium.java_client.remote.AppiumCommandExecutor.execute(AppiumCommandExecutor.java:69)
	at org.openqa.selenium.remote.RemoteWebDriver.execute(RemoteWebDriver.java:600)
	at io.appium.java_client.DefaultGenericMobileDriver.execute(DefaultGenericMobileDriver.java:40)
	at io.appium.java_client.AppiumDriver.execute(AppiumDriver.java:1)
	at io.appium.java_client.android.AndroidDriver.execute(AndroidDriver.java:1)
	at org.openqa.selenium.remote.RemoteWebDriver.findElements(RemoteWebDriver.java:397)
	at io.appium.java_client.DefaultGenericMobileDriver.findElements(DefaultGenericMobileDriver.java:48)
	at io.appium.java_client.AppiumDriver.findElements(AppiumDriver.java:195)
	at org.openqa.selenium.remote.RemoteWebDriver.findElementsByXPath(RemoteWebDriver.java:476)
	at io.appium.java_client.DefaultGenericMobileDriver.findElementsByXPath(DefaultGenericMobileDriver.java:138)
	at io.appium.java_client.AppiumDriver.findElementsByXPath(AppiumDriver.java:227)
	at org.openqa.selenium.By$ByXPath.findElements(By.java:356)
	at org.openqa.selenium.remote.RemoteWebDriver.findElements(RemoteWebDriver.java:358)
	at io.appium.java_client.DefaultGenericMobileDriver.findElements(DefaultGenericMobileDriver.java:44)
	at io.appium.java_client.AppiumDriver.findElements(AppiumDriver.java:191)
	at org.openqa.selenium.support.pagefactory.DefaultElementLocator.findElements(DefaultElementLocator.java:85)
	at org.openqa.selenium.support.pagefactory.internal.LocatingElementListHandler.invoke(LocatingElementListHandler.java:36)
	at com.sun.proxy.$Proxy12.get(Unknown Source)
	at com.lmg_dubai.sahlastore.pages.NavigateToHomePage.navigateToHomePage(NavigateToHomePage.java:394)
	at com.lmg_dubai.sahlastore.inventory.SStore_TS48201_Count_UnitStockCount.ts48201(SStore_TS48201_Count_UnitStockCount.java:21)
... Removed 29 stack frames]]>
    </failure>
  </testcase> <!-- ts48201 -->
  <testcase name="ts48202" time="168.857" classname="com.lmg_dubai.sahlastore.inventory.SStore_TS48202_Count_UnitStockCount">
    <failure type="org.openqa.selenium.WebDriverException" message="An unknown server-side error occurred while processing the command. Original error: io.appium.uiautomator2.common.exceptions.UiAutomator2Exception: Timed out after 10000 milliseconds waiting for root AccessibilityNodeInfo
Build info: version: &amp;apos;3.7.1&amp;apos;, revision: &amp;apos;8a0099a&amp;apos;, time: &amp;apos;2017-11-06T21:01:39.354Z&amp;apos;
System info: host: &amp;apos;LAPTOP-38LR7550&amp;apos;, ip: &amp;apos;192.168.0.4&amp;apos;, os.name: &amp;apos;Windows 10&amp;apos;, os.arch: &amp;apos;amd64&amp;apos;, os.version: &amp;apos;10.0&amp;apos;, java.version: &amp;apos;1.8.0_91&amp;apos;
Driver info: io.appium.java_client.android.AndroidDriver
Capabilities {adbExecTimeout: 450000, allowDenyPermission: true, appActivity: crc646ee66886a7a00442.Splas..., appPackage: com.landmarkgroup.sahla, autoAcceptAlert: true, autoGrantPermissions: true, automationName: uiautomator2, databaseEnabled: false, desired: {adbExecTimeout: 450000, allowDenyPermission: true, appActivity: crc646ee66886a7a00442.Splas..., appPackage: com.landmarkgroup.sahla, autoAcceptAlert: true, autoGrantPermissions: true, automationName: uiautomator2, deviceName: Redmi, fullReset: false, newCommandTimeout: 450000, noReset: true, platformName: android, platformVersion: 10.0, systemPort: 8200, udid: emulator-5554, waitForIdleTimeout: 5000}, deviceApiLevel: 29, deviceManufacturer: Google, deviceModel: Android SDK built for x86, deviceName: emulator-5554, deviceScreenDensity: 440, deviceScreenSize: 1080x2160, deviceUDID: emulator-5554, fullReset: false, javascriptEnabled: true, locationContextEnabled: false, networkConnectionEnabled: true, newCommandTimeout: 450000, noReset: true, pixelRatio: 2.75, platform: LINUX, platformName: LINUX, platformVersion: 10, statBarHeight: 66, systemPort: 8200, takesScreenshot: true, udid: emulator-5554, viewportRect: {height: 1962, left: 0, top: 66, width: 1080}, waitForIdleTimeout: 5000, warnings: {}, webStorageEnabled: false}
Session ID: 03745336-8e60-465c-9c25-3c72365265c6
*** Element info: {Using=xpath, value=//android.widget.TextView[@content-desc=&amp;apos;StoreTitle&amp;apos;]}">
      <![CDATA[org.openqa.selenium.WebDriverException: An unknown server-side error occurred while processing the command. Original error: io.appium.uiautomator2.common.exceptions.UiAutomator2Exception: Timed out after 10000 milliseconds waiting for root AccessibilityNodeInfo
Build info: version: '3.7.1', revision: '8a0099a', time: '2017-11-06T21:01:39.354Z'
System info: host: 'LAPTOP-38LR7550', ip: '192.168.0.4', os.name: 'Windows 10', os.arch: 'amd64', os.version: '10.0', java.version: '1.8.0_91'
Driver info: io.appium.java_client.android.AndroidDriver
Capabilities {adbExecTimeout: 450000, allowDenyPermission: true, appActivity: crc646ee66886a7a00442.Splas..., appPackage: com.landmarkgroup.sahla, autoAcceptAlert: true, autoGrantPermissions: true, automationName: uiautomator2, databaseEnabled: false, desired: {adbExecTimeout: 450000, allowDenyPermission: true, appActivity: crc646ee66886a7a00442.Splas..., appPackage: com.landmarkgroup.sahla, autoAcceptAlert: true, autoGrantPermissions: true, automationName: uiautomator2, deviceName: Redmi, fullReset: false, newCommandTimeout: 450000, noReset: true, platformName: android, platformVersion: 10.0, systemPort: 8200, udid: emulator-5554, waitForIdleTimeout: 5000}, deviceApiLevel: 29, deviceManufacturer: Google, deviceModel: Android SDK built for x86, deviceName: emulator-5554, deviceScreenDensity: 440, deviceScreenSize: 1080x2160, deviceUDID: emulator-5554, fullReset: false, javascriptEnabled: true, locationContextEnabled: false, networkConnectionEnabled: true, newCommandTimeout: 450000, noReset: true, pixelRatio: 2.75, platform: LINUX, platformName: LINUX, platformVersion: 10, statBarHeight: 66, systemPort: 8200, takesScreenshot: true, udid: emulator-5554, viewportRect: {height: 1962, left: 0, top: 66, width: 1080}, waitForIdleTimeout: 5000, warnings: {}, webStorageEnabled: false}
Session ID: 03745336-8e60-465c-9c25-3c72365265c6
*** Element info: {Using=xpath, value=//android.widget.TextView[@content-desc='StoreTitle']}
	at org.openqa.selenium.remote.http.W3CHttpResponseCodec.createException(W3CHttpResponseCodec.java:187)
	at org.openqa.selenium.remote.http.W3CHttpResponseCodec.decode(W3CHttpResponseCodec.java:122)
	at org.openqa.selenium.remote.http.W3CHttpResponseCodec.decode(W3CHttpResponseCodec.java:49)
	at org.openqa.selenium.remote.HttpCommandExecutor.execute(HttpCommandExecutor.java:164)
	at io.appium.java_client.remote.AppiumCommandExecutor.execute(AppiumCommandExecutor.java:69)
	at org.openqa.selenium.remote.RemoteWebDriver.execute(RemoteWebDriver.java:600)
	at io.appium.java_client.DefaultGenericMobileDriver.execute(DefaultGenericMobileDriver.java:40)
	at io.appium.java_client.AppiumDriver.execute(AppiumDriver.java:1)
	at io.appium.java_client.android.AndroidDriver.execute(AndroidDriver.java:1)
	at org.openqa.selenium.remote.RemoteWebDriver.findElements(RemoteWebDriver.java:397)
	at io.appium.java_client.DefaultGenericMobileDriver.findElements(DefaultGenericMobileDriver.java:48)
	at io.appium.java_client.AppiumDriver.findElements(AppiumDriver.java:195)
	at org.openqa.selenium.remote.RemoteWebDriver.findElementsByXPath(RemoteWebDriver.java:476)
	at io.appium.java_client.DefaultGenericMobileDriver.findElementsByXPath(DefaultGenericMobileDriver.java:138)
	at io.appium.java_client.AppiumDriver.findElementsByXPath(AppiumDriver.java:227)
	at org.openqa.selenium.By$ByXPath.findElements(By.java:356)
	at org.openqa.selenium.remote.RemoteWebDriver.findElements(RemoteWebDriver.java:358)
	at io.appium.java_client.DefaultGenericMobileDriver.findElements(DefaultGenericMobileDriver.java:44)
	at io.appium.java_client.AppiumDriver.findElements(AppiumDriver.java:191)
	at org.openqa.selenium.support.pagefactory.DefaultElementLocator.findElements(DefaultElementLocator.java:85)
	at org.openqa.selenium.support.pagefactory.internal.LocatingElementListHandler.invoke(LocatingElementListHandler.java:36)
	at com.sun.proxy.$Proxy12.get(Unknown Source)
	at com.lmg_dubai.sahlastore.pages.NavigateToHomePage.navigateToHomePage(NavigateToHomePage.java:394)
	at com.lmg_dubai.sahlastore.inventory.SStore_TS48202_Count_UnitStockCount.ts48202(SStore_TS48202_Count_UnitStockCount.java:21)
... Removed 29 stack frames]]>
    </failure>
  </testcase> <!-- ts48202 -->
  <testcase name="ts48437" time="167.134" classname="com.lmg_dubai.sahlastore.inventory.SStore_TS48437_Count_UnitAmountStockCount">
    <failure type="org.openqa.selenium.WebDriverException" message="An unknown server-side error occurred while processing the command. Original error: io.appium.uiautomator2.common.exceptions.UiAutomator2Exception: Timed out after 10000 milliseconds waiting for root AccessibilityNodeInfo
Build info: version: &amp;apos;3.7.1&amp;apos;, revision: &amp;apos;8a0099a&amp;apos;, time: &amp;apos;2017-11-06T21:01:39.354Z&amp;apos;
System info: host: &amp;apos;LAPTOP-38LR7550&amp;apos;, ip: &amp;apos;192.168.0.4&amp;apos;, os.name: &amp;apos;Windows 10&amp;apos;, os.arch: &amp;apos;amd64&amp;apos;, os.version: &amp;apos;10.0&amp;apos;, java.version: &amp;apos;1.8.0_91&amp;apos;
Driver info: io.appium.java_client.android.AndroidDriver
Capabilities {adbExecTimeout: 450000, allowDenyPermission: true, appActivity: crc646ee66886a7a00442.Splas..., appPackage: com.landmarkgroup.sahla, autoAcceptAlert: true, autoGrantPermissions: true, automationName: uiautomator2, databaseEnabled: false, desired: {adbExecTimeout: 450000, allowDenyPermission: true, appActivity: crc646ee66886a7a00442.Splas..., appPackage: com.landmarkgroup.sahla, autoAcceptAlert: true, autoGrantPermissions: true, automationName: uiautomator2, deviceName: Redmi, fullReset: false, newCommandTimeout: 450000, noReset: true, platformName: android, platformVersion: 10.0, systemPort: 8200, udid: emulator-5554, waitForIdleTimeout: 5000}, deviceApiLevel: 29, deviceManufacturer: Google, deviceModel: Android SDK built for x86, deviceName: emulator-5554, deviceScreenDensity: 440, deviceScreenSize: 1080x2160, deviceUDID: emulator-5554, fullReset: false, javascriptEnabled: true, locationContextEnabled: false, networkConnectionEnabled: true, newCommandTimeout: 450000, noReset: true, pixelRatio: 2.75, platform: LINUX, platformName: LINUX, platformVersion: 10, statBarHeight: 66, systemPort: 8200, takesScreenshot: true, udid: emulator-5554, viewportRect: {height: 1962, left: 0, top: 66, width: 1080}, waitForIdleTimeout: 5000, warnings: {}, webStorageEnabled: false}
Session ID: 35a09bc3-921b-4e55-9f05-a57304d2b234
*** Element info: {Using=xpath, value=//android.widget.TextView[@content-desc=&amp;apos;StoreTitle&amp;apos;]}">
      <![CDATA[org.openqa.selenium.WebDriverException: An unknown server-side error occurred while processing the command. Original error: io.appium.uiautomator2.common.exceptions.UiAutomator2Exception: Timed out after 10000 milliseconds waiting for root AccessibilityNodeInfo
Build info: version: '3.7.1', revision: '8a0099a', time: '2017-11-06T21:01:39.354Z'
System info: host: 'LAPTOP-38LR7550', ip: '192.168.0.4', os.name: 'Windows 10', os.arch: 'amd64', os.version: '10.0', java.version: '1.8.0_91'
Driver info: io.appium.java_client.android.AndroidDriver
Capabilities {adbExecTimeout: 450000, allowDenyPermission: true, appActivity: crc646ee66886a7a00442.Splas..., appPackage: com.landmarkgroup.sahla, autoAcceptAlert: true, autoGrantPermissions: true, automationName: uiautomator2, databaseEnabled: false, desired: {adbExecTimeout: 450000, allowDenyPermission: true, appActivity: crc646ee66886a7a00442.Splas..., appPackage: com.landmarkgroup.sahla, autoAcceptAlert: true, autoGrantPermissions: true, automationName: uiautomator2, deviceName: Redmi, fullReset: false, newCommandTimeout: 450000, noReset: true, platformName: android, platformVersion: 10.0, systemPort: 8200, udid: emulator-5554, waitForIdleTimeout: 5000}, deviceApiLevel: 29, deviceManufacturer: Google, deviceModel: Android SDK built for x86, deviceName: emulator-5554, deviceScreenDensity: 440, deviceScreenSize: 1080x2160, deviceUDID: emulator-5554, fullReset: false, javascriptEnabled: true, locationContextEnabled: false, networkConnectionEnabled: true, newCommandTimeout: 450000, noReset: true, pixelRatio: 2.75, platform: LINUX, platformName: LINUX, platformVersion: 10, statBarHeight: 66, systemPort: 8200, takesScreenshot: true, udid: emulator-5554, viewportRect: {height: 1962, left: 0, top: 66, width: 1080}, waitForIdleTimeout: 5000, warnings: {}, webStorageEnabled: false}
Session ID: 35a09bc3-921b-4e55-9f05-a57304d2b234
*** Element info: {Using=xpath, value=//android.widget.TextView[@content-desc='StoreTitle']}
	at org.openqa.selenium.remote.http.W3CHttpResponseCodec.createException(W3CHttpResponseCodec.java:187)
	at org.openqa.selenium.remote.http.W3CHttpResponseCodec.decode(W3CHttpResponseCodec.java:122)
	at org.openqa.selenium.remote.http.W3CHttpResponseCodec.decode(W3CHttpResponseCodec.java:49)
	at org.openqa.selenium.remote.HttpCommandExecutor.execute(HttpCommandExecutor.java:164)
	at io.appium.java_client.remote.AppiumCommandExecutor.execute(AppiumCommandExecutor.java:69)
	at org.openqa.selenium.remote.RemoteWebDriver.execute(RemoteWebDriver.java:600)
	at io.appium.java_client.DefaultGenericMobileDriver.execute(DefaultGenericMobileDriver.java:40)
	at io.appium.java_client.AppiumDriver.execute(AppiumDriver.java:1)
	at io.appium.java_client.android.AndroidDriver.execute(AndroidDriver.java:1)
	at org.openqa.selenium.remote.RemoteWebDriver.findElements(RemoteWebDriver.java:397)
	at io.appium.java_client.DefaultGenericMobileDriver.findElements(DefaultGenericMobileDriver.java:48)
	at io.appium.java_client.AppiumDriver.findElements(AppiumDriver.java:195)
	at org.openqa.selenium.remote.RemoteWebDriver.findElementsByXPath(RemoteWebDriver.java:476)
	at io.appium.java_client.DefaultGenericMobileDriver.findElementsByXPath(DefaultGenericMobileDriver.java:138)
	at io.appium.java_client.AppiumDriver.findElementsByXPath(AppiumDriver.java:227)
	at org.openqa.selenium.By$ByXPath.findElements(By.java:356)
	at org.openqa.selenium.remote.RemoteWebDriver.findElements(RemoteWebDriver.java:358)
	at io.appium.java_client.DefaultGenericMobileDriver.findElements(DefaultGenericMobileDriver.java:44)
	at io.appium.java_client.AppiumDriver.findElements(AppiumDriver.java:191)
	at org.openqa.selenium.support.pagefactory.DefaultElementLocator.findElements(DefaultElementLocator.java:85)
	at org.openqa.selenium.support.pagefactory.internal.LocatingElementListHandler.invoke(LocatingElementListHandler.java:36)
	at com.sun.proxy.$Proxy12.get(Unknown Source)
	at com.lmg_dubai.sahlastore.pages.NavigateToHomePage.navigateToHomePage(NavigateToHomePage.java:394)
	at com.lmg_dubai.sahlastore.inventory.SStore_TS48437_Count_UnitAmountStockCount.ts48437(SStore_TS48437_Count_UnitAmountStockCount.java:21)
... Removed 29 stack frames]]>
    </failure>
  </testcase> <!-- ts48437 -->
  <testcase name="ts48438" time="166.075" classname="com.lmg_dubai.sahlastore.inventory.SStore_TS48438_Count_UnitAmountStockCount">
    <failure type="org.openqa.selenium.WebDriverException" message="An unknown server-side error occurred while processing the command. Original error: io.appium.uiautomator2.common.exceptions.UiAutomator2Exception: Timed out after 10000 milliseconds waiting for root AccessibilityNodeInfo
Build info: version: &amp;apos;3.7.1&amp;apos;, revision: &amp;apos;8a0099a&amp;apos;, time: &amp;apos;2017-11-06T21:01:39.354Z&amp;apos;
System info: host: &amp;apos;LAPTOP-38LR7550&amp;apos;, ip: &amp;apos;192.168.0.4&amp;apos;, os.name: &amp;apos;Windows 10&amp;apos;, os.arch: &amp;apos;amd64&amp;apos;, os.version: &amp;apos;10.0&amp;apos;, java.version: &amp;apos;1.8.0_91&amp;apos;
Driver info: io.appium.java_client.android.AndroidDriver
Capabilities {adbExecTimeout: 450000, allowDenyPermission: true, appActivity: crc646ee66886a7a00442.Splas..., appPackage: com.landmarkgroup.sahla, autoAcceptAlert: true, autoGrantPermissions: true, automationName: uiautomator2, databaseEnabled: false, desired: {adbExecTimeout: 450000, allowDenyPermission: true, appActivity: crc646ee66886a7a00442.Splas..., appPackage: com.landmarkgroup.sahla, autoAcceptAlert: true, autoGrantPermissions: true, automationName: uiautomator2, deviceName: Redmi, fullReset: false, newCommandTimeout: 450000, noReset: true, platformName: android, platformVersion: 10.0, systemPort: 8200, udid: emulator-5554, waitForIdleTimeout: 5000}, deviceApiLevel: 29, deviceManufacturer: Google, deviceModel: Android SDK built for x86, deviceName: emulator-5554, deviceScreenDensity: 440, deviceScreenSize: 1080x2160, deviceUDID: emulator-5554, fullReset: false, javascriptEnabled: true, locationContextEnabled: false, networkConnectionEnabled: true, newCommandTimeout: 450000, noReset: true, pixelRatio: 2.75, platform: LINUX, platformName: LINUX, platformVersion: 10, statBarHeight: 66, systemPort: 8200, takesScreenshot: true, udid: emulator-5554, viewportRect: {height: 1962, left: 0, top: 66, width: 1080}, waitForIdleTimeout: 5000, warnings: {}, webStorageEnabled: false}
Session ID: 1d6a20c9-b5f8-444a-9d19-3a8ee60fdcfb
*** Element info: {Using=xpath, value=//android.widget.TextView[@content-desc=&amp;apos;StoreTitle&amp;apos;]}">
      <![CDATA[org.openqa.selenium.WebDriverException: An unknown server-side error occurred while processing the command. Original error: io.appium.uiautomator2.common.exceptions.UiAutomator2Exception: Timed out after 10000 milliseconds waiting for root AccessibilityNodeInfo
Build info: version: '3.7.1', revision: '8a0099a', time: '2017-11-06T21:01:39.354Z'
System info: host: 'LAPTOP-38LR7550', ip: '192.168.0.4', os.name: 'Windows 10', os.arch: 'amd64', os.version: '10.0', java.version: '1.8.0_91'
Driver info: io.appium.java_client.android.AndroidDriver
Capabilities {adbExecTimeout: 450000, allowDenyPermission: true, appActivity: crc646ee66886a7a00442.Splas..., appPackage: com.landmarkgroup.sahla, autoAcceptAlert: true, autoGrantPermissions: true, automationName: uiautomator2, databaseEnabled: false, desired: {adbExecTimeout: 450000, allowDenyPermission: true, appActivity: crc646ee66886a7a00442.Splas..., appPackage: com.landmarkgroup.sahla, autoAcceptAlert: true, autoGrantPermissions: true, automationName: uiautomator2, deviceName: Redmi, fullReset: false, newCommandTimeout: 450000, noReset: true, platformName: android, platformVersion: 10.0, systemPort: 8200, udid: emulator-5554, waitForIdleTimeout: 5000}, deviceApiLevel: 29, deviceManufacturer: Google, deviceModel: Android SDK built for x86, deviceName: emulator-5554, deviceScreenDensity: 440, deviceScreenSize: 1080x2160, deviceUDID: emulator-5554, fullReset: false, javascriptEnabled: true, locationContextEnabled: false, networkConnectionEnabled: true, newCommandTimeout: 450000, noReset: true, pixelRatio: 2.75, platform: LINUX, platformName: LINUX, platformVersion: 10, statBarHeight: 66, systemPort: 8200, takesScreenshot: true, udid: emulator-5554, viewportRect: {height: 1962, left: 0, top: 66, width: 1080}, waitForIdleTimeout: 5000, warnings: {}, webStorageEnabled: false}
Session ID: 1d6a20c9-b5f8-444a-9d19-3a8ee60fdcfb
*** Element info: {Using=xpath, value=//android.widget.TextView[@content-desc='StoreTitle']}
	at org.openqa.selenium.remote.http.W3CHttpResponseCodec.createException(W3CHttpResponseCodec.java:187)
	at org.openqa.selenium.remote.http.W3CHttpResponseCodec.decode(W3CHttpResponseCodec.java:122)
	at org.openqa.selenium.remote.http.W3CHttpResponseCodec.decode(W3CHttpResponseCodec.java:49)
	at org.openqa.selenium.remote.HttpCommandExecutor.execute(HttpCommandExecutor.java:164)
	at io.appium.java_client.remote.AppiumCommandExecutor.execute(AppiumCommandExecutor.java:69)
	at org.openqa.selenium.remote.RemoteWebDriver.execute(RemoteWebDriver.java:600)
	at io.appium.java_client.DefaultGenericMobileDriver.execute(DefaultGenericMobileDriver.java:40)
	at io.appium.java_client.AppiumDriver.execute(AppiumDriver.java:1)
	at io.appium.java_client.android.AndroidDriver.execute(AndroidDriver.java:1)
	at org.openqa.selenium.remote.RemoteWebDriver.findElements(RemoteWebDriver.java:397)
	at io.appium.java_client.DefaultGenericMobileDriver.findElements(DefaultGenericMobileDriver.java:48)
	at io.appium.java_client.AppiumDriver.findElements(AppiumDriver.java:195)
	at org.openqa.selenium.remote.RemoteWebDriver.findElementsByXPath(RemoteWebDriver.java:476)
	at io.appium.java_client.DefaultGenericMobileDriver.findElementsByXPath(DefaultGenericMobileDriver.java:138)
	at io.appium.java_client.AppiumDriver.findElementsByXPath(AppiumDriver.java:227)
	at org.openqa.selenium.By$ByXPath.findElements(By.java:356)
	at org.openqa.selenium.remote.RemoteWebDriver.findElements(RemoteWebDriver.java:358)
	at io.appium.java_client.DefaultGenericMobileDriver.findElements(DefaultGenericMobileDriver.java:44)
	at io.appium.java_client.AppiumDriver.findElements(AppiumDriver.java:191)
	at org.openqa.selenium.support.pagefactory.DefaultElementLocator.findElements(DefaultElementLocator.java:85)
	at org.openqa.selenium.support.pagefactory.internal.LocatingElementListHandler.invoke(LocatingElementListHandler.java:36)
	at com.sun.proxy.$Proxy12.get(Unknown Source)
	at com.lmg_dubai.sahlastore.pages.NavigateToHomePage.navigateToHomePage(NavigateToHomePage.java:394)
	at com.lmg_dubai.sahlastore.inventory.SStore_TS48438_Count_UnitAmountStockCount.ts48438(SStore_TS48438_Count_UnitAmountStockCount.java:21)
... Removed 28 stack frames]]>
    </failure>
  </testcase> <!-- ts48438 -->
  <testcase name="@BeforeSuite createSheet" time="0.0" classname="com.lmg_dubai.sahlastore.library.BaseLib">
    <ignored/>
  </testcase> <!-- @BeforeSuite createSheet -->
  <testcase name="@BeforeSuite createSheet" time="0.0" classname="com.lmg_dubai.sahlastore.library.BaseLib">
    <ignored/>
  </testcase> <!-- @BeforeSuite createSheet -->
  <testcase name="@BeforeSuite createSheet" time="0.0" classname="com.lmg_dubai.sahlastore.library.BaseLib">
    <ignored/>
  </testcase> <!-- @BeforeSuite createSheet -->
  <testcase name="@BeforeSuite createSheet" time="0.0" classname="com.lmg_dubai.sahlastore.library.BaseLib">
    <ignored/>
  </testcase> <!-- @BeforeSuite createSheet -->
  <testcase name="@BeforeSuite createSheet" time="0.0" classname="com.lmg_dubai.sahlastore.library.BaseLib">
    <ignored/>
  </testcase> <!-- @BeforeSuite createSheet -->
  <testcase name="@BeforeSuite createSheet" time="0.0" classname="com.lmg_dubai.sahlastore.library.BaseLib">
    <ignored/>
  </testcase> <!-- @BeforeSuite createSheet -->
  <testcase name="@BeforeSuite createSheet" time="0.0" classname="com.lmg_dubai.sahlastore.library.BaseLib">
    <ignored/>
  </testcase> <!-- @BeforeSuite createSheet -->
  <testcase name="@BeforeSuite createSheet" time="0.0" classname="com.lmg_dubai.sahlastore.library.BaseLib">
    <ignored/>
  </testcase> <!-- @BeforeSuite createSheet -->
  <testcase name="@BeforeSuite createSheet" time="0.0" classname="com.lmg_dubai.sahlastore.library.BaseLib">
    <ignored/>
  </testcase> <!-- @BeforeSuite createSheet -->
  <testcase name="@BeforeSuite createSheet" time="0.0" classname="com.lmg_dubai.sahlastore.library.BaseLib">
    <ignored/>
  </testcase> <!-- @BeforeSuite createSheet -->
  <testcase name="@BeforeSuite createSheet" time="0.0" classname="com.lmg_dubai.sahlastore.library.BaseLib">
    <ignored/>
  </testcase> <!-- @BeforeSuite createSheet -->
  <testcase name="@BeforeSuite createSheet" time="0.0" classname="com.lmg_dubai.sahlastore.library.BaseLib">
    <ignored/>
  </testcase> <!-- @BeforeSuite createSheet -->
  <testcase name="@BeforeSuite createSheet" time="0.0" classname="com.lmg_dubai.sahlastore.library.BaseLib">
    <ignored/>
  </testcase> <!-- @BeforeSuite createSheet -->
  <testcase name="@BeforeSuite createSheet" time="0.0" classname="com.lmg_dubai.sahlastore.library.BaseLib">
    <ignored/>
  </testcase> <!-- @BeforeSuite createSheet -->
  <testcase name="@BeforeSuite createSheet" time="0.0" classname="com.lmg_dubai.sahlastore.library.BaseLib">
    <ignored/>
  </testcase> <!-- @BeforeSuite createSheet -->
  <testcase name="@BeforeSuite createSheet" time="0.0" classname="com.lmg_dubai.sahlastore.library.BaseLib">
    <ignored/>
  </testcase> <!-- @BeforeSuite createSheet -->
  <testcase name="@BeforeSuite createSheet" time="0.0" classname="com.lmg_dubai.sahlastore.library.BaseLib">
    <ignored/>
  </testcase> <!-- @BeforeSuite createSheet -->
  <testcase name="@BeforeSuite createSheet" time="0.0" classname="com.lmg_dubai.sahlastore.library.BaseLib">
    <ignored/>
  </testcase> <!-- @BeforeSuite createSheet -->
  <testcase name="@BeforeSuite createSheet" time="0.0" classname="com.lmg_dubai.sahlastore.library.BaseLib">
    <ignored/>
  </testcase> <!-- @BeforeSuite createSheet -->
  <testcase name="@BeforeSuite createSheet" time="0.0" classname="com.lmg_dubai.sahlastore.library.BaseLib">
    <ignored/>
  </testcase> <!-- @BeforeSuite createSheet -->
  <testcase name="@BeforeSuite createSheet" time="0.0" classname="com.lmg_dubai.sahlastore.library.BaseLib">
    <ignored/>
  </testcase> <!-- @BeforeSuite createSheet -->
  <testcase name="@BeforeSuite createSheet" time="0.0" classname="com.lmg_dubai.sahlastore.library.BaseLib">
    <ignored/>
  </testcase> <!-- @BeforeSuite createSheet -->
  <testcase name="@BeforeSuite createSheet" time="0.0" classname="com.lmg_dubai.sahlastore.library.BaseLib">
    <ignored/>
  </testcase> <!-- @BeforeSuite createSheet -->
  <testcase name="@BeforeSuite createSheet" time="0.0" classname="com.lmg_dubai.sahlastore.library.BaseLib">
    <ignored/>
  </testcase> <!-- @BeforeSuite createSheet -->
  <testcase name="@BeforeSuite createSheet" time="0.0" classname="com.lmg_dubai.sahlastore.library.BaseLib">
    <ignored/>
  </testcase> <!-- @BeforeSuite createSheet -->
  <testcase name="@BeforeSuite createSheet" time="0.0" classname="com.lmg_dubai.sahlastore.library.BaseLib">
    <ignored/>
  </testcase> <!-- @BeforeSuite createSheet -->
  <testcase name="@BeforeSuite createSheet" time="0.0" classname="com.lmg_dubai.sahlastore.library.BaseLib">
    <ignored/>
  </testcase> <!-- @BeforeSuite createSheet -->
  <testcase name="@BeforeSuite createSheet" time="0.0" classname="com.lmg_dubai.sahlastore.library.BaseLib">
    <ignored/>
  </testcase> <!-- @BeforeSuite createSheet -->
  <testcase name="@BeforeSuite createSheet" time="0.0" classname="com.lmg_dubai.sahlastore.library.BaseLib">
    <ignored/>
  </testcase> <!-- @BeforeSuite createSheet -->
  <testcase name="@BeforeSuite createSheet" time="0.0" classname="com.lmg_dubai.sahlastore.library.BaseLib">
    <ignored/>
  </testcase> <!-- @BeforeSuite createSheet -->
  <testcase name="@BeforeSuite createSheet" time="0.0" classname="com.lmg_dubai.sahlastore.library.BaseLib">
    <ignored/>
  </testcase> <!-- @BeforeSuite createSheet -->
  <testcase name="@BeforeSuite createSheet" time="0.0" classname="com.lmg_dubai.sahlastore.library.BaseLib">
    <ignored/>
  </testcase> <!-- @BeforeSuite createSheet -->
  <testcase name="@BeforeSuite createSheet" time="0.0" classname="com.lmg_dubai.sahlastore.library.BaseLib">
    <ignored/>
  </testcase> <!-- @BeforeSuite createSheet -->
  <testcase name="@BeforeSuite createSheet" time="0.0" classname="com.lmg_dubai.sahlastore.library.BaseLib">
    <ignored/>
  </testcase> <!-- @BeforeSuite createSheet -->
  <testcase name="@BeforeSuite createSheet" time="0.0" classname="com.lmg_dubai.sahlastore.library.BaseLib">
    <ignored/>
  </testcase> <!-- @BeforeSuite createSheet -->
  <testcase name="@BeforeSuite createSheet" time="0.0" classname="com.lmg_dubai.sahlastore.library.BaseLib">
    <ignored/>
  </testcase> <!-- @BeforeSuite createSheet -->
  <testcase name="@BeforeSuite createSheet" time="0.0" classname="com.lmg_dubai.sahlastore.library.BaseLib">
    <ignored/>
  </testcase> <!-- @BeforeSuite createSheet -->
  <testcase name="@BeforeSuite createSheet" time="0.0" classname="com.lmg_dubai.sahlastore.library.BaseLib">
    <ignored/>
  </testcase> <!-- @BeforeSuite createSheet -->
  <testcase name="@BeforeSuite createSheet" time="0.0" classname="com.lmg_dubai.sahlastore.library.BaseLib">
    <ignored/>
  </testcase> <!-- @BeforeSuite createSheet -->
  <testcase name="@BeforeSuite createSheet" time="0.0" classname="com.lmg_dubai.sahlastore.library.BaseLib">
    <ignored/>
  </testcase> <!-- @BeforeSuite createSheet -->
  <testcase name="@BeforeSuite createSheet" time="0.0" classname="com.lmg_dubai.sahlastore.library.BaseLib">
    <ignored/>
  </testcase> <!-- @BeforeSuite createSheet -->
  <testcase name="@BeforeSuite createSheet" time="0.0" classname="com.lmg_dubai.sahlastore.library.BaseLib">
    <ignored/>
  </testcase> <!-- @BeforeSuite createSheet -->
  <testcase name="@BeforeSuite createSheet" time="0.0" classname="com.lmg_dubai.sahlastore.library.BaseLib">
    <ignored/>
  </testcase> <!-- @BeforeSuite createSheet -->
  <testcase name="@BeforeSuite createSheet" time="0.0" classname="com.lmg_dubai.sahlastore.library.BaseLib">
    <ignored/>
  </testcase> <!-- @BeforeSuite createSheet -->
  <testcase name="@AfterSuite finish" time="0.0" classname="com.lmg_dubai.sahlastore.library.BaseLib">
    <ignored/>
  </testcase> <!-- @AfterSuite finish -->
  <testcase name="@AfterSuite finish" time="0.0" classname="com.lmg_dubai.sahlastore.library.BaseLib">
    <ignored/>
  </testcase> <!-- @AfterSuite finish -->
  <testcase name="@AfterSuite finish" time="0.0" classname="com.lmg_dubai.sahlastore.library.BaseLib">
    <ignored/>
  </testcase> <!-- @AfterSuite finish -->
  <testcase name="@AfterSuite finish" time="0.0" classname="com.lmg_dubai.sahlastore.library.BaseLib">
    <ignored/>
  </testcase> <!-- @AfterSuite finish -->
  <testcase name="@AfterSuite finish" time="0.0" classname="com.lmg_dubai.sahlastore.library.BaseLib">
    <ignored/>
  </testcase> <!-- @AfterSuite finish -->
  <testcase name="@AfterSuite finish" time="0.0" classname="com.lmg_dubai.sahlastore.library.BaseLib">
    <ignored/>
  </testcase> <!-- @AfterSuite finish -->
  <testcase name="@AfterSuite finish" time="0.0" classname="com.lmg_dubai.sahlastore.library.BaseLib">
    <ignored/>
  </testcase> <!-- @AfterSuite finish -->
  <testcase name="@AfterSuite finish" time="0.0" classname="com.lmg_dubai.sahlastore.library.BaseLib">
    <ignored/>
  </testcase> <!-- @AfterSuite finish -->
  <testcase name="@AfterSuite finish" time="0.0" classname="com.lmg_dubai.sahlastore.library.BaseLib">
    <ignored/>
  </testcase> <!-- @AfterSuite finish -->
  <testcase name="@AfterSuite finish" time="0.0" classname="com.lmg_dubai.sahlastore.library.BaseLib">
    <ignored/>
  </testcase> <!-- @AfterSuite finish -->
  <testcase name="@AfterSuite finish" time="0.0" classname="com.lmg_dubai.sahlastore.library.BaseLib">
    <ignored/>
  </testcase> <!-- @AfterSuite finish -->
  <testcase name="@AfterSuite finish" time="0.0" classname="com.lmg_dubai.sahlastore.library.BaseLib">
    <ignored/>
  </testcase> <!-- @AfterSuite finish -->
  <testcase name="@AfterSuite finish" time="0.0" classname="com.lmg_dubai.sahlastore.library.BaseLib">
    <ignored/>
  </testcase> <!-- @AfterSuite finish -->
  <testcase name="@AfterSuite finish" time="0.0" classname="com.lmg_dubai.sahlastore.library.BaseLib">
    <ignored/>
  </testcase> <!-- @AfterSuite finish -->
  <testcase name="@AfterSuite finish" time="0.0" classname="com.lmg_dubai.sahlastore.library.BaseLib">
    <ignored/>
  </testcase> <!-- @AfterSuite finish -->
  <testcase name="@AfterSuite finish" time="0.0" classname="com.lmg_dubai.sahlastore.library.BaseLib">
    <ignored/>
  </testcase> <!-- @AfterSuite finish -->
  <testcase name="@AfterSuite finish" time="0.0" classname="com.lmg_dubai.sahlastore.library.BaseLib">
    <ignored/>
  </testcase> <!-- @AfterSuite finish -->
  <testcase name="@AfterSuite finish" time="0.0" classname="com.lmg_dubai.sahlastore.library.BaseLib">
    <ignored/>
  </testcase> <!-- @AfterSuite finish -->
  <testcase name="@AfterSuite finish" time="0.0" classname="com.lmg_dubai.sahlastore.library.BaseLib">
    <ignored/>
  </testcase> <!-- @AfterSuite finish -->
  <testcase name="@AfterSuite finish" time="0.0" classname="com.lmg_dubai.sahlastore.library.BaseLib">
    <ignored/>
  </testcase> <!-- @AfterSuite finish -->
  <testcase name="@AfterSuite finish" time="0.0" classname="com.lmg_dubai.sahlastore.library.BaseLib">
    <ignored/>
  </testcase> <!-- @AfterSuite finish -->
  <testcase name="@AfterSuite finish" time="0.0" classname="com.lmg_dubai.sahlastore.library.BaseLib">
    <ignored/>
  </testcase> <!-- @AfterSuite finish -->
  <testcase name="@AfterSuite finish" time="0.0" classname="com.lmg_dubai.sahlastore.library.BaseLib">
    <ignored/>
  </testcase> <!-- @AfterSuite finish -->
  <testcase name="@AfterSuite finish" time="0.0" classname="com.lmg_dubai.sahlastore.library.BaseLib">
    <ignored/>
  </testcase> <!-- @AfterSuite finish -->
  <testcase name="@AfterSuite finish" time="0.0" classname="com.lmg_dubai.sahlastore.library.BaseLib">
    <ignored/>
  </testcase> <!-- @AfterSuite finish -->
  <testcase name="@AfterSuite finish" time="0.0" classname="com.lmg_dubai.sahlastore.library.BaseLib">
    <ignored/>
  </testcase> <!-- @AfterSuite finish -->
  <testcase name="@AfterSuite finish" time="0.0" classname="com.lmg_dubai.sahlastore.library.BaseLib">
    <ignored/>
  </testcase> <!-- @AfterSuite finish -->
  <testcase name="@AfterSuite finish" time="0.0" classname="com.lmg_dubai.sahlastore.library.BaseLib">
    <ignored/>
  </testcase> <!-- @AfterSuite finish -->
  <testcase name="@AfterSuite finish" time="0.0" classname="com.lmg_dubai.sahlastore.library.BaseLib">
    <ignored/>
  </testcase> <!-- @AfterSuite finish -->
  <testcase name="@AfterSuite finish" time="0.0" classname="com.lmg_dubai.sahlastore.library.BaseLib">
    <ignored/>
  </testcase> <!-- @AfterSuite finish -->
  <testcase name="@AfterSuite finish" time="0.0" classname="com.lmg_dubai.sahlastore.library.BaseLib">
    <ignored/>
  </testcase> <!-- @AfterSuite finish -->
  <testcase name="@AfterSuite finish" time="0.0" classname="com.lmg_dubai.sahlastore.library.BaseLib">
    <ignored/>
  </testcase> <!-- @AfterSuite finish -->
  <testcase name="@AfterSuite finish" time="0.0" classname="com.lmg_dubai.sahlastore.library.BaseLib">
    <ignored/>
  </testcase> <!-- @AfterSuite finish -->
  <testcase name="@AfterSuite finish" time="0.0" classname="com.lmg_dubai.sahlastore.library.BaseLib">
    <ignored/>
  </testcase> <!-- @AfterSuite finish -->
  <testcase name="@AfterSuite finish" time="0.0" classname="com.lmg_dubai.sahlastore.library.BaseLib">
    <ignored/>
  </testcase> <!-- @AfterSuite finish -->
  <testcase name="@AfterSuite finish" time="0.0" classname="com.lmg_dubai.sahlastore.library.BaseLib">
    <ignored/>
  </testcase> <!-- @AfterSuite finish -->
  <testcase name="@AfterSuite finish" time="0.0" classname="com.lmg_dubai.sahlastore.library.BaseLib">
    <ignored/>
  </testcase> <!-- @AfterSuite finish -->
  <testcase name="@AfterSuite finish" time="0.0" classname="com.lmg_dubai.sahlastore.library.BaseLib">
    <ignored/>
  </testcase> <!-- @AfterSuite finish -->
  <testcase name="@AfterSuite finish" time="0.0" classname="com.lmg_dubai.sahlastore.library.BaseLib">
    <ignored/>
  </testcase> <!-- @AfterSuite finish -->
  <testcase name="@AfterSuite finish" time="0.0" classname="com.lmg_dubai.sahlastore.library.BaseLib">
    <ignored/>
  </testcase> <!-- @AfterSuite finish -->
  <testcase name="@AfterSuite finish" time="0.0" classname="com.lmg_dubai.sahlastore.library.BaseLib">
    <ignored/>
  </testcase> <!-- @AfterSuite finish -->
  <testcase name="@AfterSuite finish" time="0.0" classname="com.lmg_dubai.sahlastore.library.BaseLib">
    <ignored/>
  </testcase> <!-- @AfterSuite finish -->
  <testcase name="@AfterSuite finish" time="0.0" classname="com.lmg_dubai.sahlastore.library.BaseLib">
    <ignored/>
  </testcase> <!-- @AfterSuite finish -->
  <testcase name="@AfterSuite finish" time="0.0" classname="com.lmg_dubai.sahlastore.library.BaseLib">
    <ignored/>
  </testcase> <!-- @AfterSuite finish -->
</testsuite> <!-- RegressionTest -->
