<?xml version="1.0" encoding="UTF-8"?>
<testng-results skipped="0" failed="26" ignored="88" total="133" passed="19">
  <reporter-output>
  </reporter-output>
  <suite name="SahlaStoreAutomation" duration-ms="8329186" started-at="2020-11-01T18:46:50Z" finished-at="2020-11-01T21:05:39Z">
    <groups>
    </groups>
    <test name="RegressionTest" duration-ms="8329186" started-at="2020-11-01T18:46:50Z" finished-at="2020-11-01T21:05:39Z">
      <class name="com.lmg_dubai.sahlastore.inventory.SStore_TS48105_Inventory_SendStoreTransfer">
        <test-method status="PASS" signature="_LaunchApp()[pri:0, instance:com.lmg_dubai.sahlastore.inventory.SStore_TS48105_Inventory_SendStoreTransfer@7db12bb6]" name="_LaunchApp" is-config="true" duration-ms="15038" started-at="2020-11-02T00:52:45Z" finished-at="2020-11-02T00:53:00Z">
          <reporter-output>
          </reporter-output>
        </test-method> <!-- _LaunchApp -->
        <test-method status="FAIL" signature="ts48105()[pri:0, instance:com.lmg_dubai.sahlastore.inventory.SStore_TS48105_Inventory_SendStoreTransfer@7db12bb6]" name="ts48105" duration-ms="130008" started-at="2020-11-02T00:53:00Z" finished-at="2020-11-02T00:55:10Z">
          <exception class="org.openqa.selenium.TimeoutException">
            <message>
              <![CDATA[Expected condition failed: waiting for presence of element located by: By.xpath: //android.widget.TextView[@text='Dispatch'] (tried for 30 second(s) with 500 MILLISECONDS interval)]]>
            </message>
            <full-stacktrace>
              <![CDATA[org.openqa.selenium.TimeoutException: Expected condition failed: waiting for presence of element located by: By.xpath: //android.widget.TextView[@text='Dispatch'] (tried for 30 second(s) with 500 MILLISECONDS interval)
	at org.openqa.selenium.support.ui.WebDriverWait.timeoutException(WebDriverWait.java:82)
	at org.openqa.selenium.support.ui.FluentWait.until(FluentWait.java:231)
	at com.lmg_dubai.sahlastore.library.GenericLib.explicitWait(GenericLib.java:611)
	at com.lmg_dubai.sahlastore.pages.InventoryStoreTransferPage.dispatchPendingTransferSPCPLoc(InventoryStoreTransferPage.java:527)
	at com.lmg_dubai.sahlastore.inventory.SStore_TS48105_Inventory_SendStoreTransfer.ts48105(SStore_TS48105_Inventory_SendStoreTransfer.java:23)
	at sun.reflect.NativeMethodAccessorImpl.invoke0(Native Method)
	at sun.reflect.NativeMethodAccessorImpl.invoke(Unknown Source)
	at sun.reflect.DelegatingMethodAccessorImpl.invoke(Unknown Source)
	at java.lang.reflect.Method.invoke(Unknown Source)
	at org.testng.internal.MethodInvocationHelper.invokeMethod(MethodInvocationHelper.java:104)
	at org.testng.internal.Invoker.invokeMethod(Invoker.java:645)
	at org.testng.internal.Invoker.invokeTestMethod(Invoker.java:851)
	at org.testng.internal.Invoker.invokeTestMethods(Invoker.java:1177)
	at org.testng.internal.TestMethodWorker.invokeTestMethods(TestMethodWorker.java:129)
	at org.testng.internal.TestMethodWorker.run(TestMethodWorker.java:112)
	at org.testng.TestRunner.privateRun(TestRunner.java:756)
	at org.testng.TestRunner.run(TestRunner.java:610)
	at org.testng.SuiteRunner.runTest(SuiteRunner.java:387)
	at org.testng.SuiteRunner.runSequentially(SuiteRunner.java:382)
	at org.testng.SuiteRunner.privateRun(SuiteRunner.java:340)
	at org.testng.SuiteRunner.run(SuiteRunner.java:289)
	at org.testng.SuiteRunnerWorker.runSuite(SuiteRunnerWorker.java:52)
	at org.testng.SuiteRunnerWorker.run(SuiteRunnerWorker.java:86)
	at org.testng.TestNG.runSuitesSequentially(TestNG.java:1293)
	at org.testng.TestNG.runSuitesLocally(TestNG.java:1218)
	at org.testng.TestNG.runSuites(TestNG.java:1133)
	at org.testng.TestNG.run(TestNG.java:1104)
	at org.testng.remote.AbstractRemoteTestNG.run(AbstractRemoteTestNG.java:115)
	at org.testng.remote.RemoteTestNG.initAndRun(RemoteTestNG.java:251)
	at org.testng.remote.RemoteTestNG.main(RemoteTestNG.java:77)
Caused by: org.openqa.selenium.NoSuchElementException: Cannot locate an element using By.xpath: //android.widget.TextView[@text='Dispatch']
For documentation on this error, please visit: http://seleniumhq.org/exceptions/no_such_element.html
Build info: version: '3.7.1', revision: '8a0099a', time: '2017-11-06T21:01:39.354Z'
System info: host: 'LAPTOP-38LR7550', ip: '192.168.0.4', os.name: 'Windows 10', os.arch: 'amd64', os.version: '10.0', java.version: '1.8.0_91'
Driver info: driver.version: unknown
	at org.openqa.selenium.support.ui.ExpectedConditions.lambda$findElement$0(ExpectedConditions.java:882)
	at java.util.Optional.orElseThrow(Unknown Source)
	at org.openqa.selenium.support.ui.ExpectedConditions.findElement(ExpectedConditions.java:881)
	at org.openqa.selenium.support.ui.ExpectedConditions.access$000(ExpectedConditions.java:43)
	at org.openqa.selenium.support.ui.ExpectedConditions$6.apply(ExpectedConditions.java:182)
	at org.openqa.selenium.support.ui.ExpectedConditions$6.apply(ExpectedConditions.java:179)
	at org.openqa.selenium.support.ui.FluentWait.until(FluentWait.java:208)
	... 28 more
]]>
            </full-stacktrace>
          </exception> <!-- org.openqa.selenium.TimeoutException -->
          <reporter-output>
          </reporter-output>
        </test-method> <!-- ts48105 -->
        <test-method status="PASS" signature="result(org.testng.ITestResult)[pri:0, instance:com.lmg_dubai.sahlastore.inventory.SStore_TS48105_Inventory_SendStoreTransfer@7db12bb6]" name="result" is-config="true" duration-ms="9965" started-at="2020-11-02T00:55:10Z" finished-at="2020-11-02T00:55:20Z">
          <params>
            <param index="0">
              <value>
                <![CDATA[[TestResult name=ts48105 status=FAILURE method=SStore_TS48105_Inventory_SendStoreTransfer.ts48105()[pri:0, instance:com.lmg_dubai.sahlastore.inventory.SStore_TS48105_Inventory_SendStoreTransfer@7db12bb6] output={null}]]]>
              </value>
            </param>
          </params>
          <reporter-output>
          </reporter-output>
        </test-method> <!-- result -->
      </class> <!-- com.lmg_dubai.sahlastore.inventory.SStore_TS48105_Inventory_SendStoreTransfer -->
      <class name="com.lmg_dubai.sahlastore.inventory.SStore_TS48098_Inventory_SendStoreTransfer">
        <test-method status="PASS" signature="_LaunchApp()[pri:0, instance:com.lmg_dubai.sahlastore.inventory.SStore_TS48098_Inventory_SendStoreTransfer@506ae4d4]" name="_LaunchApp" is-config="true" duration-ms="14589" started-at="2020-11-02T00:34:08Z" finished-at="2020-11-02T00:34:23Z">
          <reporter-output>
          </reporter-output>
        </test-method> <!-- _LaunchApp -->
        <test-method status="PASS" signature="ts48098()[pri:0, instance:com.lmg_dubai.sahlastore.inventory.SStore_TS48098_Inventory_SendStoreTransfer@506ae4d4]" name="ts48098" duration-ms="117436" started-at="2020-11-02T00:34:23Z" finished-at="2020-11-02T00:36:20Z">
          <reporter-output>
          </reporter-output>
        </test-method> <!-- ts48098 -->
        <test-method status="PASS" signature="result(org.testng.ITestResult)[pri:0, instance:com.lmg_dubai.sahlastore.inventory.SStore_TS48098_Inventory_SendStoreTransfer@506ae4d4]" name="result" is-config="true" duration-ms="13484" started-at="2020-11-02T00:36:20Z" finished-at="2020-11-02T00:36:34Z">
          <params>
            <param index="0">
              <value>
                <![CDATA[[TestResult name=ts48098 status=SUCCESS method=SStore_TS48098_Inventory_SendStoreTransfer.ts48098()[pri:0, instance:com.lmg_dubai.sahlastore.inventory.SStore_TS48098_Inventory_SendStoreTransfer@506ae4d4] output={null}]]]>
              </value>
            </param>
          </params>
          <reporter-output>
          </reporter-output>
        </test-method> <!-- result -->
      </class> <!-- com.lmg_dubai.sahlastore.inventory.SStore_TS48098_Inventory_SendStoreTransfer -->
      <class name="com.lmg_dubai.sahlastore.inventory.SStore_TS48141_Inventory_ReceiveTransferIn">
        <test-method status="PASS" signature="_LaunchApp()[pri:0, instance:com.lmg_dubai.sahlastore.inventory.SStore_TS48141_Inventory_ReceiveTransferIn@121314f7]" name="_LaunchApp" is-config="true" duration-ms="12580" started-at="2020-11-02T01:38:02Z" finished-at="2020-11-02T01:38:15Z">
          <reporter-output>
          </reporter-output>
        </test-method> <!-- _LaunchApp -->
        <test-method status="FAIL" signature="ts48141()[pri:0, instance:com.lmg_dubai.sahlastore.inventory.SStore_TS48141_Inventory_ReceiveTransferIn@121314f7]" name="ts48141" duration-ms="203386" started-at="2020-11-02T01:38:15Z" finished-at="2020-11-02T01:41:38Z">
          <exception class="org.openqa.selenium.TimeoutException">
            <message>
              <![CDATA[Expected condition failed: waiting for presence of element located by: By.xpath: //android.widget.TextView[@text='Dispatch'] (tried for 30 second(s) with 500 MILLISECONDS interval)]]>
            </message>
            <full-stacktrace>
              <![CDATA[org.openqa.selenium.TimeoutException: Expected condition failed: waiting for presence of element located by: By.xpath: //android.widget.TextView[@text='Dispatch'] (tried for 30 second(s) with 500 MILLISECONDS interval)
	at org.openqa.selenium.support.ui.WebDriverWait.timeoutException(WebDriverWait.java:82)
	at org.openqa.selenium.support.ui.FluentWait.until(FluentWait.java:231)
	at com.lmg_dubai.sahlastore.library.GenericLib.explicitWait(GenericLib.java:611)
	at com.lmg_dubai.sahlastore.pages.InventoryStoreTransferPage.dispatchPendingTransferLSCPLoc(InventoryStoreTransferPage.java:507)
	at com.lmg_dubai.sahlastore.inventory.SStore_TS48141_Inventory_ReceiveTransferIn.ts48141(SStore_TS48141_Inventory_ReceiveTransferIn.java:29)
	at sun.reflect.NativeMethodAccessorImpl.invoke0(Native Method)
	at sun.reflect.NativeMethodAccessorImpl.invoke(Unknown Source)
	at sun.reflect.DelegatingMethodAccessorImpl.invoke(Unknown Source)
	at java.lang.reflect.Method.invoke(Unknown Source)
	at org.testng.internal.MethodInvocationHelper.invokeMethod(MethodInvocationHelper.java:104)
	at org.testng.internal.Invoker.invokeMethod(Invoker.java:645)
	at org.testng.internal.Invoker.invokeTestMethod(Invoker.java:851)
	at org.testng.internal.Invoker.invokeTestMethods(Invoker.java:1177)
	at org.testng.internal.TestMethodWorker.invokeTestMethods(TestMethodWorker.java:129)
	at org.testng.internal.TestMethodWorker.run(TestMethodWorker.java:112)
	at org.testng.TestRunner.privateRun(TestRunner.java:756)
	at org.testng.TestRunner.run(TestRunner.java:610)
	at org.testng.SuiteRunner.runTest(SuiteRunner.java:387)
	at org.testng.SuiteRunner.runSequentially(SuiteRunner.java:382)
	at org.testng.SuiteRunner.privateRun(SuiteRunner.java:340)
	at org.testng.SuiteRunner.run(SuiteRunner.java:289)
	at org.testng.SuiteRunnerWorker.runSuite(SuiteRunnerWorker.java:52)
	at org.testng.SuiteRunnerWorker.run(SuiteRunnerWorker.java:86)
	at org.testng.TestNG.runSuitesSequentially(TestNG.java:1293)
	at org.testng.TestNG.runSuitesLocally(TestNG.java:1218)
	at org.testng.TestNG.runSuites(TestNG.java:1133)
	at org.testng.TestNG.run(TestNG.java:1104)
	at org.testng.remote.AbstractRemoteTestNG.run(AbstractRemoteTestNG.java:115)
	at org.testng.remote.RemoteTestNG.initAndRun(RemoteTestNG.java:251)
	at org.testng.remote.RemoteTestNG.main(RemoteTestNG.java:77)
Caused by: org.openqa.selenium.NoSuchElementException: Cannot locate an element using By.xpath: //android.widget.TextView[@text='Dispatch']
For documentation on this error, please visit: http://seleniumhq.org/exceptions/no_such_element.html
Build info: version: '3.7.1', revision: '8a0099a', time: '2017-11-06T21:01:39.354Z'
System info: host: 'LAPTOP-38LR7550', ip: '192.168.0.4', os.name: 'Windows 10', os.arch: 'amd64', os.version: '10.0', java.version: '1.8.0_91'
Driver info: driver.version: unknown
	at org.openqa.selenium.support.ui.ExpectedConditions.lambda$findElement$0(ExpectedConditions.java:882)
	at java.util.Optional.orElseThrow(Unknown Source)
	at org.openqa.selenium.support.ui.ExpectedConditions.findElement(ExpectedConditions.java:881)
	at org.openqa.selenium.support.ui.ExpectedConditions.access$000(ExpectedConditions.java:43)
	at org.openqa.selenium.support.ui.ExpectedConditions$6.apply(ExpectedConditions.java:182)
	at org.openqa.selenium.support.ui.ExpectedConditions$6.apply(ExpectedConditions.java:179)
	at org.openqa.selenium.support.ui.FluentWait.until(FluentWait.java:208)
	... 28 more
]]>
            </full-stacktrace>
          </exception> <!-- org.openqa.selenium.TimeoutException -->
          <reporter-output>
          </reporter-output>
        </test-method> <!-- ts48141 -->
        <test-method status="PASS" signature="result(org.testng.ITestResult)[pri:0, instance:com.lmg_dubai.sahlastore.inventory.SStore_TS48141_Inventory_ReceiveTransferIn@121314f7]" name="result" is-config="true" duration-ms="5247" started-at="2020-11-02T01:41:39Z" finished-at="2020-11-02T01:41:44Z">
          <params>
            <param index="0">
              <value>
                <![CDATA[[TestResult name=ts48141 status=FAILURE method=SStore_TS48141_Inventory_ReceiveTransferIn.ts48141()[pri:0, instance:com.lmg_dubai.sahlastore.inventory.SStore_TS48141_Inventory_ReceiveTransferIn@121314f7] output={null}]]]>
              </value>
            </param>
          </params>
          <reporter-output>
          </reporter-output>
        </test-method> <!-- result -->
      </class> <!-- com.lmg_dubai.sahlastore.inventory.SStore_TS48141_Inventory_ReceiveTransferIn -->
      <class name="com.lmg_dubai.sahlastore.inventory.SStore_TS48101_Inventory_SendStoreTransfer">
        <test-method status="PASS" signature="_LaunchApp()[pri:0, instance:com.lmg_dubai.sahlastore.inventory.SStore_TS48101_Inventory_SendStoreTransfer@54e1c68b]" name="_LaunchApp" is-config="true" duration-ms="15287" started-at="2020-11-02T00:42:27Z" finished-at="2020-11-02T00:42:42Z">
          <reporter-output>
          </reporter-output>
        </test-method> <!-- _LaunchApp -->
        <test-method status="FAIL" signature="ts48101()[pri:0, instance:com.lmg_dubai.sahlastore.inventory.SStore_TS48101_Inventory_SendStoreTransfer@54e1c68b]" name="ts48101" duration-ms="129598" started-at="2020-11-02T00:42:42Z" finished-at="2020-11-02T00:44:52Z">
          <exception class="org.openqa.selenium.TimeoutException">
            <message>
              <![CDATA[Expected condition failed: waiting for presence of element located by: By.xpath: //android.widget.TextView[@text='Dispatch'] (tried for 30 second(s) with 500 MILLISECONDS interval)]]>
            </message>
            <full-stacktrace>
              <![CDATA[org.openqa.selenium.TimeoutException: Expected condition failed: waiting for presence of element located by: By.xpath: //android.widget.TextView[@text='Dispatch'] (tried for 30 second(s) with 500 MILLISECONDS interval)
	at org.openqa.selenium.support.ui.WebDriverWait.timeoutException(WebDriverWait.java:82)
	at org.openqa.selenium.support.ui.FluentWait.until(FluentWait.java:231)
	at com.lmg_dubai.sahlastore.library.GenericLib.explicitWait(GenericLib.java:611)
	at com.lmg_dubai.sahlastore.pages.InventoryStoreTransferPage.dispatchPendingTransfer(InventoryStoreTransferPage.java:447)
	at com.lmg_dubai.sahlastore.inventory.SStore_TS48101_Inventory_SendStoreTransfer.ts48101(SStore_TS48101_Inventory_SendStoreTransfer.java:24)
	at sun.reflect.NativeMethodAccessorImpl.invoke0(Native Method)
	at sun.reflect.NativeMethodAccessorImpl.invoke(Unknown Source)
	at sun.reflect.DelegatingMethodAccessorImpl.invoke(Unknown Source)
	at java.lang.reflect.Method.invoke(Unknown Source)
	at org.testng.internal.MethodInvocationHelper.invokeMethod(MethodInvocationHelper.java:104)
	at org.testng.internal.Invoker.invokeMethod(Invoker.java:645)
	at org.testng.internal.Invoker.invokeTestMethod(Invoker.java:851)
	at org.testng.internal.Invoker.invokeTestMethods(Invoker.java:1177)
	at org.testng.internal.TestMethodWorker.invokeTestMethods(TestMethodWorker.java:129)
	at org.testng.internal.TestMethodWorker.run(TestMethodWorker.java:112)
	at org.testng.TestRunner.privateRun(TestRunner.java:756)
	at org.testng.TestRunner.run(TestRunner.java:610)
	at org.testng.SuiteRunner.runTest(SuiteRunner.java:387)
	at org.testng.SuiteRunner.runSequentially(SuiteRunner.java:382)
	at org.testng.SuiteRunner.privateRun(SuiteRunner.java:340)
	at org.testng.SuiteRunner.run(SuiteRunner.java:289)
	at org.testng.SuiteRunnerWorker.runSuite(SuiteRunnerWorker.java:52)
	at org.testng.SuiteRunnerWorker.run(SuiteRunnerWorker.java:86)
	at org.testng.TestNG.runSuitesSequentially(TestNG.java:1293)
	at org.testng.TestNG.runSuitesLocally(TestNG.java:1218)
	at org.testng.TestNG.runSuites(TestNG.java:1133)
	at org.testng.TestNG.run(TestNG.java:1104)
	at org.testng.remote.AbstractRemoteTestNG.run(AbstractRemoteTestNG.java:115)
	at org.testng.remote.RemoteTestNG.initAndRun(RemoteTestNG.java:251)
	at org.testng.remote.RemoteTestNG.main(RemoteTestNG.java:77)
Caused by: org.openqa.selenium.NoSuchElementException: Cannot locate an element using By.xpath: //android.widget.TextView[@text='Dispatch']
For documentation on this error, please visit: http://seleniumhq.org/exceptions/no_such_element.html
Build info: version: '3.7.1', revision: '8a0099a', time: '2017-11-06T21:01:39.354Z'
System info: host: 'LAPTOP-38LR7550', ip: '192.168.0.4', os.name: 'Windows 10', os.arch: 'amd64', os.version: '10.0', java.version: '1.8.0_91'
Driver info: driver.version: unknown
	at org.openqa.selenium.support.ui.ExpectedConditions.lambda$findElement$0(ExpectedConditions.java:882)
	at java.util.Optional.orElseThrow(Unknown Source)
	at org.openqa.selenium.support.ui.ExpectedConditions.findElement(ExpectedConditions.java:881)
	at org.openqa.selenium.support.ui.ExpectedConditions.access$000(ExpectedConditions.java:43)
	at org.openqa.selenium.support.ui.ExpectedConditions$6.apply(ExpectedConditions.java:182)
	at org.openqa.selenium.support.ui.ExpectedConditions$6.apply(ExpectedConditions.java:179)
	at org.openqa.selenium.support.ui.FluentWait.until(FluentWait.java:208)
	... 28 more
]]>
            </full-stacktrace>
          </exception> <!-- org.openqa.selenium.TimeoutException -->
          <reporter-output>
          </reporter-output>
        </test-method> <!-- ts48101 -->
        <test-method status="PASS" signature="result(org.testng.ITestResult)[pri:0, instance:com.lmg_dubai.sahlastore.inventory.SStore_TS48101_Inventory_SendStoreTransfer@54e1c68b]" name="result" is-config="true" duration-ms="11425" started-at="2020-11-02T00:44:52Z" finished-at="2020-11-02T00:45:03Z">
          <params>
            <param index="0">
              <value>
                <![CDATA[[TestResult name=ts48101 status=FAILURE method=SStore_TS48101_Inventory_SendStoreTransfer.ts48101()[pri:0, instance:com.lmg_dubai.sahlastore.inventory.SStore_TS48101_Inventory_SendStoreTransfer@54e1c68b] output={null}]]]>
              </value>
            </param>
          </params>
          <reporter-output>
          </reporter-output>
        </test-method> <!-- result -->
      </class> <!-- com.lmg_dubai.sahlastore.inventory.SStore_TS48101_Inventory_SendStoreTransfer -->
      <class name="com.lmg_dubai.sahlastore.inventory.SStore_TS48438_Count_UnitAmountStockCount">
        <test-method status="PASS" signature="_LaunchApp()[pri:0, instance:com.lmg_dubai.sahlastore.inventory.SStore_TS48438_Count_UnitAmountStockCount@4a883b15]" name="_LaunchApp" is-config="true" duration-ms="11129" started-at="2020-11-02T02:32:41Z" finished-at="2020-11-02T02:32:52Z">
          <reporter-output>
          </reporter-output>
        </test-method> <!-- _LaunchApp -->
        <test-method status="FAIL" signature="ts48438()[pri:0, instance:com.lmg_dubai.sahlastore.inventory.SStore_TS48438_Count_UnitAmountStockCount@4a883b15]" name="ts48438" duration-ms="166075" started-at="2020-11-02T02:32:52Z" finished-at="2020-11-02T02:35:38Z">
          <exception class="org.openqa.selenium.WebDriverException">
            <message>
              <![CDATA[An unknown server-side error occurred while processing the command. Original error: io.appium.uiautomator2.common.exceptions.UiAutomator2Exception: Timed out after 10000 milliseconds waiting for root AccessibilityNodeInfo
Build info: version: '3.7.1', revision: '8a0099a', time: '2017-11-06T21:01:39.354Z'
System info: host: 'LAPTOP-38LR7550', ip: '192.168.0.4', os.name: 'Windows 10', os.arch: 'amd64', os.version: '10.0', java.version: '1.8.0_91'
Driver info: io.appium.java_client.android.AndroidDriver
Capabilities {adbExecTimeout: 450000, allowDenyPermission: true, appActivity: crc646ee66886a7a00442.Splas..., appPackage: com.landmarkgroup.sahla, autoAcceptAlert: true, autoGrantPermissions: true, automationName: uiautomator2, databaseEnabled: false, desired: {adbExecTimeout: 450000, allowDenyPermission: true, appActivity: crc646ee66886a7a00442.Splas..., appPackage: com.landmarkgroup.sahla, autoAcceptAlert: true, autoGrantPermissions: true, automationName: uiautomator2, deviceName: Redmi, fullReset: false, newCommandTimeout: 450000, noReset: true, platformName: android, platformVersion: 10.0, systemPort: 8200, udid: emulator-5554, waitForIdleTimeout: 5000}, deviceApiLevel: 29, deviceManufacturer: Google, deviceModel: Android SDK built for x86, deviceName: emulator-5554, deviceScreenDensity: 440, deviceScreenSize: 1080x2160, deviceUDID: emulator-5554, fullReset: false, javascriptEnabled: true, locationContextEnabled: false, networkConnectionEnabled: true, newCommandTimeout: 450000, noReset: true, pixelRatio: 2.75, platform: LINUX, platformName: LINUX, platformVersion: 10, statBarHeight: 66, systemPort: 8200, takesScreenshot: true, udid: emulator-5554, viewportRect: {height: 1962, left: 0, top: 66, width: 1080}, waitForIdleTimeout: 5000, warnings: {}, webStorageEnabled: false}
Session ID: 1d6a20c9-b5f8-444a-9d19-3a8ee60fdcfb
*** Element info: {Using=xpath, value=//android.widget.TextView[@content-desc='StoreTitle']}]]>
            </message>
            <full-stacktrace>
              <![CDATA[org.openqa.selenium.WebDriverException: An unknown server-side error occurred while processing the command. Original error: io.appium.uiautomator2.common.exceptions.UiAutomator2Exception: Timed out after 10000 milliseconds waiting for root AccessibilityNodeInfo
Build info: version: '3.7.1', revision: '8a0099a', time: '2017-11-06T21:01:39.354Z'
System info: host: 'LAPTOP-38LR7550', ip: '192.168.0.4', os.name: 'Windows 10', os.arch: 'amd64', os.version: '10.0', java.version: '1.8.0_91'
Driver info: io.appium.java_client.android.AndroidDriver
Capabilities {adbExecTimeout: 450000, allowDenyPermission: true, appActivity: crc646ee66886a7a00442.Splas..., appPackage: com.landmarkgroup.sahla, autoAcceptAlert: true, autoGrantPermissions: true, automationName: uiautomator2, databaseEnabled: false, desired: {adbExecTimeout: 450000, allowDenyPermission: true, appActivity: crc646ee66886a7a00442.Splas..., appPackage: com.landmarkgroup.sahla, autoAcceptAlert: true, autoGrantPermissions: true, automationName: uiautomator2, deviceName: Redmi, fullReset: false, newCommandTimeout: 450000, noReset: true, platformName: android, platformVersion: 10.0, systemPort: 8200, udid: emulator-5554, waitForIdleTimeout: 5000}, deviceApiLevel: 29, deviceManufacturer: Google, deviceModel: Android SDK built for x86, deviceName: emulator-5554, deviceScreenDensity: 440, deviceScreenSize: 1080x2160, deviceUDID: emulator-5554, fullReset: false, javascriptEnabled: true, locationContextEnabled: false, networkConnectionEnabled: true, newCommandTimeout: 450000, noReset: true, pixelRatio: 2.75, platform: LINUX, platformName: LINUX, platformVersion: 10, statBarHeight: 66, systemPort: 8200, takesScreenshot: true, udid: emulator-5554, viewportRect: {height: 1962, left: 0, top: 66, width: 1080}, waitForIdleTimeout: 5000, warnings: {}, webStorageEnabled: false}
Session ID: 1d6a20c9-b5f8-444a-9d19-3a8ee60fdcfb
*** Element info: {Using=xpath, value=//android.widget.TextView[@content-desc='StoreTitle']}
	at sun.reflect.GeneratedConstructorAccessor89.newInstance(Unknown Source)
	at sun.reflect.DelegatingConstructorAccessorImpl.newInstance(Unknown Source)
	at java.lang.reflect.Constructor.newInstance(Unknown Source)
	at org.openqa.selenium.remote.http.W3CHttpResponseCodec.createException(W3CHttpResponseCodec.java:187)
	at org.openqa.selenium.remote.http.W3CHttpResponseCodec.decode(W3CHttpResponseCodec.java:122)
	at org.openqa.selenium.remote.http.W3CHttpResponseCodec.decode(W3CHttpResponseCodec.java:49)
	at org.openqa.selenium.remote.HttpCommandExecutor.execute(HttpCommandExecutor.java:164)
	at io.appium.java_client.remote.AppiumCommandExecutor.execute(AppiumCommandExecutor.java:69)
	at org.openqa.selenium.remote.RemoteWebDriver.execute(RemoteWebDriver.java:600)
	at io.appium.java_client.DefaultGenericMobileDriver.execute(DefaultGenericMobileDriver.java:40)
	at io.appium.java_client.AppiumDriver.execute(AppiumDriver.java:1)
	at io.appium.java_client.android.AndroidDriver.execute(AndroidDriver.java:1)
	at org.openqa.selenium.remote.RemoteWebDriver.findElements(RemoteWebDriver.java:397)
	at io.appium.java_client.DefaultGenericMobileDriver.findElements(DefaultGenericMobileDriver.java:48)
	at io.appium.java_client.AppiumDriver.findElements(AppiumDriver.java:195)
	at org.openqa.selenium.remote.RemoteWebDriver.findElementsByXPath(RemoteWebDriver.java:476)
	at io.appium.java_client.DefaultGenericMobileDriver.findElementsByXPath(DefaultGenericMobileDriver.java:138)
	at io.appium.java_client.AppiumDriver.findElementsByXPath(AppiumDriver.java:227)
	at org.openqa.selenium.By$ByXPath.findElements(By.java:356)
	at org.openqa.selenium.remote.RemoteWebDriver.findElements(RemoteWebDriver.java:358)
	at io.appium.java_client.DefaultGenericMobileDriver.findElements(DefaultGenericMobileDriver.java:44)
	at io.appium.java_client.AppiumDriver.findElements(AppiumDriver.java:191)
	at org.openqa.selenium.support.pagefactory.DefaultElementLocator.findElements(DefaultElementLocator.java:85)
	at org.openqa.selenium.support.pagefactory.internal.LocatingElementListHandler.invoke(LocatingElementListHandler.java:36)
	at com.sun.proxy.$Proxy12.get(Unknown Source)
	at com.lmg_dubai.sahlastore.pages.NavigateToHomePage.navigateToHomePage(NavigateToHomePage.java:394)
	at com.lmg_dubai.sahlastore.inventory.SStore_TS48438_Count_UnitAmountStockCount.ts48438(SStore_TS48438_Count_UnitAmountStockCount.java:21)
	at sun.reflect.NativeMethodAccessorImpl.invoke0(Native Method)
	at sun.reflect.NativeMethodAccessorImpl.invoke(Unknown Source)
	at sun.reflect.DelegatingMethodAccessorImpl.invoke(Unknown Source)
	at java.lang.reflect.Method.invoke(Unknown Source)
	at org.testng.internal.MethodInvocationHelper.invokeMethod(MethodInvocationHelper.java:104)
	at org.testng.internal.Invoker.invokeMethod(Invoker.java:645)
	at org.testng.internal.Invoker.invokeTestMethod(Invoker.java:851)
	at org.testng.internal.Invoker.invokeTestMethods(Invoker.java:1177)
	at org.testng.internal.TestMethodWorker.invokeTestMethods(TestMethodWorker.java:129)
	at org.testng.internal.TestMethodWorker.run(TestMethodWorker.java:112)
	at org.testng.TestRunner.privateRun(TestRunner.java:756)
	at org.testng.TestRunner.run(TestRunner.java:610)
	at org.testng.SuiteRunner.runTest(SuiteRunner.java:387)
	at org.testng.SuiteRunner.runSequentially(SuiteRunner.java:382)
	at org.testng.SuiteRunner.privateRun(SuiteRunner.java:340)
	at org.testng.SuiteRunner.run(SuiteRunner.java:289)
	at org.testng.SuiteRunnerWorker.runSuite(SuiteRunnerWorker.java:52)
	at org.testng.SuiteRunnerWorker.run(SuiteRunnerWorker.java:86)
	at org.testng.TestNG.runSuitesSequentially(TestNG.java:1293)
	at org.testng.TestNG.runSuitesLocally(TestNG.java:1218)
	at org.testng.TestNG.runSuites(TestNG.java:1133)
	at org.testng.TestNG.run(TestNG.java:1104)
	at org.testng.remote.AbstractRemoteTestNG.run(AbstractRemoteTestNG.java:115)
	at org.testng.remote.RemoteTestNG.initAndRun(RemoteTestNG.java:251)
	at org.testng.remote.RemoteTestNG.main(RemoteTestNG.java:77)
]]>
            </full-stacktrace>
          </exception> <!-- org.openqa.selenium.WebDriverException -->
          <reporter-output>
          </reporter-output>
        </test-method> <!-- ts48438 -->
        <test-method status="PASS" signature="result(org.testng.ITestResult)[pri:0, instance:com.lmg_dubai.sahlastore.inventory.SStore_TS48438_Count_UnitAmountStockCount@4a883b15]" name="result" is-config="true" duration-ms="408" started-at="2020-11-02T02:35:38Z" finished-at="2020-11-02T02:35:39Z">
          <params>
            <param index="0">
              <value>
                <![CDATA[[TestResult name=ts48438 status=FAILURE method=SStore_TS48438_Count_UnitAmountStockCount.ts48438()[pri:0, instance:com.lmg_dubai.sahlastore.inventory.SStore_TS48438_Count_UnitAmountStockCount@4a883b15] output={null}]]]>
              </value>
            </param>
          </params>
          <reporter-output>
          </reporter-output>
        </test-method> <!-- result -->
      </class> <!-- com.lmg_dubai.sahlastore.inventory.SStore_TS48438_Count_UnitAmountStockCount -->
      <class name="com.lmg_dubai.sahlastore.inventory.SStore_TS48110_Inventory_SendStoreTransfer">
        <test-method status="PASS" signature="_LaunchApp()[pri:0, instance:com.lmg_dubai.sahlastore.inventory.SStore_TS48110_Inventory_SendStoreTransfer@2d52216b]" name="_LaunchApp" is-config="true" duration-ms="11569" started-at="2020-11-02T01:04:54Z" finished-at="2020-11-02T01:05:05Z">
          <reporter-output>
          </reporter-output>
        </test-method> <!-- _LaunchApp -->
        <test-method status="PASS" signature="ts48110()[pri:0, instance:com.lmg_dubai.sahlastore.inventory.SStore_TS48110_Inventory_SendStoreTransfer@2d52216b]" name="ts48110" duration-ms="134657" started-at="2020-11-02T01:05:05Z" finished-at="2020-11-02T01:07:20Z">
          <reporter-output>
          </reporter-output>
        </test-method> <!-- ts48110 -->
        <test-method status="PASS" signature="result(org.testng.ITestResult)[pri:0, instance:com.lmg_dubai.sahlastore.inventory.SStore_TS48110_Inventory_SendStoreTransfer@2d52216b]" name="result" is-config="true" duration-ms="9308" started-at="2020-11-02T01:07:20Z" finished-at="2020-11-02T01:07:30Z">
          <params>
            <param index="0">
              <value>
                <![CDATA[[TestResult name=ts48110 status=SUCCESS method=SStore_TS48110_Inventory_SendStoreTransfer.ts48110()[pri:0, instance:com.lmg_dubai.sahlastore.inventory.SStore_TS48110_Inventory_SendStoreTransfer@2d52216b] output={null}]]]>
              </value>
            </param>
          </params>
          <reporter-output>
          </reporter-output>
        </test-method> <!-- result -->
      </class> <!-- com.lmg_dubai.sahlastore.inventory.SStore_TS48110_Inventory_SendStoreTransfer -->
      <class name="com.lmg_dubai.sahlastore.inventory.SStore_TS48114_Inventory_SendStoreTransfer">
        <test-method status="PASS" signature="_LaunchApp()[pri:0, instance:com.lmg_dubai.sahlastore.inventory.SStore_TS48114_Inventory_SendStoreTransfer@942a29c]" name="_LaunchApp" is-config="true" duration-ms="15250" started-at="2020-11-02T01:16:25Z" finished-at="2020-11-02T01:16:40Z">
          <reporter-output>
          </reporter-output>
        </test-method> <!-- _LaunchApp -->
        <test-method status="FAIL" signature="ts48114()[pri:0, instance:com.lmg_dubai.sahlastore.inventory.SStore_TS48114_Inventory_SendStoreTransfer@942a29c]" name="ts48114" duration-ms="211627" started-at="2020-11-02T01:16:40Z" finished-at="2020-11-02T01:20:12Z">
          <exception class="org.openqa.selenium.TimeoutException">
            <message>
              <![CDATA[Expected condition failed: waiting for presence of element located by: By.xpath: //android.widget.TextView[@text='Dispatch'] (tried for 30 second(s) with 500 MILLISECONDS interval)]]>
            </message>
            <full-stacktrace>
              <![CDATA[org.openqa.selenium.TimeoutException: Expected condition failed: waiting for presence of element located by: By.xpath: //android.widget.TextView[@text='Dispatch'] (tried for 30 second(s) with 500 MILLISECONDS interval)
	at org.openqa.selenium.support.ui.WebDriverWait.timeoutException(WebDriverWait.java:82)
	at org.openqa.selenium.support.ui.FluentWait.until(FluentWait.java:231)
	at com.lmg_dubai.sahlastore.library.GenericLib.explicitWait(GenericLib.java:611)
	at com.lmg_dubai.sahlastore.pages.InventoryStoreTransferPage.dispatchPendingTransferBSStandaloneLoc(InventoryStoreTransferPage.java:872)
	at com.lmg_dubai.sahlastore.inventory.SStore_TS48114_Inventory_SendStoreTransfer.ts48114(SStore_TS48114_Inventory_SendStoreTransfer.java:27)
	at sun.reflect.NativeMethodAccessorImpl.invoke0(Native Method)
	at sun.reflect.NativeMethodAccessorImpl.invoke(Unknown Source)
	at sun.reflect.DelegatingMethodAccessorImpl.invoke(Unknown Source)
	at java.lang.reflect.Method.invoke(Unknown Source)
	at org.testng.internal.MethodInvocationHelper.invokeMethod(MethodInvocationHelper.java:104)
	at org.testng.internal.Invoker.invokeMethod(Invoker.java:645)
	at org.testng.internal.Invoker.invokeTestMethod(Invoker.java:851)
	at org.testng.internal.Invoker.invokeTestMethods(Invoker.java:1177)
	at org.testng.internal.TestMethodWorker.invokeTestMethods(TestMethodWorker.java:129)
	at org.testng.internal.TestMethodWorker.run(TestMethodWorker.java:112)
	at org.testng.TestRunner.privateRun(TestRunner.java:756)
	at org.testng.TestRunner.run(TestRunner.java:610)
	at org.testng.SuiteRunner.runTest(SuiteRunner.java:387)
	at org.testng.SuiteRunner.runSequentially(SuiteRunner.java:382)
	at org.testng.SuiteRunner.privateRun(SuiteRunner.java:340)
	at org.testng.SuiteRunner.run(SuiteRunner.java:289)
	at org.testng.SuiteRunnerWorker.runSuite(SuiteRunnerWorker.java:52)
	at org.testng.SuiteRunnerWorker.run(SuiteRunnerWorker.java:86)
	at org.testng.TestNG.runSuitesSequentially(TestNG.java:1293)
	at org.testng.TestNG.runSuitesLocally(TestNG.java:1218)
	at org.testng.TestNG.runSuites(TestNG.java:1133)
	at org.testng.TestNG.run(TestNG.java:1104)
	at org.testng.remote.AbstractRemoteTestNG.run(AbstractRemoteTestNG.java:115)
	at org.testng.remote.RemoteTestNG.initAndRun(RemoteTestNG.java:251)
	at org.testng.remote.RemoteTestNG.main(RemoteTestNG.java:77)
Caused by: org.openqa.selenium.NoSuchElementException: Cannot locate an element using By.xpath: //android.widget.TextView[@text='Dispatch']
For documentation on this error, please visit: http://seleniumhq.org/exceptions/no_such_element.html
Build info: version: '3.7.1', revision: '8a0099a', time: '2017-11-06T21:01:39.354Z'
System info: host: 'LAPTOP-38LR7550', ip: '192.168.0.4', os.name: 'Windows 10', os.arch: 'amd64', os.version: '10.0', java.version: '1.8.0_91'
Driver info: driver.version: unknown
	at org.openqa.selenium.support.ui.ExpectedConditions.lambda$findElement$0(ExpectedConditions.java:882)
	at java.util.Optional.orElseThrow(Unknown Source)
	at org.openqa.selenium.support.ui.ExpectedConditions.findElement(ExpectedConditions.java:881)
	at org.openqa.selenium.support.ui.ExpectedConditions.access$000(ExpectedConditions.java:43)
	at org.openqa.selenium.support.ui.ExpectedConditions$6.apply(ExpectedConditions.java:182)
	at org.openqa.selenium.support.ui.ExpectedConditions$6.apply(ExpectedConditions.java:179)
	at org.openqa.selenium.support.ui.FluentWait.until(FluentWait.java:208)
	... 28 more
]]>
            </full-stacktrace>
          </exception> <!-- org.openqa.selenium.TimeoutException -->
          <reporter-output>
          </reporter-output>
        </test-method> <!-- ts48114 -->
        <test-method status="PASS" signature="result(org.testng.ITestResult)[pri:0, instance:com.lmg_dubai.sahlastore.inventory.SStore_TS48114_Inventory_SendStoreTransfer@942a29c]" name="result" is-config="true" duration-ms="7363" started-at="2020-11-02T01:20:12Z" finished-at="2020-11-02T01:20:19Z">
          <params>
            <param index="0">
              <value>
                <![CDATA[[TestResult name=ts48114 status=FAILURE method=SStore_TS48114_Inventory_SendStoreTransfer.ts48114()[pri:0, instance:com.lmg_dubai.sahlastore.inventory.SStore_TS48114_Inventory_SendStoreTransfer@942a29c] output={null}]]]>
              </value>
            </param>
          </params>
          <reporter-output>
          </reporter-output>
        </test-method> <!-- result -->
      </class> <!-- com.lmg_dubai.sahlastore.inventory.SStore_TS48114_Inventory_SendStoreTransfer -->
      <class name="com.lmg_dubai.sahlastore.inventory.SStore_TS48091_Count_UnitStockCount">
        <test-method status="PASS" signature="_LaunchApp()[pri:0, instance:com.lmg_dubai.sahlastore.inventory.SStore_TS48091_Count_UnitStockCount@59505b48]" name="_LaunchApp" is-config="true" duration-ms="14351" started-at="2020-11-02T00:19:24Z" finished-at="2020-11-02T00:19:38Z">
          <reporter-output>
          </reporter-output>
        </test-method> <!-- _LaunchApp -->
        <test-method status="PASS" signature="ts48091()[pri:0, instance:com.lmg_dubai.sahlastore.inventory.SStore_TS48091_Count_UnitStockCount@59505b48]" name="ts48091" duration-ms="110206" started-at="2020-11-02T00:19:38Z" finished-at="2020-11-02T00:21:28Z">
          <reporter-output>
          </reporter-output>
        </test-method> <!-- ts48091 -->
        <test-method status="PASS" signature="result(org.testng.ITestResult)[pri:0, instance:com.lmg_dubai.sahlastore.inventory.SStore_TS48091_Count_UnitStockCount@59505b48]" name="result" is-config="true" duration-ms="18367" started-at="2020-11-02T00:21:28Z" finished-at="2020-11-02T00:21:47Z">
          <params>
            <param index="0">
              <value>
                <![CDATA[[TestResult name=ts48091 status=SUCCESS method=SStore_TS48091_Count_UnitStockCount.ts48091()[pri:0, instance:com.lmg_dubai.sahlastore.inventory.SStore_TS48091_Count_UnitStockCount@59505b48] output={null}]]]>
              </value>
            </param>
          </params>
          <reporter-output>
          </reporter-output>
        </test-method> <!-- result -->
      </class> <!-- com.lmg_dubai.sahlastore.inventory.SStore_TS48091_Count_UnitStockCount -->
      <class name="com.lmg_dubai.sahlastore.inventory.SStore_TS48155_Inventory_ReceiveTransferIn">
        <test-method status="PASS" signature="_LaunchApp()[pri:0, instance:com.lmg_dubai.sahlastore.inventory.SStore_TS48155_Inventory_ReceiveTransferIn@a38c7fe]" name="_LaunchApp" is-config="true" duration-ms="11950" started-at="2020-11-02T02:10:23Z" finished-at="2020-11-02T02:10:35Z">
          <reporter-output>
          </reporter-output>
        </test-method> <!-- _LaunchApp -->
        <test-method status="FAIL" signature="ts48155()[pri:0, instance:com.lmg_dubai.sahlastore.inventory.SStore_TS48155_Inventory_ReceiveTransferIn@a38c7fe]" name="ts48155" duration-ms="196411" started-at="2020-11-02T02:10:35Z" finished-at="2020-11-02T02:13:51Z">
          <exception class="org.openqa.selenium.TimeoutException">
            <message>
              <![CDATA[Expected condition failed: waiting for presence of element located by: By.xpath: //android.widget.TextView[@text='Dispatch'] (tried for 30 second(s) with 500 MILLISECONDS interval)]]>
            </message>
            <full-stacktrace>
              <![CDATA[org.openqa.selenium.TimeoutException: Expected condition failed: waiting for presence of element located by: By.xpath: //android.widget.TextView[@text='Dispatch'] (tried for 30 second(s) with 500 MILLISECONDS interval)
	at org.openqa.selenium.support.ui.WebDriverWait.timeoutException(WebDriverWait.java:82)
	at org.openqa.selenium.support.ui.FluentWait.until(FluentWait.java:231)
	at com.lmg_dubai.sahlastore.library.GenericLib.explicitWait(GenericLib.java:611)
	at com.lmg_dubai.sahlastore.pages.InventoryStoreTransferPage.dispatchPendingTransferBSCPLoc(InventoryStoreTransferPage.java:467)
	at com.lmg_dubai.sahlastore.inventory.SStore_TS48155_Inventory_ReceiveTransferIn.ts48155(SStore_TS48155_Inventory_ReceiveTransferIn.java:29)
	at sun.reflect.NativeMethodAccessorImpl.invoke0(Native Method)
	at sun.reflect.NativeMethodAccessorImpl.invoke(Unknown Source)
	at sun.reflect.DelegatingMethodAccessorImpl.invoke(Unknown Source)
	at java.lang.reflect.Method.invoke(Unknown Source)
	at org.testng.internal.MethodInvocationHelper.invokeMethod(MethodInvocationHelper.java:104)
	at org.testng.internal.Invoker.invokeMethod(Invoker.java:645)
	at org.testng.internal.Invoker.invokeTestMethod(Invoker.java:851)
	at org.testng.internal.Invoker.invokeTestMethods(Invoker.java:1177)
	at org.testng.internal.TestMethodWorker.invokeTestMethods(TestMethodWorker.java:129)
	at org.testng.internal.TestMethodWorker.run(TestMethodWorker.java:112)
	at org.testng.TestRunner.privateRun(TestRunner.java:756)
	at org.testng.TestRunner.run(TestRunner.java:610)
	at org.testng.SuiteRunner.runTest(SuiteRunner.java:387)
	at org.testng.SuiteRunner.runSequentially(SuiteRunner.java:382)
	at org.testng.SuiteRunner.privateRun(SuiteRunner.java:340)
	at org.testng.SuiteRunner.run(SuiteRunner.java:289)
	at org.testng.SuiteRunnerWorker.runSuite(SuiteRunnerWorker.java:52)
	at org.testng.SuiteRunnerWorker.run(SuiteRunnerWorker.java:86)
	at org.testng.TestNG.runSuitesSequentially(TestNG.java:1293)
	at org.testng.TestNG.runSuitesLocally(TestNG.java:1218)
	at org.testng.TestNG.runSuites(TestNG.java:1133)
	at org.testng.TestNG.run(TestNG.java:1104)
	at org.testng.remote.AbstractRemoteTestNG.run(AbstractRemoteTestNG.java:115)
	at org.testng.remote.RemoteTestNG.initAndRun(RemoteTestNG.java:251)
	at org.testng.remote.RemoteTestNG.main(RemoteTestNG.java:77)
Caused by: org.openqa.selenium.NoSuchElementException: Cannot locate an element using By.xpath: //android.widget.TextView[@text='Dispatch']
For documentation on this error, please visit: http://seleniumhq.org/exceptions/no_such_element.html
Build info: version: '3.7.1', revision: '8a0099a', time: '2017-11-06T21:01:39.354Z'
System info: host: 'LAPTOP-38LR7550', ip: '192.168.0.4', os.name: 'Windows 10', os.arch: 'amd64', os.version: '10.0', java.version: '1.8.0_91'
Driver info: driver.version: unknown
	at org.openqa.selenium.support.ui.ExpectedConditions.lambda$findElement$0(ExpectedConditions.java:882)
	at java.util.Optional.orElseThrow(Unknown Source)
	at org.openqa.selenium.support.ui.ExpectedConditions.findElement(ExpectedConditions.java:881)
	at org.openqa.selenium.support.ui.ExpectedConditions.access$000(ExpectedConditions.java:43)
	at org.openqa.selenium.support.ui.ExpectedConditions$6.apply(ExpectedConditions.java:182)
	at org.openqa.selenium.support.ui.ExpectedConditions$6.apply(ExpectedConditions.java:179)
	at org.openqa.selenium.support.ui.FluentWait.until(FluentWait.java:208)
	... 28 more
]]>
            </full-stacktrace>
          </exception> <!-- org.openqa.selenium.TimeoutException -->
          <reporter-output>
          </reporter-output>
        </test-method> <!-- ts48155 -->
        <test-method status="PASS" signature="result(org.testng.ITestResult)[pri:0, instance:com.lmg_dubai.sahlastore.inventory.SStore_TS48155_Inventory_ReceiveTransferIn@a38c7fe]" name="result" is-config="true" duration-ms="2663" started-at="2020-11-02T02:13:52Z" finished-at="2020-11-02T02:13:54Z">
          <params>
            <param index="0">
              <value>
                <![CDATA[[TestResult name=ts48155 status=FAILURE method=SStore_TS48155_Inventory_ReceiveTransferIn.ts48155()[pri:0, instance:com.lmg_dubai.sahlastore.inventory.SStore_TS48155_Inventory_ReceiveTransferIn@a38c7fe] output={null}]]]>
              </value>
            </param>
          </params>
          <reporter-output>
          </reporter-output>
        </test-method> <!-- result -->
      </class> <!-- com.lmg_dubai.sahlastore.inventory.SStore_TS48155_Inventory_ReceiveTransferIn -->
      <class name="com.lmg_dubai.sahlastore.inventory.SStore_TS48109_Inventory_SendStoreTransfer">
        <test-method status="PASS" signature="_LaunchApp()[pri:0, instance:com.lmg_dubai.sahlastore.inventory.SStore_TS48109_Inventory_SendStoreTransfer@771a660]" name="_LaunchApp" is-config="true" duration-ms="14116" started-at="2020-11-02T01:02:13Z" finished-at="2020-11-02T01:02:27Z">
          <reporter-output>
          </reporter-output>
        </test-method> <!-- _LaunchApp -->
        <test-method status="PASS" signature="ts48109()[pri:0, instance:com.lmg_dubai.sahlastore.inventory.SStore_TS48109_Inventory_SendStoreTransfer@771a660]" name="ts48109" duration-ms="135517" started-at="2020-11-02T01:02:27Z" finished-at="2020-11-02T01:04:43Z">
          <reporter-output>
          </reporter-output>
        </test-method> <!-- ts48109 -->
        <test-method status="PASS" signature="result(org.testng.ITestResult)[pri:0, instance:com.lmg_dubai.sahlastore.inventory.SStore_TS48109_Inventory_SendStoreTransfer@771a660]" name="result" is-config="true" duration-ms="10959" started-at="2020-11-02T01:04:43Z" finished-at="2020-11-02T01:04:54Z">
          <params>
            <param index="0">
              <value>
                <![CDATA[[TestResult name=ts48109 status=SUCCESS method=SStore_TS48109_Inventory_SendStoreTransfer.ts48109()[pri:0, instance:com.lmg_dubai.sahlastore.inventory.SStore_TS48109_Inventory_SendStoreTransfer@771a660] output={null}]]]>
              </value>
            </param>
          </params>
          <reporter-output>
          </reporter-output>
        </test-method> <!-- result -->
      </class> <!-- com.lmg_dubai.sahlastore.inventory.SStore_TS48109_Inventory_SendStoreTransfer -->
      <class name="com.lmg_dubai.sahlastore.inventory.SStore_TS48097_Inventory_SendStoreTransfer">
        <test-method status="PASS" signature="_LaunchApp()[pri:0, instance:com.lmg_dubai.sahlastore.inventory.SStore_TS48097_Inventory_SendStoreTransfer@b9b00e0]" name="_LaunchApp" is-config="true" duration-ms="12526" started-at="2020-11-02T00:31:43Z" finished-at="2020-11-02T00:31:55Z">
          <reporter-output>
          </reporter-output>
        </test-method> <!-- _LaunchApp -->
        <test-method status="PASS" signature="ts48097()[pri:0, instance:com.lmg_dubai.sahlastore.inventory.SStore_TS48097_Inventory_SendStoreTransfer@b9b00e0]" name="ts48097" duration-ms="119437" started-at="2020-11-02T00:31:55Z" finished-at="2020-11-02T00:33:55Z">
          <reporter-output>
          </reporter-output>
        </test-method> <!-- ts48097 -->
        <test-method status="PASS" signature="result(org.testng.ITestResult)[pri:0, instance:com.lmg_dubai.sahlastore.inventory.SStore_TS48097_Inventory_SendStoreTransfer@b9b00e0]" name="result" is-config="true" duration-ms="13261" started-at="2020-11-02T00:33:55Z" finished-at="2020-11-02T00:34:08Z">
          <params>
            <param index="0">
              <value>
                <![CDATA[[TestResult name=ts48097 status=SUCCESS method=SStore_TS48097_Inventory_SendStoreTransfer.ts48097()[pri:0, instance:com.lmg_dubai.sahlastore.inventory.SStore_TS48097_Inventory_SendStoreTransfer@b9b00e0] output={null}]]]>
              </value>
            </param>
          </params>
          <reporter-output>
          </reporter-output>
        </test-method> <!-- result -->
      </class> <!-- com.lmg_dubai.sahlastore.inventory.SStore_TS48097_Inventory_SendStoreTransfer -->
      <class name="com.lmg_dubai.sahlastore.inventory.SStore_TS48146_Inventory_ReceiveTransferIn">
        <test-method status="PASS" signature="_LaunchApp()[pri:0, instance:com.lmg_dubai.sahlastore.inventory.SStore_TS48146_Inventory_ReceiveTransferIn@2e3967ea]" name="_LaunchApp" is-config="true" duration-ms="12635" started-at="2020-11-02T01:58:24Z" finished-at="2020-11-02T01:58:37Z">
          <reporter-output>
          </reporter-output>
        </test-method> <!-- _LaunchApp -->
        <test-method status="FAIL" signature="ts48146()[pri:0, instance:com.lmg_dubai.sahlastore.inventory.SStore_TS48146_Inventory_ReceiveTransferIn@2e3967ea]" name="ts48146" duration-ms="218060" started-at="2020-11-02T01:58:37Z" finished-at="2020-11-02T02:02:15Z">
          <exception class="org.openqa.selenium.TimeoutException">
            <message>
              <![CDATA[Expected condition failed: waiting for presence of element located by: By.xpath: //android.widget.TextView[@text='Dispatch'] (tried for 30 second(s) with 500 MILLISECONDS interval)]]>
            </message>
            <full-stacktrace>
              <![CDATA[org.openqa.selenium.TimeoutException: Expected condition failed: waiting for presence of element located by: By.xpath: //android.widget.TextView[@text='Dispatch'] (tried for 30 second(s) with 500 MILLISECONDS interval)
	at org.openqa.selenium.support.ui.WebDriverWait.timeoutException(WebDriverWait.java:82)
	at org.openqa.selenium.support.ui.FluentWait.until(FluentWait.java:231)
	at com.lmg_dubai.sahlastore.library.GenericLib.explicitWait(GenericLib.java:611)
	at com.lmg_dubai.sahlastore.pages.InventoryStoreTransferPage.dispatchPendingTransferLSStandaloneLoc(InventoryStoreTransferPage.java:901)
	at com.lmg_dubai.sahlastore.inventory.SStore_TS48146_Inventory_ReceiveTransferIn.ts48146(SStore_TS48146_Inventory_ReceiveTransferIn.java:29)
	at sun.reflect.NativeMethodAccessorImpl.invoke0(Native Method)
	at sun.reflect.NativeMethodAccessorImpl.invoke(Unknown Source)
	at sun.reflect.DelegatingMethodAccessorImpl.invoke(Unknown Source)
	at java.lang.reflect.Method.invoke(Unknown Source)
	at org.testng.internal.MethodInvocationHelper.invokeMethod(MethodInvocationHelper.java:104)
	at org.testng.internal.Invoker.invokeMethod(Invoker.java:645)
	at org.testng.internal.Invoker.invokeTestMethod(Invoker.java:851)
	at org.testng.internal.Invoker.invokeTestMethods(Invoker.java:1177)
	at org.testng.internal.TestMethodWorker.invokeTestMethods(TestMethodWorker.java:129)
	at org.testng.internal.TestMethodWorker.run(TestMethodWorker.java:112)
	at org.testng.TestRunner.privateRun(TestRunner.java:756)
	at org.testng.TestRunner.run(TestRunner.java:610)
	at org.testng.SuiteRunner.runTest(SuiteRunner.java:387)
	at org.testng.SuiteRunner.runSequentially(SuiteRunner.java:382)
	at org.testng.SuiteRunner.privateRun(SuiteRunner.java:340)
	at org.testng.SuiteRunner.run(SuiteRunner.java:289)
	at org.testng.SuiteRunnerWorker.runSuite(SuiteRunnerWorker.java:52)
	at org.testng.SuiteRunnerWorker.run(SuiteRunnerWorker.java:86)
	at org.testng.TestNG.runSuitesSequentially(TestNG.java:1293)
	at org.testng.TestNG.runSuitesLocally(TestNG.java:1218)
	at org.testng.TestNG.runSuites(TestNG.java:1133)
	at org.testng.TestNG.run(TestNG.java:1104)
	at org.testng.remote.AbstractRemoteTestNG.run(AbstractRemoteTestNG.java:115)
	at org.testng.remote.RemoteTestNG.initAndRun(RemoteTestNG.java:251)
	at org.testng.remote.RemoteTestNG.main(RemoteTestNG.java:77)
Caused by: org.openqa.selenium.NoSuchElementException: Cannot locate an element using By.xpath: //android.widget.TextView[@text='Dispatch']
For documentation on this error, please visit: http://seleniumhq.org/exceptions/no_such_element.html
Build info: version: '3.7.1', revision: '8a0099a', time: '2017-11-06T21:01:39.354Z'
System info: host: 'LAPTOP-38LR7550', ip: '192.168.0.4', os.name: 'Windows 10', os.arch: 'amd64', os.version: '10.0', java.version: '1.8.0_91'
Driver info: driver.version: unknown
	at org.openqa.selenium.support.ui.ExpectedConditions.lambda$findElement$0(ExpectedConditions.java:882)
	at java.util.Optional.orElseThrow(Unknown Source)
	at org.openqa.selenium.support.ui.ExpectedConditions.findElement(ExpectedConditions.java:881)
	at org.openqa.selenium.support.ui.ExpectedConditions.access$000(ExpectedConditions.java:43)
	at org.openqa.selenium.support.ui.ExpectedConditions$6.apply(ExpectedConditions.java:182)
	at org.openqa.selenium.support.ui.ExpectedConditions$6.apply(ExpectedConditions.java:179)
	at org.openqa.selenium.support.ui.FluentWait.until(FluentWait.java:208)
	... 28 more
]]>
            </full-stacktrace>
          </exception> <!-- org.openqa.selenium.TimeoutException -->
          <reporter-output>
          </reporter-output>
        </test-method> <!-- ts48146 -->
        <test-method status="PASS" signature="result(org.testng.ITestResult)[pri:0, instance:com.lmg_dubai.sahlastore.inventory.SStore_TS48146_Inventory_ReceiveTransferIn@2e3967ea]" name="result" is-config="true" duration-ms="3678" started-at="2020-11-02T02:02:15Z" finished-at="2020-11-02T02:02:19Z">
          <params>
            <param index="0">
              <value>
                <![CDATA[[TestResult name=ts48146 status=FAILURE method=SStore_TS48146_Inventory_ReceiveTransferIn.ts48146()[pri:0, instance:com.lmg_dubai.sahlastore.inventory.SStore_TS48146_Inventory_ReceiveTransferIn@2e3967ea] output={null}]]]>
              </value>
            </param>
          </params>
          <reporter-output>
          </reporter-output>
        </test-method> <!-- result -->
      </class> <!-- com.lmg_dubai.sahlastore.inventory.SStore_TS48146_Inventory_ReceiveTransferIn -->
      <class name="com.lmg_dubai.sahlastore.inventory.SStore_TS48113_Inventory_SendStoreTransfer">
        <test-method status="PASS" signature="_LaunchApp()[pri:0, instance:com.lmg_dubai.sahlastore.inventory.SStore_TS48113_Inventory_SendStoreTransfer@3527942a]" name="_LaunchApp" is-config="true" duration-ms="12097" started-at="2020-11-02T01:13:17Z" finished-at="2020-11-02T01:13:29Z">
          <reporter-output>
          </reporter-output>
        </test-method> <!-- _LaunchApp -->
        <test-method status="PASS" signature="ts48113()[pri:0, instance:com.lmg_dubai.sahlastore.inventory.SStore_TS48113_Inventory_SendStoreTransfer@3527942a]" name="ts48113" duration-ms="168063" started-at="2020-11-02T01:13:29Z" finished-at="2020-11-02T01:16:17Z">
          <reporter-output>
          </reporter-output>
        </test-method> <!-- ts48113 -->
        <test-method status="PASS" signature="result(org.testng.ITestResult)[pri:0, instance:com.lmg_dubai.sahlastore.inventory.SStore_TS48113_Inventory_SendStoreTransfer@3527942a]" name="result" is-config="true" duration-ms="7330" started-at="2020-11-02T01:16:17Z" finished-at="2020-11-02T01:16:25Z">
          <params>
            <param index="0">
              <value>
                <![CDATA[[TestResult name=ts48113 status=SUCCESS method=SStore_TS48113_Inventory_SendStoreTransfer.ts48113()[pri:0, instance:com.lmg_dubai.sahlastore.inventory.SStore_TS48113_Inventory_SendStoreTransfer@3527942a] output={null}]]]>
              </value>
            </param>
          </params>
          <reporter-output>
          </reporter-output>
        </test-method> <!-- result -->
      </class> <!-- com.lmg_dubai.sahlastore.inventory.SStore_TS48113_Inventory_SendStoreTransfer -->
      <class name="com.lmg_dubai.sahlastore.inventory.SStore_TS48104_Inventory_SendStoreTransfer">
        <test-method status="PASS" signature="_LaunchApp()[pri:0, instance:com.lmg_dubai.sahlastore.inventory.SStore_TS48104_Inventory_SendStoreTransfer@273e7444]" name="_LaunchApp" is-config="true" duration-ms="11496" started-at="2020-11-02T00:50:12Z" finished-at="2020-11-02T00:50:23Z">
          <reporter-output>
          </reporter-output>
        </test-method> <!-- _LaunchApp -->
        <test-method status="FAIL" signature="ts48104()[pri:0, instance:com.lmg_dubai.sahlastore.inventory.SStore_TS48104_Inventory_SendStoreTransfer@273e7444]" name="ts48104" duration-ms="130003" started-at="2020-11-02T00:50:23Z" finished-at="2020-11-02T00:52:33Z">
          <exception class="org.openqa.selenium.TimeoutException">
            <message>
              <![CDATA[Expected condition failed: waiting for presence of element located by: By.xpath: //android.widget.TextView[@text='Dispatch'] (tried for 30 second(s) with 500 MILLISECONDS interval)]]>
            </message>
            <full-stacktrace>
              <![CDATA[org.openqa.selenium.TimeoutException: Expected condition failed: waiting for presence of element located by: By.xpath: //android.widget.TextView[@text='Dispatch'] (tried for 30 second(s) with 500 MILLISECONDS interval)
	at org.openqa.selenium.support.ui.WebDriverWait.timeoutException(WebDriverWait.java:82)
	at org.openqa.selenium.support.ui.FluentWait.until(FluentWait.java:231)
	at com.lmg_dubai.sahlastore.library.GenericLib.explicitWait(GenericLib.java:611)
	at com.lmg_dubai.sahlastore.pages.InventoryStoreTransferPage.dispatchPendingTransferLSCPLoc(InventoryStoreTransferPage.java:507)
	at com.lmg_dubai.sahlastore.inventory.SStore_TS48104_Inventory_SendStoreTransfer.ts48104(SStore_TS48104_Inventory_SendStoreTransfer.java:23)
	at sun.reflect.NativeMethodAccessorImpl.invoke0(Native Method)
	at sun.reflect.NativeMethodAccessorImpl.invoke(Unknown Source)
	at sun.reflect.DelegatingMethodAccessorImpl.invoke(Unknown Source)
	at java.lang.reflect.Method.invoke(Unknown Source)
	at org.testng.internal.MethodInvocationHelper.invokeMethod(MethodInvocationHelper.java:104)
	at org.testng.internal.Invoker.invokeMethod(Invoker.java:645)
	at org.testng.internal.Invoker.invokeTestMethod(Invoker.java:851)
	at org.testng.internal.Invoker.invokeTestMethods(Invoker.java:1177)
	at org.testng.internal.TestMethodWorker.invokeTestMethods(TestMethodWorker.java:129)
	at org.testng.internal.TestMethodWorker.run(TestMethodWorker.java:112)
	at org.testng.TestRunner.privateRun(TestRunner.java:756)
	at org.testng.TestRunner.run(TestRunner.java:610)
	at org.testng.SuiteRunner.runTest(SuiteRunner.java:387)
	at org.testng.SuiteRunner.runSequentially(SuiteRunner.java:382)
	at org.testng.SuiteRunner.privateRun(SuiteRunner.java:340)
	at org.testng.SuiteRunner.run(SuiteRunner.java:289)
	at org.testng.SuiteRunnerWorker.runSuite(SuiteRunnerWorker.java:52)
	at org.testng.SuiteRunnerWorker.run(SuiteRunnerWorker.java:86)
	at org.testng.TestNG.runSuitesSequentially(TestNG.java:1293)
	at org.testng.TestNG.runSuitesLocally(TestNG.java:1218)
	at org.testng.TestNG.runSuites(TestNG.java:1133)
	at org.testng.TestNG.run(TestNG.java:1104)
	at org.testng.remote.AbstractRemoteTestNG.run(AbstractRemoteTestNG.java:115)
	at org.testng.remote.RemoteTestNG.initAndRun(RemoteTestNG.java:251)
	at org.testng.remote.RemoteTestNG.main(RemoteTestNG.java:77)
Caused by: org.openqa.selenium.NoSuchElementException: Cannot locate an element using By.xpath: //android.widget.TextView[@text='Dispatch']
For documentation on this error, please visit: http://seleniumhq.org/exceptions/no_such_element.html
Build info: version: '3.7.1', revision: '8a0099a', time: '2017-11-06T21:01:39.354Z'
System info: host: 'LAPTOP-38LR7550', ip: '192.168.0.4', os.name: 'Windows 10', os.arch: 'amd64', os.version: '10.0', java.version: '1.8.0_91'
Driver info: driver.version: unknown
	at org.openqa.selenium.support.ui.ExpectedConditions.lambda$findElement$0(ExpectedConditions.java:882)
	at java.util.Optional.orElseThrow(Unknown Source)
	at org.openqa.selenium.support.ui.ExpectedConditions.findElement(ExpectedConditions.java:881)
	at org.openqa.selenium.support.ui.ExpectedConditions.access$000(ExpectedConditions.java:43)
	at org.openqa.selenium.support.ui.ExpectedConditions$6.apply(ExpectedConditions.java:182)
	at org.openqa.selenium.support.ui.ExpectedConditions$6.apply(ExpectedConditions.java:179)
	at org.openqa.selenium.support.ui.FluentWait.until(FluentWait.java:208)
	... 28 more
]]>
            </full-stacktrace>
          </exception> <!-- org.openqa.selenium.TimeoutException -->
          <reporter-output>
          </reporter-output>
        </test-method> <!-- ts48104 -->
        <test-method status="PASS" signature="result(org.testng.ITestResult)[pri:0, instance:com.lmg_dubai.sahlastore.inventory.SStore_TS48104_Inventory_SendStoreTransfer@273e7444]" name="result" is-config="true" duration-ms="11990" started-at="2020-11-02T00:52:33Z" finished-at="2020-11-02T00:52:45Z">
          <params>
            <param index="0">
              <value>
                <![CDATA[[TestResult name=ts48104 status=FAILURE method=SStore_TS48104_Inventory_SendStoreTransfer.ts48104()[pri:0, instance:com.lmg_dubai.sahlastore.inventory.SStore_TS48104_Inventory_SendStoreTransfer@273e7444] output={null}]]]>
              </value>
            </param>
          </params>
          <reporter-output>
          </reporter-output>
        </test-method> <!-- result -->
      </class> <!-- com.lmg_dubai.sahlastore.inventory.SStore_TS48104_Inventory_SendStoreTransfer -->
      <class name="com.lmg_dubai.sahlastore.inventory.SStore_TS48437_Count_UnitAmountStockCount">
        <test-method status="PASS" signature="_LaunchApp()[pri:0, instance:com.lmg_dubai.sahlastore.inventory.SStore_TS48437_Count_UnitAmountStockCount@3012646b]" name="_LaunchApp" is-config="true" duration-ms="11977" started-at="2020-11-02T02:29:41Z" finished-at="2020-11-02T02:29:53Z">
          <reporter-output>
          </reporter-output>
        </test-method> <!-- _LaunchApp -->
        <test-method status="FAIL" signature="ts48437()[pri:0, instance:com.lmg_dubai.sahlastore.inventory.SStore_TS48437_Count_UnitAmountStockCount@3012646b]" name="ts48437" duration-ms="167134" started-at="2020-11-02T02:29:53Z" finished-at="2020-11-02T02:32:40Z">
          <exception class="org.openqa.selenium.WebDriverException">
            <message>
              <![CDATA[An unknown server-side error occurred while processing the command. Original error: io.appium.uiautomator2.common.exceptions.UiAutomator2Exception: Timed out after 10000 milliseconds waiting for root AccessibilityNodeInfo
Build info: version: '3.7.1', revision: '8a0099a', time: '2017-11-06T21:01:39.354Z'
System info: host: 'LAPTOP-38LR7550', ip: '192.168.0.4', os.name: 'Windows 10', os.arch: 'amd64', os.version: '10.0', java.version: '1.8.0_91'
Driver info: io.appium.java_client.android.AndroidDriver
Capabilities {adbExecTimeout: 450000, allowDenyPermission: true, appActivity: crc646ee66886a7a00442.Splas..., appPackage: com.landmarkgroup.sahla, autoAcceptAlert: true, autoGrantPermissions: true, automationName: uiautomator2, databaseEnabled: false, desired: {adbExecTimeout: 450000, allowDenyPermission: true, appActivity: crc646ee66886a7a00442.Splas..., appPackage: com.landmarkgroup.sahla, autoAcceptAlert: true, autoGrantPermissions: true, automationName: uiautomator2, deviceName: Redmi, fullReset: false, newCommandTimeout: 450000, noReset: true, platformName: android, platformVersion: 10.0, systemPort: 8200, udid: emulator-5554, waitForIdleTimeout: 5000}, deviceApiLevel: 29, deviceManufacturer: Google, deviceModel: Android SDK built for x86, deviceName: emulator-5554, deviceScreenDensity: 440, deviceScreenSize: 1080x2160, deviceUDID: emulator-5554, fullReset: false, javascriptEnabled: true, locationContextEnabled: false, networkConnectionEnabled: true, newCommandTimeout: 450000, noReset: true, pixelRatio: 2.75, platform: LINUX, platformName: LINUX, platformVersion: 10, statBarHeight: 66, systemPort: 8200, takesScreenshot: true, udid: emulator-5554, viewportRect: {height: 1962, left: 0, top: 66, width: 1080}, waitForIdleTimeout: 5000, warnings: {}, webStorageEnabled: false}
Session ID: 35a09bc3-921b-4e55-9f05-a57304d2b234
*** Element info: {Using=xpath, value=//android.widget.TextView[@content-desc='StoreTitle']}]]>
            </message>
            <full-stacktrace>
              <![CDATA[org.openqa.selenium.WebDriverException: An unknown server-side error occurred while processing the command. Original error: io.appium.uiautomator2.common.exceptions.UiAutomator2Exception: Timed out after 10000 milliseconds waiting for root AccessibilityNodeInfo
Build info: version: '3.7.1', revision: '8a0099a', time: '2017-11-06T21:01:39.354Z'
System info: host: 'LAPTOP-38LR7550', ip: '192.168.0.4', os.name: 'Windows 10', os.arch: 'amd64', os.version: '10.0', java.version: '1.8.0_91'
Driver info: io.appium.java_client.android.AndroidDriver
Capabilities {adbExecTimeout: 450000, allowDenyPermission: true, appActivity: crc646ee66886a7a00442.Splas..., appPackage: com.landmarkgroup.sahla, autoAcceptAlert: true, autoGrantPermissions: true, automationName: uiautomator2, databaseEnabled: false, desired: {adbExecTimeout: 450000, allowDenyPermission: true, appActivity: crc646ee66886a7a00442.Splas..., appPackage: com.landmarkgroup.sahla, autoAcceptAlert: true, autoGrantPermissions: true, automationName: uiautomator2, deviceName: Redmi, fullReset: false, newCommandTimeout: 450000, noReset: true, platformName: android, platformVersion: 10.0, systemPort: 8200, udid: emulator-5554, waitForIdleTimeout: 5000}, deviceApiLevel: 29, deviceManufacturer: Google, deviceModel: Android SDK built for x86, deviceName: emulator-5554, deviceScreenDensity: 440, deviceScreenSize: 1080x2160, deviceUDID: emulator-5554, fullReset: false, javascriptEnabled: true, locationContextEnabled: false, networkConnectionEnabled: true, newCommandTimeout: 450000, noReset: true, pixelRatio: 2.75, platform: LINUX, platformName: LINUX, platformVersion: 10, statBarHeight: 66, systemPort: 8200, takesScreenshot: true, udid: emulator-5554, viewportRect: {height: 1962, left: 0, top: 66, width: 1080}, waitForIdleTimeout: 5000, warnings: {}, webStorageEnabled: false}
Session ID: 35a09bc3-921b-4e55-9f05-a57304d2b234
*** Element info: {Using=xpath, value=//android.widget.TextView[@content-desc='StoreTitle']}
	at sun.reflect.NativeConstructorAccessorImpl.newInstance0(Native Method)
	at sun.reflect.NativeConstructorAccessorImpl.newInstance(Unknown Source)
	at sun.reflect.DelegatingConstructorAccessorImpl.newInstance(Unknown Source)
	at java.lang.reflect.Constructor.newInstance(Unknown Source)
	at org.openqa.selenium.remote.http.W3CHttpResponseCodec.createException(W3CHttpResponseCodec.java:187)
	at org.openqa.selenium.remote.http.W3CHttpResponseCodec.decode(W3CHttpResponseCodec.java:122)
	at org.openqa.selenium.remote.http.W3CHttpResponseCodec.decode(W3CHttpResponseCodec.java:49)
	at org.openqa.selenium.remote.HttpCommandExecutor.execute(HttpCommandExecutor.java:164)
	at io.appium.java_client.remote.AppiumCommandExecutor.execute(AppiumCommandExecutor.java:69)
	at org.openqa.selenium.remote.RemoteWebDriver.execute(RemoteWebDriver.java:600)
	at io.appium.java_client.DefaultGenericMobileDriver.execute(DefaultGenericMobileDriver.java:40)
	at io.appium.java_client.AppiumDriver.execute(AppiumDriver.java:1)
	at io.appium.java_client.android.AndroidDriver.execute(AndroidDriver.java:1)
	at org.openqa.selenium.remote.RemoteWebDriver.findElements(RemoteWebDriver.java:397)
	at io.appium.java_client.DefaultGenericMobileDriver.findElements(DefaultGenericMobileDriver.java:48)
	at io.appium.java_client.AppiumDriver.findElements(AppiumDriver.java:195)
	at org.openqa.selenium.remote.RemoteWebDriver.findElementsByXPath(RemoteWebDriver.java:476)
	at io.appium.java_client.DefaultGenericMobileDriver.findElementsByXPath(DefaultGenericMobileDriver.java:138)
	at io.appium.java_client.AppiumDriver.findElementsByXPath(AppiumDriver.java:227)
	at org.openqa.selenium.By$ByXPath.findElements(By.java:356)
	at org.openqa.selenium.remote.RemoteWebDriver.findElements(RemoteWebDriver.java:358)
	at io.appium.java_client.DefaultGenericMobileDriver.findElements(DefaultGenericMobileDriver.java:44)
	at io.appium.java_client.AppiumDriver.findElements(AppiumDriver.java:191)
	at org.openqa.selenium.support.pagefactory.DefaultElementLocator.findElements(DefaultElementLocator.java:85)
	at org.openqa.selenium.support.pagefactory.internal.LocatingElementListHandler.invoke(LocatingElementListHandler.java:36)
	at com.sun.proxy.$Proxy12.get(Unknown Source)
	at com.lmg_dubai.sahlastore.pages.NavigateToHomePage.navigateToHomePage(NavigateToHomePage.java:394)
	at com.lmg_dubai.sahlastore.inventory.SStore_TS48437_Count_UnitAmountStockCount.ts48437(SStore_TS48437_Count_UnitAmountStockCount.java:21)
	at sun.reflect.NativeMethodAccessorImpl.invoke0(Native Method)
	at sun.reflect.NativeMethodAccessorImpl.invoke(Unknown Source)
	at sun.reflect.DelegatingMethodAccessorImpl.invoke(Unknown Source)
	at java.lang.reflect.Method.invoke(Unknown Source)
	at org.testng.internal.MethodInvocationHelper.invokeMethod(MethodInvocationHelper.java:104)
	at org.testng.internal.Invoker.invokeMethod(Invoker.java:645)
	at org.testng.internal.Invoker.invokeTestMethod(Invoker.java:851)
	at org.testng.internal.Invoker.invokeTestMethods(Invoker.java:1177)
	at org.testng.internal.TestMethodWorker.invokeTestMethods(TestMethodWorker.java:129)
	at org.testng.internal.TestMethodWorker.run(TestMethodWorker.java:112)
	at org.testng.TestRunner.privateRun(TestRunner.java:756)
	at org.testng.TestRunner.run(TestRunner.java:610)
	at org.testng.SuiteRunner.runTest(SuiteRunner.java:387)
	at org.testng.SuiteRunner.runSequentially(SuiteRunner.java:382)
	at org.testng.SuiteRunner.privateRun(SuiteRunner.java:340)
	at org.testng.SuiteRunner.run(SuiteRunner.java:289)
	at org.testng.SuiteRunnerWorker.runSuite(SuiteRunnerWorker.java:52)
	at org.testng.SuiteRunnerWorker.run(SuiteRunnerWorker.java:86)
	at org.testng.TestNG.runSuitesSequentially(TestNG.java:1293)
	at org.testng.TestNG.runSuitesLocally(TestNG.java:1218)
	at org.testng.TestNG.runSuites(TestNG.java:1133)
	at org.testng.TestNG.run(TestNG.java:1104)
	at org.testng.remote.AbstractRemoteTestNG.run(AbstractRemoteTestNG.java:115)
	at org.testng.remote.RemoteTestNG.initAndRun(RemoteTestNG.java:251)
	at org.testng.remote.RemoteTestNG.main(RemoteTestNG.java:77)
]]>
            </full-stacktrace>
          </exception> <!-- org.openqa.selenium.WebDriverException -->
          <reporter-output>
          </reporter-output>
        </test-method> <!-- ts48437 -->
        <test-method status="PASS" signature="result(org.testng.ITestResult)[pri:0, instance:com.lmg_dubai.sahlastore.inventory.SStore_TS48437_Count_UnitAmountStockCount@3012646b]" name="result" is-config="true" duration-ms="730" started-at="2020-11-02T02:32:40Z" finished-at="2020-11-02T02:32:41Z">
          <params>
            <param index="0">
              <value>
                <![CDATA[[TestResult name=ts48437 status=FAILURE method=SStore_TS48437_Count_UnitAmountStockCount.ts48437()[pri:0, instance:com.lmg_dubai.sahlastore.inventory.SStore_TS48437_Count_UnitAmountStockCount@3012646b] output={null}]]]>
              </value>
            </param>
          </params>
          <reporter-output>
          </reporter-output>
        </test-method> <!-- result -->
      </class> <!-- com.lmg_dubai.sahlastore.inventory.SStore_TS48437_Count_UnitAmountStockCount -->
      <class name="com.lmg_dubai.sahlastore.inventory.SStore_TS48100_Inventory_SendStoreTransfer">
        <test-method status="PASS" signature="_LaunchApp()[pri:0, instance:com.lmg_dubai.sahlastore.inventory.SStore_TS48100_Inventory_SendStoreTransfer@72e5a8e]" name="_LaunchApp" is-config="true" duration-ms="14895" started-at="2020-11-02T00:39:30Z" finished-at="2020-11-02T00:39:45Z">
          <reporter-output>
          </reporter-output>
        </test-method> <!-- _LaunchApp -->
        <test-method status="PASS" signature="ts48100()[pri:0, instance:com.lmg_dubai.sahlastore.inventory.SStore_TS48100_Inventory_SendStoreTransfer@72e5a8e]" name="ts48100" duration-ms="150639" started-at="2020-11-02T00:39:45Z" finished-at="2020-11-02T00:42:15Z">
          <reporter-output>
          </reporter-output>
        </test-method> <!-- ts48100 -->
        <test-method status="PASS" signature="result(org.testng.ITestResult)[pri:0, instance:com.lmg_dubai.sahlastore.inventory.SStore_TS48100_Inventory_SendStoreTransfer@72e5a8e]" name="result" is-config="true" duration-ms="11420" started-at="2020-11-02T00:42:15Z" finished-at="2020-11-02T00:42:27Z">
          <params>
            <param index="0">
              <value>
                <![CDATA[[TestResult name=ts48100 status=SUCCESS method=SStore_TS48100_Inventory_SendStoreTransfer.ts48100()[pri:0, instance:com.lmg_dubai.sahlastore.inventory.SStore_TS48100_Inventory_SendStoreTransfer@72e5a8e] output={null}]]]>
              </value>
            </param>
          </params>
          <reporter-output>
          </reporter-output>
        </test-method> <!-- result -->
      </class> <!-- com.lmg_dubai.sahlastore.inventory.SStore_TS48100_Inventory_SendStoreTransfer -->
      <class name="com.lmg_dubai.sahlastore.inventory.SStore_TS48202_Count_UnitStockCount">
        <test-method status="PASS" signature="_LaunchApp()[pri:0, instance:com.lmg_dubai.sahlastore.inventory.SStore_TS48202_Count_UnitStockCount@52719fb6]" name="_LaunchApp" is-config="true" duration-ms="11636" started-at="2020-11-02T02:26:39Z" finished-at="2020-11-02T02:26:51Z">
          <reporter-output>
          </reporter-output>
        </test-method> <!-- _LaunchApp -->
        <test-method status="FAIL" signature="ts48202()[pri:0, instance:com.lmg_dubai.sahlastore.inventory.SStore_TS48202_Count_UnitStockCount@52719fb6]" name="ts48202" duration-ms="168857" started-at="2020-11-02T02:26:51Z" finished-at="2020-11-02T02:29:40Z">
          <exception class="org.openqa.selenium.WebDriverException">
            <message>
              <![CDATA[An unknown server-side error occurred while processing the command. Original error: io.appium.uiautomator2.common.exceptions.UiAutomator2Exception: Timed out after 10000 milliseconds waiting for root AccessibilityNodeInfo
Build info: version: '3.7.1', revision: '8a0099a', time: '2017-11-06T21:01:39.354Z'
System info: host: 'LAPTOP-38LR7550', ip: '192.168.0.4', os.name: 'Windows 10', os.arch: 'amd64', os.version: '10.0', java.version: '1.8.0_91'
Driver info: io.appium.java_client.android.AndroidDriver
Capabilities {adbExecTimeout: 450000, allowDenyPermission: true, appActivity: crc646ee66886a7a00442.Splas..., appPackage: com.landmarkgroup.sahla, autoAcceptAlert: true, autoGrantPermissions: true, automationName: uiautomator2, databaseEnabled: false, desired: {adbExecTimeout: 450000, allowDenyPermission: true, appActivity: crc646ee66886a7a00442.Splas..., appPackage: com.landmarkgroup.sahla, autoAcceptAlert: true, autoGrantPermissions: true, automationName: uiautomator2, deviceName: Redmi, fullReset: false, newCommandTimeout: 450000, noReset: true, platformName: android, platformVersion: 10.0, systemPort: 8200, udid: emulator-5554, waitForIdleTimeout: 5000}, deviceApiLevel: 29, deviceManufacturer: Google, deviceModel: Android SDK built for x86, deviceName: emulator-5554, deviceScreenDensity: 440, deviceScreenSize: 1080x2160, deviceUDID: emulator-5554, fullReset: false, javascriptEnabled: true, locationContextEnabled: false, networkConnectionEnabled: true, newCommandTimeout: 450000, noReset: true, pixelRatio: 2.75, platform: LINUX, platformName: LINUX, platformVersion: 10, statBarHeight: 66, systemPort: 8200, takesScreenshot: true, udid: emulator-5554, viewportRect: {height: 1962, left: 0, top: 66, width: 1080}, waitForIdleTimeout: 5000, warnings: {}, webStorageEnabled: false}
Session ID: 03745336-8e60-465c-9c25-3c72365265c6
*** Element info: {Using=xpath, value=//android.widget.TextView[@content-desc='StoreTitle']}]]>
            </message>
            <full-stacktrace>
              <![CDATA[org.openqa.selenium.WebDriverException: An unknown server-side error occurred while processing the command. Original error: io.appium.uiautomator2.common.exceptions.UiAutomator2Exception: Timed out after 10000 milliseconds waiting for root AccessibilityNodeInfo
Build info: version: '3.7.1', revision: '8a0099a', time: '2017-11-06T21:01:39.354Z'
System info: host: 'LAPTOP-38LR7550', ip: '192.168.0.4', os.name: 'Windows 10', os.arch: 'amd64', os.version: '10.0', java.version: '1.8.0_91'
Driver info: io.appium.java_client.android.AndroidDriver
Capabilities {adbExecTimeout: 450000, allowDenyPermission: true, appActivity: crc646ee66886a7a00442.Splas..., appPackage: com.landmarkgroup.sahla, autoAcceptAlert: true, autoGrantPermissions: true, automationName: uiautomator2, databaseEnabled: false, desired: {adbExecTimeout: 450000, allowDenyPermission: true, appActivity: crc646ee66886a7a00442.Splas..., appPackage: com.landmarkgroup.sahla, autoAcceptAlert: true, autoGrantPermissions: true, automationName: uiautomator2, deviceName: Redmi, fullReset: false, newCommandTimeout: 450000, noReset: true, platformName: android, platformVersion: 10.0, systemPort: 8200, udid: emulator-5554, waitForIdleTimeout: 5000}, deviceApiLevel: 29, deviceManufacturer: Google, deviceModel: Android SDK built for x86, deviceName: emulator-5554, deviceScreenDensity: 440, deviceScreenSize: 1080x2160, deviceUDID: emulator-5554, fullReset: false, javascriptEnabled: true, locationContextEnabled: false, networkConnectionEnabled: true, newCommandTimeout: 450000, noReset: true, pixelRatio: 2.75, platform: LINUX, platformName: LINUX, platformVersion: 10, statBarHeight: 66, systemPort: 8200, takesScreenshot: true, udid: emulator-5554, viewportRect: {height: 1962, left: 0, top: 66, width: 1080}, waitForIdleTimeout: 5000, warnings: {}, webStorageEnabled: false}
Session ID: 03745336-8e60-465c-9c25-3c72365265c6
*** Element info: {Using=xpath, value=//android.widget.TextView[@content-desc='StoreTitle']}
	at sun.reflect.NativeConstructorAccessorImpl.newInstance0(Native Method)
	at sun.reflect.NativeConstructorAccessorImpl.newInstance(Unknown Source)
	at sun.reflect.DelegatingConstructorAccessorImpl.newInstance(Unknown Source)
	at java.lang.reflect.Constructor.newInstance(Unknown Source)
	at org.openqa.selenium.remote.http.W3CHttpResponseCodec.createException(W3CHttpResponseCodec.java:187)
	at org.openqa.selenium.remote.http.W3CHttpResponseCodec.decode(W3CHttpResponseCodec.java:122)
	at org.openqa.selenium.remote.http.W3CHttpResponseCodec.decode(W3CHttpResponseCodec.java:49)
	at org.openqa.selenium.remote.HttpCommandExecutor.execute(HttpCommandExecutor.java:164)
	at io.appium.java_client.remote.AppiumCommandExecutor.execute(AppiumCommandExecutor.java:69)
	at org.openqa.selenium.remote.RemoteWebDriver.execute(RemoteWebDriver.java:600)
	at io.appium.java_client.DefaultGenericMobileDriver.execute(DefaultGenericMobileDriver.java:40)
	at io.appium.java_client.AppiumDriver.execute(AppiumDriver.java:1)
	at io.appium.java_client.android.AndroidDriver.execute(AndroidDriver.java:1)
	at org.openqa.selenium.remote.RemoteWebDriver.findElements(RemoteWebDriver.java:397)
	at io.appium.java_client.DefaultGenericMobileDriver.findElements(DefaultGenericMobileDriver.java:48)
	at io.appium.java_client.AppiumDriver.findElements(AppiumDriver.java:195)
	at org.openqa.selenium.remote.RemoteWebDriver.findElementsByXPath(RemoteWebDriver.java:476)
	at io.appium.java_client.DefaultGenericMobileDriver.findElementsByXPath(DefaultGenericMobileDriver.java:138)
	at io.appium.java_client.AppiumDriver.findElementsByXPath(AppiumDriver.java:227)
	at org.openqa.selenium.By$ByXPath.findElements(By.java:356)
	at org.openqa.selenium.remote.RemoteWebDriver.findElements(RemoteWebDriver.java:358)
	at io.appium.java_client.DefaultGenericMobileDriver.findElements(DefaultGenericMobileDriver.java:44)
	at io.appium.java_client.AppiumDriver.findElements(AppiumDriver.java:191)
	at org.openqa.selenium.support.pagefactory.DefaultElementLocator.findElements(DefaultElementLocator.java:85)
	at org.openqa.selenium.support.pagefactory.internal.LocatingElementListHandler.invoke(LocatingElementListHandler.java:36)
	at com.sun.proxy.$Proxy12.get(Unknown Source)
	at com.lmg_dubai.sahlastore.pages.NavigateToHomePage.navigateToHomePage(NavigateToHomePage.java:394)
	at com.lmg_dubai.sahlastore.inventory.SStore_TS48202_Count_UnitStockCount.ts48202(SStore_TS48202_Count_UnitStockCount.java:21)
	at sun.reflect.NativeMethodAccessorImpl.invoke0(Native Method)
	at sun.reflect.NativeMethodAccessorImpl.invoke(Unknown Source)
	at sun.reflect.DelegatingMethodAccessorImpl.invoke(Unknown Source)
	at java.lang.reflect.Method.invoke(Unknown Source)
	at org.testng.internal.MethodInvocationHelper.invokeMethod(MethodInvocationHelper.java:104)
	at org.testng.internal.Invoker.invokeMethod(Invoker.java:645)
	at org.testng.internal.Invoker.invokeTestMethod(Invoker.java:851)
	at org.testng.internal.Invoker.invokeTestMethods(Invoker.java:1177)
	at org.testng.internal.TestMethodWorker.invokeTestMethods(TestMethodWorker.java:129)
	at org.testng.internal.TestMethodWorker.run(TestMethodWorker.java:112)
	at org.testng.TestRunner.privateRun(TestRunner.java:756)
	at org.testng.TestRunner.run(TestRunner.java:610)
	at org.testng.SuiteRunner.runTest(SuiteRunner.java:387)
	at org.testng.SuiteRunner.runSequentially(SuiteRunner.java:382)
	at org.testng.SuiteRunner.privateRun(SuiteRunner.java:340)
	at org.testng.SuiteRunner.run(SuiteRunner.java:289)
	at org.testng.SuiteRunnerWorker.runSuite(SuiteRunnerWorker.java:52)
	at org.testng.SuiteRunnerWorker.run(SuiteRunnerWorker.java:86)
	at org.testng.TestNG.runSuitesSequentially(TestNG.java:1293)
	at org.testng.TestNG.runSuitesLocally(TestNG.java:1218)
	at org.testng.TestNG.runSuites(TestNG.java:1133)
	at org.testng.TestNG.run(TestNG.java:1104)
	at org.testng.remote.AbstractRemoteTestNG.run(AbstractRemoteTestNG.java:115)
	at org.testng.remote.RemoteTestNG.initAndRun(RemoteTestNG.java:251)
	at org.testng.remote.RemoteTestNG.main(RemoteTestNG.java:77)
]]>
            </full-stacktrace>
          </exception> <!-- org.openqa.selenium.WebDriverException -->
          <reporter-output>
          </reporter-output>
        </test-method> <!-- ts48202 -->
        <test-method status="PASS" signature="result(org.testng.ITestResult)[pri:0, instance:com.lmg_dubai.sahlastore.inventory.SStore_TS48202_Count_UnitStockCount@52719fb6]" name="result" is-config="true" duration-ms="1075" started-at="2020-11-02T02:29:40Z" finished-at="2020-11-02T02:29:41Z">
          <params>
            <param index="0">
              <value>
                <![CDATA[[TestResult name=ts48202 status=FAILURE method=SStore_TS48202_Count_UnitStockCount.ts48202()[pri:0, instance:com.lmg_dubai.sahlastore.inventory.SStore_TS48202_Count_UnitStockCount@52719fb6] output={null}]]]>
              </value>
            </param>
          </params>
          <reporter-output>
          </reporter-output>
        </test-method> <!-- result -->
      </class> <!-- com.lmg_dubai.sahlastore.inventory.SStore_TS48202_Count_UnitStockCount -->
      <class name="com.lmg_dubai.sahlastore.inventory.SStore_TS48117_Inventory_SendStoreTransfer">
        <test-method status="PASS" signature="_LaunchApp()[pri:0, instance:com.lmg_dubai.sahlastore.inventory.SStore_TS48117_Inventory_SendStoreTransfer@534a5a98]" name="_LaunchApp" is-config="true" duration-ms="11944" started-at="2020-11-02T01:28:27Z" finished-at="2020-11-02T01:28:39Z">
          <reporter-output>
          </reporter-output>
        </test-method> <!-- _LaunchApp -->
        <test-method status="FAIL" signature="ts48117()[pri:0, instance:com.lmg_dubai.sahlastore.inventory.SStore_TS48117_Inventory_SendStoreTransfer@534a5a98]" name="ts48117" duration-ms="239863" started-at="2020-11-02T01:28:39Z" finished-at="2020-11-02T01:32:39Z">
          <exception class="org.openqa.selenium.TimeoutException">
            <message>
              <![CDATA[Expected condition failed: waiting for presence of element located by: By.xpath: //android.widget.TextView[@text='Dispatch'] (tried for 30 second(s) with 500 MILLISECONDS interval)]]>
            </message>
            <full-stacktrace>
              <![CDATA[org.openqa.selenium.TimeoutException: Expected condition failed: waiting for presence of element located by: By.xpath: //android.widget.TextView[@text='Dispatch'] (tried for 30 second(s) with 500 MILLISECONDS interval)
	at org.openqa.selenium.support.ui.WebDriverWait.timeoutException(WebDriverWait.java:82)
	at org.openqa.selenium.support.ui.FluentWait.until(FluentWait.java:231)
	at com.lmg_dubai.sahlastore.library.GenericLib.explicitWait(GenericLib.java:611)
	at com.lmg_dubai.sahlastore.pages.InventoryStoreTransferPage.dispatchPendingTransferSPStandaloneLoc(InventoryStoreTransferPage.java:957)
	at com.lmg_dubai.sahlastore.inventory.SStore_TS48117_Inventory_SendStoreTransfer.ts48117(SStore_TS48117_Inventory_SendStoreTransfer.java:26)
	at sun.reflect.NativeMethodAccessorImpl.invoke0(Native Method)
	at sun.reflect.NativeMethodAccessorImpl.invoke(Unknown Source)
	at sun.reflect.DelegatingMethodAccessorImpl.invoke(Unknown Source)
	at java.lang.reflect.Method.invoke(Unknown Source)
	at org.testng.internal.MethodInvocationHelper.invokeMethod(MethodInvocationHelper.java:104)
	at org.testng.internal.Invoker.invokeMethod(Invoker.java:645)
	at org.testng.internal.Invoker.invokeTestMethod(Invoker.java:851)
	at org.testng.internal.Invoker.invokeTestMethods(Invoker.java:1177)
	at org.testng.internal.TestMethodWorker.invokeTestMethods(TestMethodWorker.java:129)
	at org.testng.internal.TestMethodWorker.run(TestMethodWorker.java:112)
	at org.testng.TestRunner.privateRun(TestRunner.java:756)
	at org.testng.TestRunner.run(TestRunner.java:610)
	at org.testng.SuiteRunner.runTest(SuiteRunner.java:387)
	at org.testng.SuiteRunner.runSequentially(SuiteRunner.java:382)
	at org.testng.SuiteRunner.privateRun(SuiteRunner.java:340)
	at org.testng.SuiteRunner.run(SuiteRunner.java:289)
	at org.testng.SuiteRunnerWorker.runSuite(SuiteRunnerWorker.java:52)
	at org.testng.SuiteRunnerWorker.run(SuiteRunnerWorker.java:86)
	at org.testng.TestNG.runSuitesSequentially(TestNG.java:1293)
	at org.testng.TestNG.runSuitesLocally(TestNG.java:1218)
	at org.testng.TestNG.runSuites(TestNG.java:1133)
	at org.testng.TestNG.run(TestNG.java:1104)
	at org.testng.remote.AbstractRemoteTestNG.run(AbstractRemoteTestNG.java:115)
	at org.testng.remote.RemoteTestNG.initAndRun(RemoteTestNG.java:251)
	at org.testng.remote.RemoteTestNG.main(RemoteTestNG.java:77)
Caused by: org.openqa.selenium.NoSuchElementException: Cannot locate an element using By.xpath: //android.widget.TextView[@text='Dispatch']
For documentation on this error, please visit: http://seleniumhq.org/exceptions/no_such_element.html
Build info: version: '3.7.1', revision: '8a0099a', time: '2017-11-06T21:01:39.354Z'
System info: host: 'LAPTOP-38LR7550', ip: '192.168.0.4', os.name: 'Windows 10', os.arch: 'amd64', os.version: '10.0', java.version: '1.8.0_91'
Driver info: driver.version: unknown
	at org.openqa.selenium.support.ui.ExpectedConditions.lambda$findElement$0(ExpectedConditions.java:882)
	at java.util.Optional.orElseThrow(Unknown Source)
	at org.openqa.selenium.support.ui.ExpectedConditions.findElement(ExpectedConditions.java:881)
	at org.openqa.selenium.support.ui.ExpectedConditions.access$000(ExpectedConditions.java:43)
	at org.openqa.selenium.support.ui.ExpectedConditions$6.apply(ExpectedConditions.java:182)
	at org.openqa.selenium.support.ui.ExpectedConditions$6.apply(ExpectedConditions.java:179)
	at org.openqa.selenium.support.ui.FluentWait.until(FluentWait.java:208)
	... 28 more
]]>
            </full-stacktrace>
          </exception> <!-- org.openqa.selenium.TimeoutException -->
          <reporter-output>
          </reporter-output>
        </test-method> <!-- ts48117 -->
        <test-method status="PASS" signature="result(org.testng.ITestResult)[pri:0, instance:com.lmg_dubai.sahlastore.inventory.SStore_TS48117_Inventory_SendStoreTransfer@534a5a98]" name="result" is-config="true" duration-ms="6631" started-at="2020-11-02T01:32:39Z" finished-at="2020-11-02T01:32:46Z">
          <params>
            <param index="0">
              <value>
                <![CDATA[[TestResult name=ts48117 status=FAILURE method=SStore_TS48117_Inventory_SendStoreTransfer.ts48117()[pri:0, instance:com.lmg_dubai.sahlastore.inventory.SStore_TS48117_Inventory_SendStoreTransfer@534a5a98] output={null}]]]>
              </value>
            </param>
          </params>
          <reporter-output>
          </reporter-output>
        </test-method> <!-- result -->
      </class> <!-- com.lmg_dubai.sahlastore.inventory.SStore_TS48117_Inventory_SendStoreTransfer -->
      <class name="com.lmg_dubai.sahlastore.inventory.SStore_TS48090_Count_UnitStockCount">
        <test-method status="PASS" signature="createSheet()[pri:0, instance:com.lmg_dubai.sahlastore.inventory.SStore_TS48090_Count_UnitStockCount@d9345cd]" name="createSheet" is-config="true" duration-ms="1657" started-at="2020-11-02T00:16:48Z" finished-at="2020-11-02T00:16:50Z">
          <reporter-output>
          </reporter-output>
        </test-method> <!-- createSheet -->
        <test-method status="PASS" signature="_LaunchApp()[pri:0, instance:com.lmg_dubai.sahlastore.inventory.SStore_TS48090_Count_UnitStockCount@d9345cd]" name="_LaunchApp" is-config="true" duration-ms="23558" started-at="2020-11-02T00:16:50Z" finished-at="2020-11-02T00:17:13Z">
          <reporter-output>
          </reporter-output>
        </test-method> <!-- _LaunchApp -->
        <test-method status="PASS" signature="ts48090()[pri:0, instance:com.lmg_dubai.sahlastore.inventory.SStore_TS48090_Count_UnitStockCount@d9345cd]" name="ts48090" duration-ms="110642" started-at="2020-11-02T00:17:13Z" finished-at="2020-11-02T00:19:04Z">
          <reporter-output>
          </reporter-output>
        </test-method> <!-- ts48090 -->
        <test-method status="PASS" signature="result(org.testng.ITestResult)[pri:0, instance:com.lmg_dubai.sahlastore.inventory.SStore_TS48090_Count_UnitStockCount@d9345cd]" name="result" is-config="true" duration-ms="18400" started-at="2020-11-02T00:19:05Z" finished-at="2020-11-02T00:19:24Z">
          <params>
            <param index="0">
              <value>
                <![CDATA[[TestResult name=ts48090 status=SUCCESS method=SStore_TS48090_Count_UnitStockCount.ts48090()[pri:0, instance:com.lmg_dubai.sahlastore.inventory.SStore_TS48090_Count_UnitStockCount@d9345cd] output={null}]]]>
              </value>
            </param>
          </params>
          <reporter-output>
          </reporter-output>
        </test-method> <!-- result -->
        <test-method status="PASS" signature="finish(org.testng.ITestContext)[pri:0, instance:com.lmg_dubai.sahlastore.inventory.SStore_TS48090_Count_UnitStockCount@d9345cd]" name="finish" is-config="true" duration-ms="834" started-at="2020-11-02T02:35:39Z" finished-at="2020-11-02T02:35:40Z">
          <params>
            <param index="0">
              <value>
                <![CDATA[org.testng.TestRunner@40f9cf69]]>
              </value>
            </param>
          </params>
          <reporter-output>
          </reporter-output>
        </test-method> <!-- finish -->
      </class> <!-- com.lmg_dubai.sahlastore.inventory.SStore_TS48090_Count_UnitStockCount -->
      <class name="com.lmg_dubai.sahlastore.inventory.SStore_TS48108_Inventory_SendStoreTransfer">
        <test-method status="PASS" signature="_LaunchApp()[pri:0, instance:com.lmg_dubai.sahlastore.inventory.SStore_TS48108_Inventory_SendStoreTransfer@73e9cf30]" name="_LaunchApp" is-config="true" duration-ms="11805" started-at="2020-11-02T01:00:14Z" finished-at="2020-11-02T01:00:26Z">
          <reporter-output>
          </reporter-output>
        </test-method> <!-- _LaunchApp -->
        <test-method status="PASS" signature="ts48108()[pri:0, instance:com.lmg_dubai.sahlastore.inventory.SStore_TS48108_Inventory_SendStoreTransfer@73e9cf30]" name="ts48108" duration-ms="95705" started-at="2020-11-02T01:00:26Z" finished-at="2020-11-02T01:02:01Z">
          <reporter-output>
          </reporter-output>
        </test-method> <!-- ts48108 -->
        <test-method status="PASS" signature="result(org.testng.ITestResult)[pri:0, instance:com.lmg_dubai.sahlastore.inventory.SStore_TS48108_Inventory_SendStoreTransfer@73e9cf30]" name="result" is-config="true" duration-ms="11351" started-at="2020-11-02T01:02:02Z" finished-at="2020-11-02T01:02:13Z">
          <params>
            <param index="0">
              <value>
                <![CDATA[[TestResult name=ts48108 status=SUCCESS method=SStore_TS48108_Inventory_SendStoreTransfer.ts48108()[pri:0, instance:com.lmg_dubai.sahlastore.inventory.SStore_TS48108_Inventory_SendStoreTransfer@73e9cf30] output={null}]]]>
              </value>
            </param>
          </params>
          <reporter-output>
          </reporter-output>
        </test-method> <!-- result -->
      </class> <!-- com.lmg_dubai.sahlastore.inventory.SStore_TS48108_Inventory_SendStoreTransfer -->
      <class name="com.lmg_dubai.sahlastore.inventory.SStore_TS48143_Inventory_ReceiveTransferIn">
        <test-method status="PASS" signature="_LaunchApp()[pri:0, instance:com.lmg_dubai.sahlastore.inventory.SStore_TS48143_Inventory_ReceiveTransferIn@5e600dd5]" name="_LaunchApp" is-config="true" duration-ms="11788" started-at="2020-11-02T01:46:00Z" finished-at="2020-11-02T01:46:12Z">
          <reporter-output>
          </reporter-output>
        </test-method> <!-- _LaunchApp -->
        <test-method status="FAIL" signature="ts48143()[pri:0, instance:com.lmg_dubai.sahlastore.inventory.SStore_TS48143_Inventory_ReceiveTransferIn@5e600dd5]" name="ts48143" duration-ms="237765" started-at="2020-11-02T01:46:12Z" finished-at="2020-11-02T01:50:10Z">
          <exception class="org.openqa.selenium.TimeoutException">
            <message>
              <![CDATA[Expected condition failed: waiting for presence of element located by: By.xpath: //android.widget.TextView[@text='Dispatch'] (tried for 30 second(s) with 500 MILLISECONDS interval)]]>
            </message>
            <full-stacktrace>
              <![CDATA[org.openqa.selenium.TimeoutException: Expected condition failed: waiting for presence of element located by: By.xpath: //android.widget.TextView[@text='Dispatch'] (tried for 30 second(s) with 500 MILLISECONDS interval)
	at org.openqa.selenium.support.ui.WebDriverWait.timeoutException(WebDriverWait.java:82)
	at org.openqa.selenium.support.ui.FluentWait.until(FluentWait.java:231)
	at com.lmg_dubai.sahlastore.library.GenericLib.explicitWait(GenericLib.java:611)
	at com.lmg_dubai.sahlastore.pages.InventoryStoreTransferPage.dispatchPendingTransferSPCPLoc(InventoryStoreTransferPage.java:527)
	at com.lmg_dubai.sahlastore.inventory.SStore_TS48143_Inventory_ReceiveTransferIn.ts48143(SStore_TS48143_Inventory_ReceiveTransferIn.java:29)
	at sun.reflect.NativeMethodAccessorImpl.invoke0(Native Method)
	at sun.reflect.NativeMethodAccessorImpl.invoke(Unknown Source)
	at sun.reflect.DelegatingMethodAccessorImpl.invoke(Unknown Source)
	at java.lang.reflect.Method.invoke(Unknown Source)
	at org.testng.internal.MethodInvocationHelper.invokeMethod(MethodInvocationHelper.java:104)
	at org.testng.internal.Invoker.invokeMethod(Invoker.java:645)
	at org.testng.internal.Invoker.invokeTestMethod(Invoker.java:851)
	at org.testng.internal.Invoker.invokeTestMethods(Invoker.java:1177)
	at org.testng.internal.TestMethodWorker.invokeTestMethods(TestMethodWorker.java:129)
	at org.testng.internal.TestMethodWorker.run(TestMethodWorker.java:112)
	at org.testng.TestRunner.privateRun(TestRunner.java:756)
	at org.testng.TestRunner.run(TestRunner.java:610)
	at org.testng.SuiteRunner.runTest(SuiteRunner.java:387)
	at org.testng.SuiteRunner.runSequentially(SuiteRunner.java:382)
	at org.testng.SuiteRunner.privateRun(SuiteRunner.java:340)
	at org.testng.SuiteRunner.run(SuiteRunner.java:289)
	at org.testng.SuiteRunnerWorker.runSuite(SuiteRunnerWorker.java:52)
	at org.testng.SuiteRunnerWorker.run(SuiteRunnerWorker.java:86)
	at org.testng.TestNG.runSuitesSequentially(TestNG.java:1293)
	at org.testng.TestNG.runSuitesLocally(TestNG.java:1218)
	at org.testng.TestNG.runSuites(TestNG.java:1133)
	at org.testng.TestNG.run(TestNG.java:1104)
	at org.testng.remote.AbstractRemoteTestNG.run(AbstractRemoteTestNG.java:115)
	at org.testng.remote.RemoteTestNG.initAndRun(RemoteTestNG.java:251)
	at org.testng.remote.RemoteTestNG.main(RemoteTestNG.java:77)
Caused by: org.openqa.selenium.NoSuchElementException: Cannot locate an element using By.xpath: //android.widget.TextView[@text='Dispatch']
For documentation on this error, please visit: http://seleniumhq.org/exceptions/no_such_element.html
Build info: version: '3.7.1', revision: '8a0099a', time: '2017-11-06T21:01:39.354Z'
System info: host: 'LAPTOP-38LR7550', ip: '192.168.0.4', os.name: 'Windows 10', os.arch: 'amd64', os.version: '10.0', java.version: '1.8.0_91'
Driver info: driver.version: unknown
	at org.openqa.selenium.support.ui.ExpectedConditions.lambda$findElement$0(ExpectedConditions.java:882)
	at java.util.Optional.orElseThrow(Unknown Source)
	at org.openqa.selenium.support.ui.ExpectedConditions.findElement(ExpectedConditions.java:881)
	at org.openqa.selenium.support.ui.ExpectedConditions.access$000(ExpectedConditions.java:43)
	at org.openqa.selenium.support.ui.ExpectedConditions$6.apply(ExpectedConditions.java:182)
	at org.openqa.selenium.support.ui.ExpectedConditions$6.apply(ExpectedConditions.java:179)
	at org.openqa.selenium.support.ui.FluentWait.until(FluentWait.java:208)
	... 28 more
]]>
            </full-stacktrace>
          </exception> <!-- org.openqa.selenium.TimeoutException -->
          <reporter-output>
          </reporter-output>
        </test-method> <!-- ts48143 -->
        <test-method status="PASS" signature="result(org.testng.ITestResult)[pri:0, instance:com.lmg_dubai.sahlastore.inventory.SStore_TS48143_Inventory_ReceiveTransferIn@5e600dd5]" name="result" is-config="true" duration-ms="4530" started-at="2020-11-02T01:50:10Z" finished-at="2020-11-02T01:50:14Z">
          <params>
            <param index="0">
              <value>
                <![CDATA[[TestResult name=ts48143 status=FAILURE method=SStore_TS48143_Inventory_ReceiveTransferIn.ts48143()[pri:0, instance:com.lmg_dubai.sahlastore.inventory.SStore_TS48143_Inventory_ReceiveTransferIn@5e600dd5] output={null}]]]>
              </value>
            </param>
          </params>
          <reporter-output>
          </reporter-output>
        </test-method> <!-- result -->
      </class> <!-- com.lmg_dubai.sahlastore.inventory.SStore_TS48143_Inventory_ReceiveTransferIn -->
      <class name="com.lmg_dubai.sahlastore.inventory.SStore_TS48094_Inventory_SendStoreTransfer">
        <test-method status="PASS" signature="_LaunchApp()[pri:0, instance:com.lmg_dubai.sahlastore.inventory.SStore_TS48094_Inventory_SendStoreTransfer@6bd61f98]" name="_LaunchApp" is-config="true" duration-ms="11505" started-at="2020-11-02T00:24:08Z" finished-at="2020-11-02T00:24:20Z">
          <reporter-output>
          </reporter-output>
        </test-method> <!-- _LaunchApp -->
        <test-method status="PASS" signature="ts48094()[pri:0, instance:com.lmg_dubai.sahlastore.inventory.SStore_TS48094_Inventory_SendStoreTransfer@6bd61f98]" name="ts48094" duration-ms="133643" started-at="2020-11-02T00:24:20Z" finished-at="2020-11-02T00:26:33Z">
          <reporter-output>
          </reporter-output>
        </test-method> <!-- ts48094 -->
        <test-method status="PASS" signature="result(org.testng.ITestResult)[pri:0, instance:com.lmg_dubai.sahlastore.inventory.SStore_TS48094_Inventory_SendStoreTransfer@6bd61f98]" name="result" is-config="true" duration-ms="15568" started-at="2020-11-02T00:26:34Z" finished-at="2020-11-02T00:26:49Z">
          <params>
            <param index="0">
              <value>
                <![CDATA[[TestResult name=ts48094 status=SUCCESS method=SStore_TS48094_Inventory_SendStoreTransfer.ts48094()[pri:0, instance:com.lmg_dubai.sahlastore.inventory.SStore_TS48094_Inventory_SendStoreTransfer@6bd61f98] output={null}]]]>
              </value>
            </param>
          </params>
          <reporter-output>
          </reporter-output>
        </test-method> <!-- result -->
      </class> <!-- com.lmg_dubai.sahlastore.inventory.SStore_TS48094_Inventory_SendStoreTransfer -->
      <class name="com.lmg_dubai.sahlastore.inventory.SStore_TS48147_Inventory_ReceiveTransferIn">
        <test-method status="PASS" signature="_LaunchApp()[pri:0, instance:com.lmg_dubai.sahlastore.inventory.SStore_TS48147_Inventory_ReceiveTransferIn@70e9c95d]" name="_LaunchApp" is-config="true" duration-ms="11859" started-at="2020-11-02T02:02:19Z" finished-at="2020-11-02T02:02:31Z">
          <reporter-output>
          </reporter-output>
        </test-method> <!-- _LaunchApp -->
        <test-method status="FAIL" signature="ts48147()[pri:0, instance:com.lmg_dubai.sahlastore.inventory.SStore_TS48147_Inventory_ReceiveTransferIn@70e9c95d]" name="ts48147" duration-ms="243206" started-at="2020-11-02T02:02:31Z" finished-at="2020-11-02T02:06:34Z">
          <exception class="org.openqa.selenium.TimeoutException">
            <message>
              <![CDATA[Expected condition failed: waiting for presence of element located by: By.xpath: //android.widget.TextView[@text='Dispatch'] (tried for 30 second(s) with 500 MILLISECONDS interval)]]>
            </message>
            <full-stacktrace>
              <![CDATA[org.openqa.selenium.TimeoutException: Expected condition failed: waiting for presence of element located by: By.xpath: //android.widget.TextView[@text='Dispatch'] (tried for 30 second(s) with 500 MILLISECONDS interval)
	at org.openqa.selenium.support.ui.WebDriverWait.timeoutException(WebDriverWait.java:82)
	at org.openqa.selenium.support.ui.FluentWait.until(FluentWait.java:231)
	at com.lmg_dubai.sahlastore.library.GenericLib.explicitWait(GenericLib.java:611)
	at com.lmg_dubai.sahlastore.pages.InventoryStoreTransferPage.dispatchPendingTransferSPStandaloneLoc(InventoryStoreTransferPage.java:957)
	at com.lmg_dubai.sahlastore.inventory.SStore_TS48147_Inventory_ReceiveTransferIn.ts48147(SStore_TS48147_Inventory_ReceiveTransferIn.java:29)
	at sun.reflect.NativeMethodAccessorImpl.invoke0(Native Method)
	at sun.reflect.NativeMethodAccessorImpl.invoke(Unknown Source)
	at sun.reflect.DelegatingMethodAccessorImpl.invoke(Unknown Source)
	at java.lang.reflect.Method.invoke(Unknown Source)
	at org.testng.internal.MethodInvocationHelper.invokeMethod(MethodInvocationHelper.java:104)
	at org.testng.internal.Invoker.invokeMethod(Invoker.java:645)
	at org.testng.internal.Invoker.invokeTestMethod(Invoker.java:851)
	at org.testng.internal.Invoker.invokeTestMethods(Invoker.java:1177)
	at org.testng.internal.TestMethodWorker.invokeTestMethods(TestMethodWorker.java:129)
	at org.testng.internal.TestMethodWorker.run(TestMethodWorker.java:112)
	at org.testng.TestRunner.privateRun(TestRunner.java:756)
	at org.testng.TestRunner.run(TestRunner.java:610)
	at org.testng.SuiteRunner.runTest(SuiteRunner.java:387)
	at org.testng.SuiteRunner.runSequentially(SuiteRunner.java:382)
	at org.testng.SuiteRunner.privateRun(SuiteRunner.java:340)
	at org.testng.SuiteRunner.run(SuiteRunner.java:289)
	at org.testng.SuiteRunnerWorker.runSuite(SuiteRunnerWorker.java:52)
	at org.testng.SuiteRunnerWorker.run(SuiteRunnerWorker.java:86)
	at org.testng.TestNG.runSuitesSequentially(TestNG.java:1293)
	at org.testng.TestNG.runSuitesLocally(TestNG.java:1218)
	at org.testng.TestNG.runSuites(TestNG.java:1133)
	at org.testng.TestNG.run(TestNG.java:1104)
	at org.testng.remote.AbstractRemoteTestNG.run(AbstractRemoteTestNG.java:115)
	at org.testng.remote.RemoteTestNG.initAndRun(RemoteTestNG.java:251)
	at org.testng.remote.RemoteTestNG.main(RemoteTestNG.java:77)
Caused by: org.openqa.selenium.NoSuchElementException: Cannot locate an element using By.xpath: //android.widget.TextView[@text='Dispatch']
For documentation on this error, please visit: http://seleniumhq.org/exceptions/no_such_element.html
Build info: version: '3.7.1', revision: '8a0099a', time: '2017-11-06T21:01:39.354Z'
System info: host: 'LAPTOP-38LR7550', ip: '192.168.0.4', os.name: 'Windows 10', os.arch: 'amd64', os.version: '10.0', java.version: '1.8.0_91'
Driver info: driver.version: unknown
	at org.openqa.selenium.support.ui.ExpectedConditions.lambda$findElement$0(ExpectedConditions.java:882)
	at java.util.Optional.orElseThrow(Unknown Source)
	at org.openqa.selenium.support.ui.ExpectedConditions.findElement(ExpectedConditions.java:881)
	at org.openqa.selenium.support.ui.ExpectedConditions.access$000(ExpectedConditions.java:43)
	at org.openqa.selenium.support.ui.ExpectedConditions$6.apply(ExpectedConditions.java:182)
	at org.openqa.selenium.support.ui.ExpectedConditions$6.apply(ExpectedConditions.java:179)
	at org.openqa.selenium.support.ui.FluentWait.until(FluentWait.java:208)
	... 28 more
]]>
            </full-stacktrace>
          </exception> <!-- org.openqa.selenium.TimeoutException -->
          <reporter-output>
          </reporter-output>
        </test-method> <!-- ts48147 -->
        <test-method status="PASS" signature="result(org.testng.ITestResult)[pri:0, instance:com.lmg_dubai.sahlastore.inventory.SStore_TS48147_Inventory_ReceiveTransferIn@70e9c95d]" name="result" is-config="true" duration-ms="3306" started-at="2020-11-02T02:06:34Z" finished-at="2020-11-02T02:06:37Z">
          <params>
            <param index="0">
              <value>
                <![CDATA[[TestResult name=ts48147 status=FAILURE method=SStore_TS48147_Inventory_ReceiveTransferIn.ts48147()[pri:0, instance:com.lmg_dubai.sahlastore.inventory.SStore_TS48147_Inventory_ReceiveTransferIn@70e9c95d] output={null}]]]>
              </value>
            </param>
          </params>
          <reporter-output>
          </reporter-output>
        </test-method> <!-- result -->
      </class> <!-- com.lmg_dubai.sahlastore.inventory.SStore_TS48147_Inventory_ReceiveTransferIn -->
      <class name="com.lmg_dubai.sahlastore.inventory.SStore_TS48130_Inventory_SendStoreTransfer">
        <test-method status="PASS" signature="_LaunchApp()[pri:0, instance:com.lmg_dubai.sahlastore.inventory.SStore_TS48130_Inventory_SendStoreTransfer@4f80542f]" name="_LaunchApp" is-config="true" duration-ms="12137" started-at="2020-11-02T01:32:46Z" finished-at="2020-11-02T01:32:58Z">
          <reporter-output>
          </reporter-output>
        </test-method> <!-- _LaunchApp -->
        <test-method status="PASS" signature="ts48130()[pri:0, instance:com.lmg_dubai.sahlastore.inventory.SStore_TS48130_Inventory_SendStoreTransfer@4f80542f]" name="ts48130" duration-ms="86560" started-at="2020-11-02T01:32:58Z" finished-at="2020-11-02T01:34:24Z">
          <reporter-output>
          </reporter-output>
        </test-method> <!-- ts48130 -->
        <test-method status="PASS" signature="result(org.testng.ITestResult)[pri:0, instance:com.lmg_dubai.sahlastore.inventory.SStore_TS48130_Inventory_SendStoreTransfer@4f80542f]" name="result" is-config="true" duration-ms="5785" started-at="2020-11-02T01:34:25Z" finished-at="2020-11-02T01:34:30Z">
          <params>
            <param index="0">
              <value>
                <![CDATA[[TestResult name=ts48130 status=SUCCESS method=SStore_TS48130_Inventory_SendStoreTransfer.ts48130()[pri:0, instance:com.lmg_dubai.sahlastore.inventory.SStore_TS48130_Inventory_SendStoreTransfer@4f80542f] output={null}]]]>
              </value>
            </param>
          </params>
          <reporter-output>
          </reporter-output>
        </test-method> <!-- result -->
      </class> <!-- com.lmg_dubai.sahlastore.inventory.SStore_TS48130_Inventory_SendStoreTransfer -->
      <class name="com.lmg_dubai.sahlastore.inventory.SStore_TS48103_Inventory_SendStoreTransfer">
        <test-method status="PASS" signature="_LaunchApp()[pri:0, instance:com.lmg_dubai.sahlastore.inventory.SStore_TS48103_Inventory_SendStoreTransfer@52b1beb6]" name="_LaunchApp" is-config="true" duration-ms="14619" started-at="2020-11-02T00:47:36Z" finished-at="2020-11-02T00:47:51Z">
          <reporter-output>
          </reporter-output>
        </test-method> <!-- _LaunchApp -->
        <test-method status="FAIL" signature="ts48103()[pri:0, instance:com.lmg_dubai.sahlastore.inventory.SStore_TS48103_Inventory_SendStoreTransfer@52b1beb6]" name="ts48103" duration-ms="130378" started-at="2020-11-02T00:47:51Z" finished-at="2020-11-02T00:50:01Z">
          <exception class="org.openqa.selenium.TimeoutException">
            <message>
              <![CDATA[Expected condition failed: waiting for presence of element located by: By.xpath: //android.widget.TextView[@text='Dispatch'] (tried for 30 second(s) with 500 MILLISECONDS interval)]]>
            </message>
            <full-stacktrace>
              <![CDATA[org.openqa.selenium.TimeoutException: Expected condition failed: waiting for presence of element located by: By.xpath: //android.widget.TextView[@text='Dispatch'] (tried for 30 second(s) with 500 MILLISECONDS interval)
	at org.openqa.selenium.support.ui.WebDriverWait.timeoutException(WebDriverWait.java:82)
	at org.openqa.selenium.support.ui.FluentWait.until(FluentWait.java:231)
	at com.lmg_dubai.sahlastore.library.GenericLib.explicitWait(GenericLib.java:611)
	at com.lmg_dubai.sahlastore.pages.InventoryStoreTransferPage.dispatchPendingTransferSMCPLoc(InventoryStoreTransferPage.java:487)
	at com.lmg_dubai.sahlastore.inventory.SStore_TS48103_Inventory_SendStoreTransfer.ts48103(SStore_TS48103_Inventory_SendStoreTransfer.java:24)
	at sun.reflect.NativeMethodAccessorImpl.invoke0(Native Method)
	at sun.reflect.NativeMethodAccessorImpl.invoke(Unknown Source)
	at sun.reflect.DelegatingMethodAccessorImpl.invoke(Unknown Source)
	at java.lang.reflect.Method.invoke(Unknown Source)
	at org.testng.internal.MethodInvocationHelper.invokeMethod(MethodInvocationHelper.java:104)
	at org.testng.internal.Invoker.invokeMethod(Invoker.java:645)
	at org.testng.internal.Invoker.invokeTestMethod(Invoker.java:851)
	at org.testng.internal.Invoker.invokeTestMethods(Invoker.java:1177)
	at org.testng.internal.TestMethodWorker.invokeTestMethods(TestMethodWorker.java:129)
	at org.testng.internal.TestMethodWorker.run(TestMethodWorker.java:112)
	at org.testng.TestRunner.privateRun(TestRunner.java:756)
	at org.testng.TestRunner.run(TestRunner.java:610)
	at org.testng.SuiteRunner.runTest(SuiteRunner.java:387)
	at org.testng.SuiteRunner.runSequentially(SuiteRunner.java:382)
	at org.testng.SuiteRunner.privateRun(SuiteRunner.java:340)
	at org.testng.SuiteRunner.run(SuiteRunner.java:289)
	at org.testng.SuiteRunnerWorker.runSuite(SuiteRunnerWorker.java:52)
	at org.testng.SuiteRunnerWorker.run(SuiteRunnerWorker.java:86)
	at org.testng.TestNG.runSuitesSequentially(TestNG.java:1293)
	at org.testng.TestNG.runSuitesLocally(TestNG.java:1218)
	at org.testng.TestNG.runSuites(TestNG.java:1133)
	at org.testng.TestNG.run(TestNG.java:1104)
	at org.testng.remote.AbstractRemoteTestNG.run(AbstractRemoteTestNG.java:115)
	at org.testng.remote.RemoteTestNG.initAndRun(RemoteTestNG.java:251)
	at org.testng.remote.RemoteTestNG.main(RemoteTestNG.java:77)
Caused by: org.openqa.selenium.NoSuchElementException: Cannot locate an element using By.xpath: //android.widget.TextView[@text='Dispatch']
For documentation on this error, please visit: http://seleniumhq.org/exceptions/no_such_element.html
Build info: version: '3.7.1', revision: '8a0099a', time: '2017-11-06T21:01:39.354Z'
System info: host: 'LAPTOP-38LR7550', ip: '192.168.0.4', os.name: 'Windows 10', os.arch: 'amd64', os.version: '10.0', java.version: '1.8.0_91'
Driver info: driver.version: unknown
	at org.openqa.selenium.support.ui.ExpectedConditions.lambda$findElement$0(ExpectedConditions.java:882)
	at java.util.Optional.orElseThrow(Unknown Source)
	at org.openqa.selenium.support.ui.ExpectedConditions.findElement(ExpectedConditions.java:881)
	at org.openqa.selenium.support.ui.ExpectedConditions.access$000(ExpectedConditions.java:43)
	at org.openqa.selenium.support.ui.ExpectedConditions$6.apply(ExpectedConditions.java:182)
	at org.openqa.selenium.support.ui.ExpectedConditions$6.apply(ExpectedConditions.java:179)
	at org.openqa.selenium.support.ui.FluentWait.until(FluentWait.java:208)
	... 28 more
]]>
            </full-stacktrace>
          </exception> <!-- org.openqa.selenium.TimeoutException -->
          <reporter-output>
          </reporter-output>
        </test-method> <!-- ts48103 -->
        <test-method status="PASS" signature="result(org.testng.ITestResult)[pri:0, instance:com.lmg_dubai.sahlastore.inventory.SStore_TS48103_Inventory_SendStoreTransfer@52b1beb6]" name="result" is-config="true" duration-ms="10546" started-at="2020-11-02T00:50:01Z" finished-at="2020-11-02T00:50:12Z">
          <params>
            <param index="0">
              <value>
                <![CDATA[[TestResult name=ts48103 status=FAILURE method=SStore_TS48103_Inventory_SendStoreTransfer.ts48103()[pri:0, instance:com.lmg_dubai.sahlastore.inventory.SStore_TS48103_Inventory_SendStoreTransfer@52b1beb6] output={null}]]]>
              </value>
            </param>
          </params>
          <reporter-output>
          </reporter-output>
        </test-method> <!-- result -->
      </class> <!-- com.lmg_dubai.sahlastore.inventory.SStore_TS48103_Inventory_SendStoreTransfer -->
      <class name="com.lmg_dubai.sahlastore.inventory.SStore_TS48116_Inventory_SendStoreTransfer">
        <test-method status="PASS" signature="_LaunchApp()[pri:0, instance:com.lmg_dubai.sahlastore.inventory.SStore_TS48116_Inventory_SendStoreTransfer@5a45133e]" name="_LaunchApp" is-config="true" duration-ms="11589" started-at="2020-11-02T01:24:08Z" finished-at="2020-11-02T01:24:20Z">
          <reporter-output>
          </reporter-output>
        </test-method> <!-- _LaunchApp -->
        <test-method status="FAIL" signature="ts48116()[pri:0, instance:com.lmg_dubai.sahlastore.inventory.SStore_TS48116_Inventory_SendStoreTransfer@5a45133e]" name="ts48116" duration-ms="240588" started-at="2020-11-02T01:24:20Z" finished-at="2020-11-02T01:28:20Z">
          <exception class="org.openqa.selenium.TimeoutException">
            <message>
              <![CDATA[Expected condition failed: waiting for presence of element located by: By.xpath: //android.widget.TextView[@text='Dispatch'] (tried for 30 second(s) with 500 MILLISECONDS interval)]]>
            </message>
            <full-stacktrace>
              <![CDATA[org.openqa.selenium.TimeoutException: Expected condition failed: waiting for presence of element located by: By.xpath: //android.widget.TextView[@text='Dispatch'] (tried for 30 second(s) with 500 MILLISECONDS interval)
	at org.openqa.selenium.support.ui.WebDriverWait.timeoutException(WebDriverWait.java:82)
	at org.openqa.selenium.support.ui.FluentWait.until(FluentWait.java:231)
	at com.lmg_dubai.sahlastore.library.GenericLib.explicitWait(GenericLib.java:611)
	at com.lmg_dubai.sahlastore.pages.InventoryStoreTransferPage.dispatchPendingTransferSMStandaloneLoc(InventoryStoreTransferPage.java:929)
	at com.lmg_dubai.sahlastore.inventory.SStore_TS48116_Inventory_SendStoreTransfer.ts48116(SStore_TS48116_Inventory_SendStoreTransfer.java:26)
	at sun.reflect.NativeMethodAccessorImpl.invoke0(Native Method)
	at sun.reflect.NativeMethodAccessorImpl.invoke(Unknown Source)
	at sun.reflect.DelegatingMethodAccessorImpl.invoke(Unknown Source)
	at java.lang.reflect.Method.invoke(Unknown Source)
	at org.testng.internal.MethodInvocationHelper.invokeMethod(MethodInvocationHelper.java:104)
	at org.testng.internal.Invoker.invokeMethod(Invoker.java:645)
	at org.testng.internal.Invoker.invokeTestMethod(Invoker.java:851)
	at org.testng.internal.Invoker.invokeTestMethods(Invoker.java:1177)
	at org.testng.internal.TestMethodWorker.invokeTestMethods(TestMethodWorker.java:129)
	at org.testng.internal.TestMethodWorker.run(TestMethodWorker.java:112)
	at org.testng.TestRunner.privateRun(TestRunner.java:756)
	at org.testng.TestRunner.run(TestRunner.java:610)
	at org.testng.SuiteRunner.runTest(SuiteRunner.java:387)
	at org.testng.SuiteRunner.runSequentially(SuiteRunner.java:382)
	at org.testng.SuiteRunner.privateRun(SuiteRunner.java:340)
	at org.testng.SuiteRunner.run(SuiteRunner.java:289)
	at org.testng.SuiteRunnerWorker.runSuite(SuiteRunnerWorker.java:52)
	at org.testng.SuiteRunnerWorker.run(SuiteRunnerWorker.java:86)
	at org.testng.TestNG.runSuitesSequentially(TestNG.java:1293)
	at org.testng.TestNG.runSuitesLocally(TestNG.java:1218)
	at org.testng.TestNG.runSuites(TestNG.java:1133)
	at org.testng.TestNG.run(TestNG.java:1104)
	at org.testng.remote.AbstractRemoteTestNG.run(AbstractRemoteTestNG.java:115)
	at org.testng.remote.RemoteTestNG.initAndRun(RemoteTestNG.java:251)
	at org.testng.remote.RemoteTestNG.main(RemoteTestNG.java:77)
Caused by: org.openqa.selenium.NoSuchElementException: Cannot locate an element using By.xpath: //android.widget.TextView[@text='Dispatch']
For documentation on this error, please visit: http://seleniumhq.org/exceptions/no_such_element.html
Build info: version: '3.7.1', revision: '8a0099a', time: '2017-11-06T21:01:39.354Z'
System info: host: 'LAPTOP-38LR7550', ip: '192.168.0.4', os.name: 'Windows 10', os.arch: 'amd64', os.version: '10.0', java.version: '1.8.0_91'
Driver info: driver.version: unknown
	at org.openqa.selenium.support.ui.ExpectedConditions.lambda$findElement$0(ExpectedConditions.java:882)
	at java.util.Optional.orElseThrow(Unknown Source)
	at org.openqa.selenium.support.ui.ExpectedConditions.findElement(ExpectedConditions.java:881)
	at org.openqa.selenium.support.ui.ExpectedConditions.access$000(ExpectedConditions.java:43)
	at org.openqa.selenium.support.ui.ExpectedConditions$6.apply(ExpectedConditions.java:182)
	at org.openqa.selenium.support.ui.ExpectedConditions$6.apply(ExpectedConditions.java:179)
	at org.openqa.selenium.support.ui.FluentWait.until(FluentWait.java:208)
	... 28 more
]]>
            </full-stacktrace>
          </exception> <!-- org.openqa.selenium.TimeoutException -->
          <reporter-output>
          </reporter-output>
        </test-method> <!-- ts48116 -->
        <test-method status="PASS" signature="result(org.testng.ITestResult)[pri:0, instance:com.lmg_dubai.sahlastore.inventory.SStore_TS48116_Inventory_SendStoreTransfer@5a45133e]" name="result" is-config="true" duration-ms="6807" started-at="2020-11-02T01:28:20Z" finished-at="2020-11-02T01:28:27Z">
          <params>
            <param index="0">
              <value>
                <![CDATA[[TestResult name=ts48116 status=FAILURE method=SStore_TS48116_Inventory_SendStoreTransfer.ts48116()[pri:0, instance:com.lmg_dubai.sahlastore.inventory.SStore_TS48116_Inventory_SendStoreTransfer@5a45133e] output={null}]]]>
              </value>
            </param>
          </params>
          <reporter-output>
          </reporter-output>
        </test-method> <!-- result -->
      </class> <!-- com.lmg_dubai.sahlastore.inventory.SStore_TS48116_Inventory_SendStoreTransfer -->
      <class name="com.lmg_dubai.sahlastore.inventory.SStore_TS48112_Inventory_SendStoreTransfer">
        <test-method status="PASS" signature="_LaunchApp()[pri:0, instance:com.lmg_dubai.sahlastore.inventory.SStore_TS48112_Inventory_SendStoreTransfer@3f6f6701]" name="_LaunchApp" is-config="true" duration-ms="11747" started-at="2020-11-02T01:10:11Z" finished-at="2020-11-02T01:10:23Z">
          <reporter-output>
          </reporter-output>
        </test-method> <!-- _LaunchApp -->
        <test-method status="PASS" signature="ts48112()[pri:0, instance:com.lmg_dubai.sahlastore.inventory.SStore_TS48112_Inventory_SendStoreTransfer@3f6f6701]" name="ts48112" duration-ms="166892" started-at="2020-11-02T01:10:23Z" finished-at="2020-11-02T01:13:09Z">
          <reporter-output>
          </reporter-output>
        </test-method> <!-- ts48112 -->
        <test-method status="PASS" signature="result(org.testng.ITestResult)[pri:0, instance:com.lmg_dubai.sahlastore.inventory.SStore_TS48112_Inventory_SendStoreTransfer@3f6f6701]" name="result" is-config="true" duration-ms="7607" started-at="2020-11-02T01:13:10Z" finished-at="2020-11-02T01:13:17Z">
          <params>
            <param index="0">
              <value>
                <![CDATA[[TestResult name=ts48112 status=SUCCESS method=SStore_TS48112_Inventory_SendStoreTransfer.ts48112()[pri:0, instance:com.lmg_dubai.sahlastore.inventory.SStore_TS48112_Inventory_SendStoreTransfer@3f6f6701] output={null}]]]>
              </value>
            </param>
          </params>
          <reporter-output>
          </reporter-output>
        </test-method> <!-- result -->
      </class> <!-- com.lmg_dubai.sahlastore.inventory.SStore_TS48112_Inventory_SendStoreTransfer -->
      <class name="com.lmg_dubai.sahlastore.inventory.SStore_TS48139_Inventory_ReceiveTransferIn">
        <test-method status="PASS" signature="_LaunchApp()[pri:0, instance:com.lmg_dubai.sahlastore.inventory.SStore_TS48139_Inventory_ReceiveTransferIn@60bd273d]" name="_LaunchApp" is-config="true" duration-ms="12759" started-at="2020-11-02T01:34:30Z" finished-at="2020-11-02T01:34:43Z">
          <reporter-output>
          </reporter-output>
        </test-method> <!-- _LaunchApp -->
        <test-method status="FAIL" signature="ts48139()[pri:0, instance:com.lmg_dubai.sahlastore.inventory.SStore_TS48139_Inventory_ReceiveTransferIn@60bd273d]" name="ts48139" duration-ms="193300" started-at="2020-11-02T01:34:43Z" finished-at="2020-11-02T01:37:56Z">
          <exception class="org.openqa.selenium.TimeoutException">
            <message>
              <![CDATA[Expected condition failed: waiting for presence of element located by: By.xpath: //android.widget.TextView[@text='Dispatch'] (tried for 30 second(s) with 500 MILLISECONDS interval)]]>
            </message>
            <full-stacktrace>
              <![CDATA[org.openqa.selenium.TimeoutException: Expected condition failed: waiting for presence of element located by: By.xpath: //android.widget.TextView[@text='Dispatch'] (tried for 30 second(s) with 500 MILLISECONDS interval)
	at org.openqa.selenium.support.ui.WebDriverWait.timeoutException(WebDriverWait.java:82)
	at org.openqa.selenium.support.ui.FluentWait.until(FluentWait.java:231)
	at com.lmg_dubai.sahlastore.library.GenericLib.explicitWait(GenericLib.java:611)
	at com.lmg_dubai.sahlastore.pages.InventoryStoreTransferPage.dispatchPendingTransferBSCPLoc(InventoryStoreTransferPage.java:467)
	at com.lmg_dubai.sahlastore.inventory.SStore_TS48139_Inventory_ReceiveTransferIn.ts48139(SStore_TS48139_Inventory_ReceiveTransferIn.java:29)
	at sun.reflect.NativeMethodAccessorImpl.invoke0(Native Method)
	at sun.reflect.NativeMethodAccessorImpl.invoke(Unknown Source)
	at sun.reflect.DelegatingMethodAccessorImpl.invoke(Unknown Source)
	at java.lang.reflect.Method.invoke(Unknown Source)
	at org.testng.internal.MethodInvocationHelper.invokeMethod(MethodInvocationHelper.java:104)
	at org.testng.internal.Invoker.invokeMethod(Invoker.java:645)
	at org.testng.internal.Invoker.invokeTestMethod(Invoker.java:851)
	at org.testng.internal.Invoker.invokeTestMethods(Invoker.java:1177)
	at org.testng.internal.TestMethodWorker.invokeTestMethods(TestMethodWorker.java:129)
	at org.testng.internal.TestMethodWorker.run(TestMethodWorker.java:112)
	at org.testng.TestRunner.privateRun(TestRunner.java:756)
	at org.testng.TestRunner.run(TestRunner.java:610)
	at org.testng.SuiteRunner.runTest(SuiteRunner.java:387)
	at org.testng.SuiteRunner.runSequentially(SuiteRunner.java:382)
	at org.testng.SuiteRunner.privateRun(SuiteRunner.java:340)
	at org.testng.SuiteRunner.run(SuiteRunner.java:289)
	at org.testng.SuiteRunnerWorker.runSuite(SuiteRunnerWorker.java:52)
	at org.testng.SuiteRunnerWorker.run(SuiteRunnerWorker.java:86)
	at org.testng.TestNG.runSuitesSequentially(TestNG.java:1293)
	at org.testng.TestNG.runSuitesLocally(TestNG.java:1218)
	at org.testng.TestNG.runSuites(TestNG.java:1133)
	at org.testng.TestNG.run(TestNG.java:1104)
	at org.testng.remote.AbstractRemoteTestNG.run(AbstractRemoteTestNG.java:115)
	at org.testng.remote.RemoteTestNG.initAndRun(RemoteTestNG.java:251)
	at org.testng.remote.RemoteTestNG.main(RemoteTestNG.java:77)
Caused by: org.openqa.selenium.NoSuchElementException: Cannot locate an element using By.xpath: //android.widget.TextView[@text='Dispatch']
For documentation on this error, please visit: http://seleniumhq.org/exceptions/no_such_element.html
Build info: version: '3.7.1', revision: '8a0099a', time: '2017-11-06T21:01:39.354Z'
System info: host: 'LAPTOP-38LR7550', ip: '192.168.0.4', os.name: 'Windows 10', os.arch: 'amd64', os.version: '10.0', java.version: '1.8.0_91'
Driver info: driver.version: unknown
	at org.openqa.selenium.support.ui.ExpectedConditions.lambda$findElement$0(ExpectedConditions.java:882)
	at java.util.Optional.orElseThrow(Unknown Source)
	at org.openqa.selenium.support.ui.ExpectedConditions.findElement(ExpectedConditions.java:881)
	at org.openqa.selenium.support.ui.ExpectedConditions.access$000(ExpectedConditions.java:43)
	at org.openqa.selenium.support.ui.ExpectedConditions$6.apply(ExpectedConditions.java:182)
	at org.openqa.selenium.support.ui.ExpectedConditions$6.apply(ExpectedConditions.java:179)
	at org.openqa.selenium.support.ui.FluentWait.until(FluentWait.java:208)
	... 28 more
]]>
            </full-stacktrace>
          </exception> <!-- org.openqa.selenium.TimeoutException -->
          <reporter-output>
          </reporter-output>
        </test-method> <!-- ts48139 -->
        <test-method status="PASS" signature="result(org.testng.ITestResult)[pri:0, instance:com.lmg_dubai.sahlastore.inventory.SStore_TS48139_Inventory_ReceiveTransferIn@60bd273d]" name="result" is-config="true" duration-ms="5841" started-at="2020-11-02T01:37:57Z" finished-at="2020-11-02T01:38:02Z">
          <params>
            <param index="0">
              <value>
                <![CDATA[[TestResult name=ts48139 status=FAILURE method=SStore_TS48139_Inventory_ReceiveTransferIn.ts48139()[pri:0, instance:com.lmg_dubai.sahlastore.inventory.SStore_TS48139_Inventory_ReceiveTransferIn@60bd273d] output={null}]]]>
              </value>
            </param>
          </params>
          <reporter-output>
          </reporter-output>
        </test-method> <!-- result -->
      </class> <!-- com.lmg_dubai.sahlastore.inventory.SStore_TS48139_Inventory_ReceiveTransferIn -->
      <class name="com.lmg_dubai.sahlastore.inventory.SStore_TS48157_Inventory_ReceiveTransferIn">
        <test-method status="PASS" signature="_LaunchApp()[pri:0, instance:com.lmg_dubai.sahlastore.inventory.SStore_TS48157_Inventory_ReceiveTransferIn@6fdbe764]" name="_LaunchApp" is-config="true" duration-ms="12314" started-at="2020-11-02T02:13:54Z" finished-at="2020-11-02T02:14:07Z">
          <reporter-output>
          </reporter-output>
        </test-method> <!-- _LaunchApp -->
        <test-method status="FAIL" signature="ts48157()[pri:0, instance:com.lmg_dubai.sahlastore.inventory.SStore_TS48157_Inventory_ReceiveTransferIn@6fdbe764]" name="ts48157" duration-ms="204986" started-at="2020-11-02T02:14:07Z" finished-at="2020-11-02T02:17:32Z">
          <exception class="org.openqa.selenium.TimeoutException">
            <message>
              <![CDATA[Expected condition failed: waiting for presence of element located by: By.xpath: //android.widget.TextView[@text='Dispatch'] (tried for 30 second(s) with 500 MILLISECONDS interval)]]>
            </message>
            <full-stacktrace>
              <![CDATA[org.openqa.selenium.TimeoutException: Expected condition failed: waiting for presence of element located by: By.xpath: //android.widget.TextView[@text='Dispatch'] (tried for 30 second(s) with 500 MILLISECONDS interval)
	at org.openqa.selenium.support.ui.WebDriverWait.timeoutException(WebDriverWait.java:82)
	at org.openqa.selenium.support.ui.FluentWait.until(FluentWait.java:231)
	at com.lmg_dubai.sahlastore.library.GenericLib.explicitWait(GenericLib.java:611)
	at com.lmg_dubai.sahlastore.pages.InventoryStoreTransferPage.dispatchPendingTransferBSStandaloneLoc(InventoryStoreTransferPage.java:872)
	at com.lmg_dubai.sahlastore.inventory.SStore_TS48157_Inventory_ReceiveTransferIn.ts48157(SStore_TS48157_Inventory_ReceiveTransferIn.java:29)
	at sun.reflect.NativeMethodAccessorImpl.invoke0(Native Method)
	at sun.reflect.NativeMethodAccessorImpl.invoke(Unknown Source)
	at sun.reflect.DelegatingMethodAccessorImpl.invoke(Unknown Source)
	at java.lang.reflect.Method.invoke(Unknown Source)
	at org.testng.internal.MethodInvocationHelper.invokeMethod(MethodInvocationHelper.java:104)
	at org.testng.internal.Invoker.invokeMethod(Invoker.java:645)
	at org.testng.internal.Invoker.invokeTestMethod(Invoker.java:851)
	at org.testng.internal.Invoker.invokeTestMethods(Invoker.java:1177)
	at org.testng.internal.TestMethodWorker.invokeTestMethods(TestMethodWorker.java:129)
	at org.testng.internal.TestMethodWorker.run(TestMethodWorker.java:112)
	at org.testng.TestRunner.privateRun(TestRunner.java:756)
	at org.testng.TestRunner.run(TestRunner.java:610)
	at org.testng.SuiteRunner.runTest(SuiteRunner.java:387)
	at org.testng.SuiteRunner.runSequentially(SuiteRunner.java:382)
	at org.testng.SuiteRunner.privateRun(SuiteRunner.java:340)
	at org.testng.SuiteRunner.run(SuiteRunner.java:289)
	at org.testng.SuiteRunnerWorker.runSuite(SuiteRunnerWorker.java:52)
	at org.testng.SuiteRunnerWorker.run(SuiteRunnerWorker.java:86)
	at org.testng.TestNG.runSuitesSequentially(TestNG.java:1293)
	at org.testng.TestNG.runSuitesLocally(TestNG.java:1218)
	at org.testng.TestNG.runSuites(TestNG.java:1133)
	at org.testng.TestNG.run(TestNG.java:1104)
	at org.testng.remote.AbstractRemoteTestNG.run(AbstractRemoteTestNG.java:115)
	at org.testng.remote.RemoteTestNG.initAndRun(RemoteTestNG.java:251)
	at org.testng.remote.RemoteTestNG.main(RemoteTestNG.java:77)
Caused by: org.openqa.selenium.NoSuchElementException: Cannot locate an element using By.xpath: //android.widget.TextView[@text='Dispatch']
For documentation on this error, please visit: http://seleniumhq.org/exceptions/no_such_element.html
Build info: version: '3.7.1', revision: '8a0099a', time: '2017-11-06T21:01:39.354Z'
System info: host: 'LAPTOP-38LR7550', ip: '192.168.0.4', os.name: 'Windows 10', os.arch: 'amd64', os.version: '10.0', java.version: '1.8.0_91'
Driver info: driver.version: unknown
	at org.openqa.selenium.support.ui.ExpectedConditions.lambda$findElement$0(ExpectedConditions.java:882)
	at java.util.Optional.orElseThrow(Unknown Source)
	at org.openqa.selenium.support.ui.ExpectedConditions.findElement(ExpectedConditions.java:881)
	at org.openqa.selenium.support.ui.ExpectedConditions.access$000(ExpectedConditions.java:43)
	at org.openqa.selenium.support.ui.ExpectedConditions$6.apply(ExpectedConditions.java:182)
	at org.openqa.selenium.support.ui.ExpectedConditions$6.apply(ExpectedConditions.java:179)
	at org.openqa.selenium.support.ui.FluentWait.until(FluentWait.java:208)
	... 28 more
]]>
            </full-stacktrace>
          </exception> <!-- org.openqa.selenium.TimeoutException -->
          <reporter-output>
          </reporter-output>
        </test-method> <!-- ts48157 -->
        <test-method status="PASS" signature="result(org.testng.ITestResult)[pri:0, instance:com.lmg_dubai.sahlastore.inventory.SStore_TS48157_Inventory_ReceiveTransferIn@6fdbe764]" name="result" is-config="true" duration-ms="2847" started-at="2020-11-02T02:17:32Z" finished-at="2020-11-02T02:17:35Z">
          <params>
            <param index="0">
              <value>
                <![CDATA[[TestResult name=ts48157 status=FAILURE method=SStore_TS48157_Inventory_ReceiveTransferIn.ts48157()[pri:0, instance:com.lmg_dubai.sahlastore.inventory.SStore_TS48157_Inventory_ReceiveTransferIn@6fdbe764] output={null}]]]>
              </value>
            </param>
          </params>
          <reporter-output>
          </reporter-output>
        </test-method> <!-- result -->
      </class> <!-- com.lmg_dubai.sahlastore.inventory.SStore_TS48157_Inventory_ReceiveTransferIn -->
      <class name="com.lmg_dubai.sahlastore.inventory.SStore_TS48160_Inventory_ReceiveWhDelivery">
        <test-method status="PASS" signature="_LaunchApp()[pri:0, instance:com.lmg_dubai.sahlastore.inventory.SStore_TS48160_Inventory_ReceiveWhDelivery@2e6a8155]" name="_LaunchApp" is-config="true" duration-ms="11553" started-at="2020-11-02T02:20:39Z" finished-at="2020-11-02T02:20:51Z">
          <reporter-output>
          </reporter-output>
        </test-method> <!-- _LaunchApp -->
        <test-method status="FAIL" signature="ts48160()[pri:0, instance:com.lmg_dubai.sahlastore.inventory.SStore_TS48160_Inventory_ReceiveWhDelivery@2e6a8155]" name="ts48160" duration-ms="165507" started-at="2020-11-02T02:20:51Z" finished-at="2020-11-02T02:23:36Z">
          <exception class="org.openqa.selenium.WebDriverException">
            <message>
              <![CDATA[An unknown server-side error occurred while processing the command. Original error: io.appium.uiautomator2.common.exceptions.UiAutomator2Exception: Timed out after 10000 milliseconds waiting for root AccessibilityNodeInfo
Build info: version: '3.7.1', revision: '8a0099a', time: '2017-11-06T21:01:39.354Z'
System info: host: 'LAPTOP-38LR7550', ip: '192.168.0.4', os.name: 'Windows 10', os.arch: 'amd64', os.version: '10.0', java.version: '1.8.0_91'
Driver info: io.appium.java_client.android.AndroidDriver
Capabilities {adbExecTimeout: 450000, allowDenyPermission: true, appActivity: crc646ee66886a7a00442.Splas..., appPackage: com.landmarkgroup.sahla, autoAcceptAlert: true, autoGrantPermissions: true, automationName: uiautomator2, databaseEnabled: false, desired: {adbExecTimeout: 450000, allowDenyPermission: true, appActivity: crc646ee66886a7a00442.Splas..., appPackage: com.landmarkgroup.sahla, autoAcceptAlert: true, autoGrantPermissions: true, automationName: uiautomator2, deviceName: Redmi, fullReset: false, newCommandTimeout: 450000, noReset: true, platformName: android, platformVersion: 10.0, systemPort: 8200, udid: emulator-5554, waitForIdleTimeout: 5000}, deviceApiLevel: 29, deviceManufacturer: Google, deviceModel: Android SDK built for x86, deviceName: emulator-5554, deviceScreenDensity: 440, deviceScreenSize: 1080x2160, deviceUDID: emulator-5554, fullReset: false, javascriptEnabled: true, locationContextEnabled: false, networkConnectionEnabled: true, newCommandTimeout: 450000, noReset: true, pixelRatio: 2.75, platform: LINUX, platformName: LINUX, platformVersion: 10, statBarHeight: 66, systemPort: 8200, takesScreenshot: true, udid: emulator-5554, viewportRect: {height: 1962, left: 0, top: 66, width: 1080}, waitForIdleTimeout: 5000, warnings: {}, webStorageEnabled: false}
Session ID: 4d82a1bb-2e49-4fca-8920-281dc2d4901a
*** Element info: {Using=xpath, value=//android.widget.TextView[@content-desc='StoreTitle']}]]>
            </message>
            <full-stacktrace>
              <![CDATA[org.openqa.selenium.WebDriverException: An unknown server-side error occurred while processing the command. Original error: io.appium.uiautomator2.common.exceptions.UiAutomator2Exception: Timed out after 10000 milliseconds waiting for root AccessibilityNodeInfo
Build info: version: '3.7.1', revision: '8a0099a', time: '2017-11-06T21:01:39.354Z'
System info: host: 'LAPTOP-38LR7550', ip: '192.168.0.4', os.name: 'Windows 10', os.arch: 'amd64', os.version: '10.0', java.version: '1.8.0_91'
Driver info: io.appium.java_client.android.AndroidDriver
Capabilities {adbExecTimeout: 450000, allowDenyPermission: true, appActivity: crc646ee66886a7a00442.Splas..., appPackage: com.landmarkgroup.sahla, autoAcceptAlert: true, autoGrantPermissions: true, automationName: uiautomator2, databaseEnabled: false, desired: {adbExecTimeout: 450000, allowDenyPermission: true, appActivity: crc646ee66886a7a00442.Splas..., appPackage: com.landmarkgroup.sahla, autoAcceptAlert: true, autoGrantPermissions: true, automationName: uiautomator2, deviceName: Redmi, fullReset: false, newCommandTimeout: 450000, noReset: true, platformName: android, platformVersion: 10.0, systemPort: 8200, udid: emulator-5554, waitForIdleTimeout: 5000}, deviceApiLevel: 29, deviceManufacturer: Google, deviceModel: Android SDK built for x86, deviceName: emulator-5554, deviceScreenDensity: 440, deviceScreenSize: 1080x2160, deviceUDID: emulator-5554, fullReset: false, javascriptEnabled: true, locationContextEnabled: false, networkConnectionEnabled: true, newCommandTimeout: 450000, noReset: true, pixelRatio: 2.75, platform: LINUX, platformName: LINUX, platformVersion: 10, statBarHeight: 66, systemPort: 8200, takesScreenshot: true, udid: emulator-5554, viewportRect: {height: 1962, left: 0, top: 66, width: 1080}, waitForIdleTimeout: 5000, warnings: {}, webStorageEnabled: false}
Session ID: 4d82a1bb-2e49-4fca-8920-281dc2d4901a
*** Element info: {Using=xpath, value=//android.widget.TextView[@content-desc='StoreTitle']}
	at sun.reflect.NativeConstructorAccessorImpl.newInstance0(Native Method)
	at sun.reflect.NativeConstructorAccessorImpl.newInstance(Unknown Source)
	at sun.reflect.DelegatingConstructorAccessorImpl.newInstance(Unknown Source)
	at java.lang.reflect.Constructor.newInstance(Unknown Source)
	at org.openqa.selenium.remote.http.W3CHttpResponseCodec.createException(W3CHttpResponseCodec.java:187)
	at org.openqa.selenium.remote.http.W3CHttpResponseCodec.decode(W3CHttpResponseCodec.java:122)
	at org.openqa.selenium.remote.http.W3CHttpResponseCodec.decode(W3CHttpResponseCodec.java:49)
	at org.openqa.selenium.remote.HttpCommandExecutor.execute(HttpCommandExecutor.java:164)
	at io.appium.java_client.remote.AppiumCommandExecutor.execute(AppiumCommandExecutor.java:69)
	at org.openqa.selenium.remote.RemoteWebDriver.execute(RemoteWebDriver.java:600)
	at io.appium.java_client.DefaultGenericMobileDriver.execute(DefaultGenericMobileDriver.java:40)
	at io.appium.java_client.AppiumDriver.execute(AppiumDriver.java:1)
	at io.appium.java_client.android.AndroidDriver.execute(AndroidDriver.java:1)
	at org.openqa.selenium.remote.RemoteWebDriver.findElements(RemoteWebDriver.java:397)
	at io.appium.java_client.DefaultGenericMobileDriver.findElements(DefaultGenericMobileDriver.java:48)
	at io.appium.java_client.AppiumDriver.findElements(AppiumDriver.java:195)
	at org.openqa.selenium.remote.RemoteWebDriver.findElementsByXPath(RemoteWebDriver.java:476)
	at io.appium.java_client.DefaultGenericMobileDriver.findElementsByXPath(DefaultGenericMobileDriver.java:138)
	at io.appium.java_client.AppiumDriver.findElementsByXPath(AppiumDriver.java:227)
	at org.openqa.selenium.By$ByXPath.findElements(By.java:356)
	at org.openqa.selenium.remote.RemoteWebDriver.findElements(RemoteWebDriver.java:358)
	at io.appium.java_client.DefaultGenericMobileDriver.findElements(DefaultGenericMobileDriver.java:44)
	at io.appium.java_client.AppiumDriver.findElements(AppiumDriver.java:191)
	at org.openqa.selenium.support.pagefactory.DefaultElementLocator.findElements(DefaultElementLocator.java:85)
	at org.openqa.selenium.support.pagefactory.internal.LocatingElementListHandler.invoke(LocatingElementListHandler.java:36)
	at com.sun.proxy.$Proxy12.get(Unknown Source)
	at com.lmg_dubai.sahlastore.pages.NavigateToHomePage.navigateToHomePage(NavigateToHomePage.java:394)
	at com.lmg_dubai.sahlastore.inventory.SStore_TS48160_Inventory_ReceiveWhDelivery.ts48160(SStore_TS48160_Inventory_ReceiveWhDelivery.java:23)
	at sun.reflect.NativeMethodAccessorImpl.invoke0(Native Method)
	at sun.reflect.NativeMethodAccessorImpl.invoke(Unknown Source)
	at sun.reflect.DelegatingMethodAccessorImpl.invoke(Unknown Source)
	at java.lang.reflect.Method.invoke(Unknown Source)
	at org.testng.internal.MethodInvocationHelper.invokeMethod(MethodInvocationHelper.java:104)
	at org.testng.internal.Invoker.invokeMethod(Invoker.java:645)
	at org.testng.internal.Invoker.invokeTestMethod(Invoker.java:851)
	at org.testng.internal.Invoker.invokeTestMethods(Invoker.java:1177)
	at org.testng.internal.TestMethodWorker.invokeTestMethods(TestMethodWorker.java:129)
	at org.testng.internal.TestMethodWorker.run(TestMethodWorker.java:112)
	at org.testng.TestRunner.privateRun(TestRunner.java:756)
	at org.testng.TestRunner.run(TestRunner.java:610)
	at org.testng.SuiteRunner.runTest(SuiteRunner.java:387)
	at org.testng.SuiteRunner.runSequentially(SuiteRunner.java:382)
	at org.testng.SuiteRunner.privateRun(SuiteRunner.java:340)
	at org.testng.SuiteRunner.run(SuiteRunner.java:289)
	at org.testng.SuiteRunnerWorker.runSuite(SuiteRunnerWorker.java:52)
	at org.testng.SuiteRunnerWorker.run(SuiteRunnerWorker.java:86)
	at org.testng.TestNG.runSuitesSequentially(TestNG.java:1293)
	at org.testng.TestNG.runSuitesLocally(TestNG.java:1218)
	at org.testng.TestNG.runSuites(TestNG.java:1133)
	at org.testng.TestNG.run(TestNG.java:1104)
	at org.testng.remote.AbstractRemoteTestNG.run(AbstractRemoteTestNG.java:115)
	at org.testng.remote.RemoteTestNG.initAndRun(RemoteTestNG.java:251)
	at org.testng.remote.RemoteTestNG.main(RemoteTestNG.java:77)
]]>
            </full-stacktrace>
          </exception> <!-- org.openqa.selenium.WebDriverException -->
          <reporter-output>
          </reporter-output>
        </test-method> <!-- ts48160 -->
        <test-method status="PASS" signature="result(org.testng.ITestResult)[pri:0, instance:com.lmg_dubai.sahlastore.inventory.SStore_TS48160_Inventory_ReceiveWhDelivery@2e6a8155]" name="result" is-config="true" duration-ms="1712" started-at="2020-11-02T02:23:36Z" finished-at="2020-11-02T02:23:38Z">
          <params>
            <param index="0">
              <value>
                <![CDATA[[TestResult name=ts48160 status=FAILURE method=SStore_TS48160_Inventory_ReceiveWhDelivery.ts48160()[pri:0, instance:com.lmg_dubai.sahlastore.inventory.SStore_TS48160_Inventory_ReceiveWhDelivery@2e6a8155] output={null}]]]>
              </value>
            </param>
          </params>
          <reporter-output>
          </reporter-output>
        </test-method> <!-- result -->
      </class> <!-- com.lmg_dubai.sahlastore.inventory.SStore_TS48160_Inventory_ReceiveWhDelivery -->
      <class name="com.lmg_dubai.sahlastore.inventory.SStore_TS48095_Inventory_SendStoreTransfer">
        <test-method status="PASS" signature="_LaunchApp()[pri:0, instance:com.lmg_dubai.sahlastore.inventory.SStore_TS48095_Inventory_SendStoreTransfer@48aca48b]" name="_LaunchApp" is-config="true" duration-ms="10906" started-at="2020-11-02T00:26:49Z" finished-at="2020-11-02T00:27:00Z">
          <reporter-output>
          </reporter-output>
        </test-method> <!-- _LaunchApp -->
        <test-method status="PASS" signature="ts48095()[pri:0, instance:com.lmg_dubai.sahlastore.inventory.SStore_TS48095_Inventory_SendStoreTransfer@48aca48b]" name="ts48095" duration-ms="96206" started-at="2020-11-02T00:27:00Z" finished-at="2020-11-02T00:28:36Z">
          <reporter-output>
          </reporter-output>
        </test-method> <!-- ts48095 -->
        <test-method status="PASS" signature="result(org.testng.ITestResult)[pri:0, instance:com.lmg_dubai.sahlastore.inventory.SStore_TS48095_Inventory_SendStoreTransfer@48aca48b]" name="result" is-config="true" duration-ms="15000" started-at="2020-11-02T00:28:37Z" finished-at="2020-11-02T00:28:52Z">
          <params>
            <param index="0">
              <value>
                <![CDATA[[TestResult name=ts48095 status=SUCCESS method=SStore_TS48095_Inventory_SendStoreTransfer.ts48095()[pri:0, instance:com.lmg_dubai.sahlastore.inventory.SStore_TS48095_Inventory_SendStoreTransfer@48aca48b] output={null}]]]>
              </value>
            </param>
          </params>
          <reporter-output>
          </reporter-output>
        </test-method> <!-- result -->
      </class> <!-- com.lmg_dubai.sahlastore.inventory.SStore_TS48095_Inventory_SendStoreTransfer -->
      <class name="com.lmg_dubai.sahlastore.inventory.SStore_TS48144_Inventory_ReceiveTransferIn">
        <test-method status="PASS" signature="_LaunchApp()[pri:0, instance:com.lmg_dubai.sahlastore.inventory.SStore_TS48144_Inventory_ReceiveTransferIn@576d5deb]" name="_LaunchApp" is-config="true" duration-ms="12370" started-at="2020-11-02T01:50:14Z" finished-at="2020-11-02T01:50:27Z">
          <reporter-output>
          </reporter-output>
        </test-method> <!-- _LaunchApp -->
        <test-method status="FAIL" signature="ts48144()[pri:0, instance:com.lmg_dubai.sahlastore.inventory.SStore_TS48144_Inventory_ReceiveTransferIn@576d5deb]" name="ts48144" duration-ms="204437" started-at="2020-11-02T01:50:27Z" finished-at="2020-11-02T01:53:51Z">
          <exception class="org.openqa.selenium.TimeoutException">
            <message>
              <![CDATA[Expected condition failed: waiting for presence of element located by: By.xpath: //android.widget.TextView[@text='Dispatch'] (tried for 30 second(s) with 500 MILLISECONDS interval)]]>
            </message>
            <full-stacktrace>
              <![CDATA[org.openqa.selenium.TimeoutException: Expected condition failed: waiting for presence of element located by: By.xpath: //android.widget.TextView[@text='Dispatch'] (tried for 30 second(s) with 500 MILLISECONDS interval)
	at org.openqa.selenium.support.ui.WebDriverWait.timeoutException(WebDriverWait.java:82)
	at org.openqa.selenium.support.ui.FluentWait.until(FluentWait.java:231)
	at com.lmg_dubai.sahlastore.library.GenericLib.explicitWait(GenericLib.java:611)
	at com.lmg_dubai.sahlastore.pages.InventoryStoreTransferPage.dispatchPendingTransferBSStandaloneLoc(InventoryStoreTransferPage.java:872)
	at com.lmg_dubai.sahlastore.inventory.SStore_TS48144_Inventory_ReceiveTransferIn.ts48144(SStore_TS48144_Inventory_ReceiveTransferIn.java:29)
	at sun.reflect.NativeMethodAccessorImpl.invoke0(Native Method)
	at sun.reflect.NativeMethodAccessorImpl.invoke(Unknown Source)
	at sun.reflect.DelegatingMethodAccessorImpl.invoke(Unknown Source)
	at java.lang.reflect.Method.invoke(Unknown Source)
	at org.testng.internal.MethodInvocationHelper.invokeMethod(MethodInvocationHelper.java:104)
	at org.testng.internal.Invoker.invokeMethod(Invoker.java:645)
	at org.testng.internal.Invoker.invokeTestMethod(Invoker.java:851)
	at org.testng.internal.Invoker.invokeTestMethods(Invoker.java:1177)
	at org.testng.internal.TestMethodWorker.invokeTestMethods(TestMethodWorker.java:129)
	at org.testng.internal.TestMethodWorker.run(TestMethodWorker.java:112)
	at org.testng.TestRunner.privateRun(TestRunner.java:756)
	at org.testng.TestRunner.run(TestRunner.java:610)
	at org.testng.SuiteRunner.runTest(SuiteRunner.java:387)
	at org.testng.SuiteRunner.runSequentially(SuiteRunner.java:382)
	at org.testng.SuiteRunner.privateRun(SuiteRunner.java:340)
	at org.testng.SuiteRunner.run(SuiteRunner.java:289)
	at org.testng.SuiteRunnerWorker.runSuite(SuiteRunnerWorker.java:52)
	at org.testng.SuiteRunnerWorker.run(SuiteRunnerWorker.java:86)
	at org.testng.TestNG.runSuitesSequentially(TestNG.java:1293)
	at org.testng.TestNG.runSuitesLocally(TestNG.java:1218)
	at org.testng.TestNG.runSuites(TestNG.java:1133)
	at org.testng.TestNG.run(TestNG.java:1104)
	at org.testng.remote.AbstractRemoteTestNG.run(AbstractRemoteTestNG.java:115)
	at org.testng.remote.RemoteTestNG.initAndRun(RemoteTestNG.java:251)
	at org.testng.remote.RemoteTestNG.main(RemoteTestNG.java:77)
Caused by: org.openqa.selenium.NoSuchElementException: Cannot locate an element using By.xpath: //android.widget.TextView[@text='Dispatch']
For documentation on this error, please visit: http://seleniumhq.org/exceptions/no_such_element.html
Build info: version: '3.7.1', revision: '8a0099a', time: '2017-11-06T21:01:39.354Z'
System info: host: 'LAPTOP-38LR7550', ip: '192.168.0.4', os.name: 'Windows 10', os.arch: 'amd64', os.version: '10.0', java.version: '1.8.0_91'
Driver info: driver.version: unknown
	at org.openqa.selenium.support.ui.ExpectedConditions.lambda$findElement$0(ExpectedConditions.java:882)
	at java.util.Optional.orElseThrow(Unknown Source)
	at org.openqa.selenium.support.ui.ExpectedConditions.findElement(ExpectedConditions.java:881)
	at org.openqa.selenium.support.ui.ExpectedConditions.access$000(ExpectedConditions.java:43)
	at org.openqa.selenium.support.ui.ExpectedConditions$6.apply(ExpectedConditions.java:182)
	at org.openqa.selenium.support.ui.ExpectedConditions$6.apply(ExpectedConditions.java:179)
	at org.openqa.selenium.support.ui.FluentWait.until(FluentWait.java:208)
	... 28 more
]]>
            </full-stacktrace>
          </exception> <!-- org.openqa.selenium.TimeoutException -->
          <reporter-output>
          </reporter-output>
        </test-method> <!-- ts48144 -->
        <test-method status="PASS" signature="result(org.testng.ITestResult)[pri:0, instance:com.lmg_dubai.sahlastore.inventory.SStore_TS48144_Inventory_ReceiveTransferIn@576d5deb]" name="result" is-config="true" duration-ms="4272" started-at="2020-11-02T01:53:51Z" finished-at="2020-11-02T01:53:56Z">
          <params>
            <param index="0">
              <value>
                <![CDATA[[TestResult name=ts48144 status=FAILURE method=SStore_TS48144_Inventory_ReceiveTransferIn.ts48144()[pri:0, instance:com.lmg_dubai.sahlastore.inventory.SStore_TS48144_Inventory_ReceiveTransferIn@576d5deb] output={null}]]]>
              </value>
            </param>
          </params>
          <reporter-output>
          </reporter-output>
        </test-method> <!-- result -->
      </class> <!-- com.lmg_dubai.sahlastore.inventory.SStore_TS48144_Inventory_ReceiveTransferIn -->
      <class name="com.lmg_dubai.sahlastore.inventory.SStore_TS48107_Inventory_SendStoreTransfer">
        <test-method status="PASS" signature="_LaunchApp()[pri:0, instance:com.lmg_dubai.sahlastore.inventory.SStore_TS48107_Inventory_SendStoreTransfer@272113c4]" name="_LaunchApp" is-config="true" duration-ms="11332" started-at="2020-11-02T00:57:41Z" finished-at="2020-11-02T00:57:52Z">
          <reporter-output>
          </reporter-output>
        </test-method> <!-- _LaunchApp -->
        <test-method status="PASS" signature="ts48107()[pri:0, instance:com.lmg_dubai.sahlastore.inventory.SStore_TS48107_Inventory_SendStoreTransfer@272113c4]" name="ts48107" duration-ms="129993" started-at="2020-11-02T00:57:52Z" finished-at="2020-11-02T01:00:02Z">
          <reporter-output>
          </reporter-output>
        </test-method> <!-- ts48107 -->
        <test-method status="PASS" signature="result(org.testng.ITestResult)[pri:0, instance:com.lmg_dubai.sahlastore.inventory.SStore_TS48107_Inventory_SendStoreTransfer@272113c4]" name="result" is-config="true" duration-ms="11539" started-at="2020-11-02T01:00:02Z" finished-at="2020-11-02T01:00:14Z">
          <params>
            <param index="0">
              <value>
                <![CDATA[[TestResult name=ts48107 status=SUCCESS method=SStore_TS48107_Inventory_SendStoreTransfer.ts48107()[pri:0, instance:com.lmg_dubai.sahlastore.inventory.SStore_TS48107_Inventory_SendStoreTransfer@272113c4] output={null}]]]>
              </value>
            </param>
          </params>
          <reporter-output>
          </reporter-output>
        </test-method> <!-- result -->
      </class> <!-- com.lmg_dubai.sahlastore.inventory.SStore_TS48107_Inventory_SendStoreTransfer -->
      <class name="com.lmg_dubai.sahlastore.inventory.SStore_TS48099_Inventory_SendStoreTransfer">
        <test-method status="PASS" signature="_LaunchApp()[pri:0, instance:com.lmg_dubai.sahlastore.inventory.SStore_TS48099_Inventory_SendStoreTransfer@7d4f9aae]" name="_LaunchApp" is-config="true" duration-ms="12126" started-at="2020-11-02T00:36:34Z" finished-at="2020-11-02T00:36:46Z">
          <reporter-output>
          </reporter-output>
        </test-method> <!-- _LaunchApp -->
        <test-method status="PASS" signature="ts48099()[pri:0, instance:com.lmg_dubai.sahlastore.inventory.SStore_TS48099_Inventory_SendStoreTransfer@7d4f9aae]" name="ts48099" duration-ms="151800" started-at="2020-11-02T00:36:46Z" finished-at="2020-11-02T00:39:18Z">
          <reporter-output>
          </reporter-output>
        </test-method> <!-- ts48099 -->
        <test-method status="PASS" signature="result(org.testng.ITestResult)[pri:0, instance:com.lmg_dubai.sahlastore.inventory.SStore_TS48099_Inventory_SendStoreTransfer@7d4f9aae]" name="result" is-config="true" duration-ms="11921" started-at="2020-11-02T00:39:18Z" finished-at="2020-11-02T00:39:30Z">
          <params>
            <param index="0">
              <value>
                <![CDATA[[TestResult name=ts48099 status=SUCCESS method=SStore_TS48099_Inventory_SendStoreTransfer.ts48099()[pri:0, instance:com.lmg_dubai.sahlastore.inventory.SStore_TS48099_Inventory_SendStoreTransfer@7d4f9aae] output={null}]]]>
              </value>
            </param>
          </params>
          <reporter-output>
          </reporter-output>
        </test-method> <!-- result -->
      </class> <!-- com.lmg_dubai.sahlastore.inventory.SStore_TS48099_Inventory_SendStoreTransfer -->
      <class name="com.lmg_dubai.sahlastore.inventory.SStore_TS48201_Count_UnitStockCount">
        <test-method status="PASS" signature="_LaunchApp()[pri:0, instance:com.lmg_dubai.sahlastore.inventory.SStore_TS48201_Count_UnitStockCount@6221a451]" name="_LaunchApp" is-config="true" duration-ms="17206" started-at="2020-11-02T02:23:38Z" finished-at="2020-11-02T02:23:55Z">
          <reporter-output>
          </reporter-output>
        </test-method> <!-- _LaunchApp -->
        <test-method status="FAIL" signature="ts48201()[pri:0, instance:com.lmg_dubai.sahlastore.inventory.SStore_TS48201_Count_UnitStockCount@6221a451]" name="ts48201" duration-ms="162531" started-at="2020-11-02T02:23:55Z" finished-at="2020-11-02T02:26:38Z">
          <exception class="org.openqa.selenium.WebDriverException">
            <message>
              <![CDATA[An unknown server-side error occurred while processing the command. Original error: io.appium.uiautomator2.common.exceptions.UiAutomator2Exception: Timed out after 10000 milliseconds waiting for root AccessibilityNodeInfo
Build info: version: '3.7.1', revision: '8a0099a', time: '2017-11-06T21:01:39.354Z'
System info: host: 'LAPTOP-38LR7550', ip: '192.168.0.4', os.name: 'Windows 10', os.arch: 'amd64', os.version: '10.0', java.version: '1.8.0_91'
Driver info: io.appium.java_client.android.AndroidDriver
Capabilities {adbExecTimeout: 450000, allowDenyPermission: true, appActivity: crc646ee66886a7a00442.Splas..., appPackage: com.landmarkgroup.sahla, autoAcceptAlert: true, autoGrantPermissions: true, automationName: uiautomator2, databaseEnabled: false, desired: {adbExecTimeout: 450000, allowDenyPermission: true, appActivity: crc646ee66886a7a00442.Splas..., appPackage: com.landmarkgroup.sahla, autoAcceptAlert: true, autoGrantPermissions: true, automationName: uiautomator2, deviceName: Redmi, fullReset: false, newCommandTimeout: 450000, noReset: true, platformName: android, platformVersion: 10.0, systemPort: 8200, udid: emulator-5554, waitForIdleTimeout: 5000}, deviceApiLevel: 29, deviceManufacturer: Google, deviceModel: Android SDK built for x86, deviceName: emulator-5554, deviceScreenDensity: 440, deviceScreenSize: 1080x2160, deviceUDID: emulator-5554, fullReset: false, javascriptEnabled: true, locationContextEnabled: false, networkConnectionEnabled: true, newCommandTimeout: 450000, noReset: true, pixelRatio: 2.75, platform: LINUX, platformName: LINUX, platformVersion: 10, statBarHeight: 66, systemPort: 8200, takesScreenshot: true, udid: emulator-5554, viewportRect: {height: 1962, left: 0, top: 66, width: 1080}, waitForIdleTimeout: 5000, warnings: {}, webStorageEnabled: false}
Session ID: be192c7f-cd97-4328-81a4-52c8c047c293
*** Element info: {Using=xpath, value=//android.widget.TextView[@content-desc='StoreTitle']}]]>
            </message>
            <full-stacktrace>
              <![CDATA[org.openqa.selenium.WebDriverException: An unknown server-side error occurred while processing the command. Original error: io.appium.uiautomator2.common.exceptions.UiAutomator2Exception: Timed out after 10000 milliseconds waiting for root AccessibilityNodeInfo
Build info: version: '3.7.1', revision: '8a0099a', time: '2017-11-06T21:01:39.354Z'
System info: host: 'LAPTOP-38LR7550', ip: '192.168.0.4', os.name: 'Windows 10', os.arch: 'amd64', os.version: '10.0', java.version: '1.8.0_91'
Driver info: io.appium.java_client.android.AndroidDriver
Capabilities {adbExecTimeout: 450000, allowDenyPermission: true, appActivity: crc646ee66886a7a00442.Splas..., appPackage: com.landmarkgroup.sahla, autoAcceptAlert: true, autoGrantPermissions: true, automationName: uiautomator2, databaseEnabled: false, desired: {adbExecTimeout: 450000, allowDenyPermission: true, appActivity: crc646ee66886a7a00442.Splas..., appPackage: com.landmarkgroup.sahla, autoAcceptAlert: true, autoGrantPermissions: true, automationName: uiautomator2, deviceName: Redmi, fullReset: false, newCommandTimeout: 450000, noReset: true, platformName: android, platformVersion: 10.0, systemPort: 8200, udid: emulator-5554, waitForIdleTimeout: 5000}, deviceApiLevel: 29, deviceManufacturer: Google, deviceModel: Android SDK built for x86, deviceName: emulator-5554, deviceScreenDensity: 440, deviceScreenSize: 1080x2160, deviceUDID: emulator-5554, fullReset: false, javascriptEnabled: true, locationContextEnabled: false, networkConnectionEnabled: true, newCommandTimeout: 450000, noReset: true, pixelRatio: 2.75, platform: LINUX, platformName: LINUX, platformVersion: 10, statBarHeight: 66, systemPort: 8200, takesScreenshot: true, udid: emulator-5554, viewportRect: {height: 1962, left: 0, top: 66, width: 1080}, waitForIdleTimeout: 5000, warnings: {}, webStorageEnabled: false}
Session ID: be192c7f-cd97-4328-81a4-52c8c047c293
*** Element info: {Using=xpath, value=//android.widget.TextView[@content-desc='StoreTitle']}
	at sun.reflect.NativeConstructorAccessorImpl.newInstance0(Native Method)
	at sun.reflect.NativeConstructorAccessorImpl.newInstance(Unknown Source)
	at sun.reflect.DelegatingConstructorAccessorImpl.newInstance(Unknown Source)
	at java.lang.reflect.Constructor.newInstance(Unknown Source)
	at org.openqa.selenium.remote.http.W3CHttpResponseCodec.createException(W3CHttpResponseCodec.java:187)
	at org.openqa.selenium.remote.http.W3CHttpResponseCodec.decode(W3CHttpResponseCodec.java:122)
	at org.openqa.selenium.remote.http.W3CHttpResponseCodec.decode(W3CHttpResponseCodec.java:49)
	at org.openqa.selenium.remote.HttpCommandExecutor.execute(HttpCommandExecutor.java:164)
	at io.appium.java_client.remote.AppiumCommandExecutor.execute(AppiumCommandExecutor.java:69)
	at org.openqa.selenium.remote.RemoteWebDriver.execute(RemoteWebDriver.java:600)
	at io.appium.java_client.DefaultGenericMobileDriver.execute(DefaultGenericMobileDriver.java:40)
	at io.appium.java_client.AppiumDriver.execute(AppiumDriver.java:1)
	at io.appium.java_client.android.AndroidDriver.execute(AndroidDriver.java:1)
	at org.openqa.selenium.remote.RemoteWebDriver.findElements(RemoteWebDriver.java:397)
	at io.appium.java_client.DefaultGenericMobileDriver.findElements(DefaultGenericMobileDriver.java:48)
	at io.appium.java_client.AppiumDriver.findElements(AppiumDriver.java:195)
	at org.openqa.selenium.remote.RemoteWebDriver.findElementsByXPath(RemoteWebDriver.java:476)
	at io.appium.java_client.DefaultGenericMobileDriver.findElementsByXPath(DefaultGenericMobileDriver.java:138)
	at io.appium.java_client.AppiumDriver.findElementsByXPath(AppiumDriver.java:227)
	at org.openqa.selenium.By$ByXPath.findElements(By.java:356)
	at org.openqa.selenium.remote.RemoteWebDriver.findElements(RemoteWebDriver.java:358)
	at io.appium.java_client.DefaultGenericMobileDriver.findElements(DefaultGenericMobileDriver.java:44)
	at io.appium.java_client.AppiumDriver.findElements(AppiumDriver.java:191)
	at org.openqa.selenium.support.pagefactory.DefaultElementLocator.findElements(DefaultElementLocator.java:85)
	at org.openqa.selenium.support.pagefactory.internal.LocatingElementListHandler.invoke(LocatingElementListHandler.java:36)
	at com.sun.proxy.$Proxy12.get(Unknown Source)
	at com.lmg_dubai.sahlastore.pages.NavigateToHomePage.navigateToHomePage(NavigateToHomePage.java:394)
	at com.lmg_dubai.sahlastore.inventory.SStore_TS48201_Count_UnitStockCount.ts48201(SStore_TS48201_Count_UnitStockCount.java:21)
	at sun.reflect.NativeMethodAccessorImpl.invoke0(Native Method)
	at sun.reflect.NativeMethodAccessorImpl.invoke(Unknown Source)
	at sun.reflect.DelegatingMethodAccessorImpl.invoke(Unknown Source)
	at java.lang.reflect.Method.invoke(Unknown Source)
	at org.testng.internal.MethodInvocationHelper.invokeMethod(MethodInvocationHelper.java:104)
	at org.testng.internal.Invoker.invokeMethod(Invoker.java:645)
	at org.testng.internal.Invoker.invokeTestMethod(Invoker.java:851)
	at org.testng.internal.Invoker.invokeTestMethods(Invoker.java:1177)
	at org.testng.internal.TestMethodWorker.invokeTestMethods(TestMethodWorker.java:129)
	at org.testng.internal.TestMethodWorker.run(TestMethodWorker.java:112)
	at org.testng.TestRunner.privateRun(TestRunner.java:756)
	at org.testng.TestRunner.run(TestRunner.java:610)
	at org.testng.SuiteRunner.runTest(SuiteRunner.java:387)
	at org.testng.SuiteRunner.runSequentially(SuiteRunner.java:382)
	at org.testng.SuiteRunner.privateRun(SuiteRunner.java:340)
	at org.testng.SuiteRunner.run(SuiteRunner.java:289)
	at org.testng.SuiteRunnerWorker.runSuite(SuiteRunnerWorker.java:52)
	at org.testng.SuiteRunnerWorker.run(SuiteRunnerWorker.java:86)
	at org.testng.TestNG.runSuitesSequentially(TestNG.java:1293)
	at org.testng.TestNG.runSuitesLocally(TestNG.java:1218)
	at org.testng.TestNG.runSuites(TestNG.java:1133)
	at org.testng.TestNG.run(TestNG.java:1104)
	at org.testng.remote.AbstractRemoteTestNG.run(AbstractRemoteTestNG.java:115)
	at org.testng.remote.RemoteTestNG.initAndRun(RemoteTestNG.java:251)
	at org.testng.remote.RemoteTestNG.main(RemoteTestNG.java:77)
]]>
            </full-stacktrace>
          </exception> <!-- org.openqa.selenium.WebDriverException -->
          <reporter-output>
          </reporter-output>
        </test-method> <!-- ts48201 -->
        <test-method status="PASS" signature="result(org.testng.ITestResult)[pri:0, instance:com.lmg_dubai.sahlastore.inventory.SStore_TS48201_Count_UnitStockCount@6221a451]" name="result" is-config="true" duration-ms="1360" started-at="2020-11-02T02:26:38Z" finished-at="2020-11-02T02:26:39Z">
          <params>
            <param index="0">
              <value>
                <![CDATA[[TestResult name=ts48201 status=FAILURE method=SStore_TS48201_Count_UnitStockCount.ts48201()[pri:0, instance:com.lmg_dubai.sahlastore.inventory.SStore_TS48201_Count_UnitStockCount@6221a451] output={null}]]]>
              </value>
            </param>
          </params>
          <reporter-output>
          </reporter-output>
        </test-method> <!-- result -->
      </class> <!-- com.lmg_dubai.sahlastore.inventory.SStore_TS48201_Count_UnitStockCount -->
      <class name="com.lmg_dubai.sahlastore.inventory.SStore_TS48142_Inventory_ReceiveTransferIn">
        <test-method status="PASS" signature="_LaunchApp()[pri:0, instance:com.lmg_dubai.sahlastore.inventory.SStore_TS48142_Inventory_ReceiveTransferIn@130c12b7]" name="_LaunchApp" is-config="true" duration-ms="11787" started-at="2020-11-02T01:41:44Z" finished-at="2020-11-02T01:41:56Z">
          <reporter-output>
          </reporter-output>
        </test-method> <!-- _LaunchApp -->
        <test-method status="FAIL" signature="ts48142()[pri:0, instance:com.lmg_dubai.sahlastore.inventory.SStore_TS48142_Inventory_ReceiveTransferIn@130c12b7]" name="ts48142" duration-ms="239593" started-at="2020-11-02T01:41:56Z" finished-at="2020-11-02T01:45:55Z">
          <exception class="org.openqa.selenium.TimeoutException">
            <message>
              <![CDATA[Expected condition failed: waiting for presence of element located by: By.xpath: //android.widget.TextView[@text='Dispatch'] (tried for 30 second(s) with 500 MILLISECONDS interval)]]>
            </message>
            <full-stacktrace>
              <![CDATA[org.openqa.selenium.TimeoutException: Expected condition failed: waiting for presence of element located by: By.xpath: //android.widget.TextView[@text='Dispatch'] (tried for 30 second(s) with 500 MILLISECONDS interval)
	at org.openqa.selenium.support.ui.WebDriverWait.timeoutException(WebDriverWait.java:82)
	at org.openqa.selenium.support.ui.FluentWait.until(FluentWait.java:231)
	at com.lmg_dubai.sahlastore.library.GenericLib.explicitWait(GenericLib.java:611)
	at com.lmg_dubai.sahlastore.pages.InventoryStoreTransferPage.dispatchPendingTransferSMCPLoc(InventoryStoreTransferPage.java:487)
	at com.lmg_dubai.sahlastore.inventory.SStore_TS48142_Inventory_ReceiveTransferIn.ts48142(SStore_TS48142_Inventory_ReceiveTransferIn.java:29)
	at sun.reflect.NativeMethodAccessorImpl.invoke0(Native Method)
	at sun.reflect.NativeMethodAccessorImpl.invoke(Unknown Source)
	at sun.reflect.DelegatingMethodAccessorImpl.invoke(Unknown Source)
	at java.lang.reflect.Method.invoke(Unknown Source)
	at org.testng.internal.MethodInvocationHelper.invokeMethod(MethodInvocationHelper.java:104)
	at org.testng.internal.Invoker.invokeMethod(Invoker.java:645)
	at org.testng.internal.Invoker.invokeTestMethod(Invoker.java:851)
	at org.testng.internal.Invoker.invokeTestMethods(Invoker.java:1177)
	at org.testng.internal.TestMethodWorker.invokeTestMethods(TestMethodWorker.java:129)
	at org.testng.internal.TestMethodWorker.run(TestMethodWorker.java:112)
	at org.testng.TestRunner.privateRun(TestRunner.java:756)
	at org.testng.TestRunner.run(TestRunner.java:610)
	at org.testng.SuiteRunner.runTest(SuiteRunner.java:387)
	at org.testng.SuiteRunner.runSequentially(SuiteRunner.java:382)
	at org.testng.SuiteRunner.privateRun(SuiteRunner.java:340)
	at org.testng.SuiteRunner.run(SuiteRunner.java:289)
	at org.testng.SuiteRunnerWorker.runSuite(SuiteRunnerWorker.java:52)
	at org.testng.SuiteRunnerWorker.run(SuiteRunnerWorker.java:86)
	at org.testng.TestNG.runSuitesSequentially(TestNG.java:1293)
	at org.testng.TestNG.runSuitesLocally(TestNG.java:1218)
	at org.testng.TestNG.runSuites(TestNG.java:1133)
	at org.testng.TestNG.run(TestNG.java:1104)
	at org.testng.remote.AbstractRemoteTestNG.run(AbstractRemoteTestNG.java:115)
	at org.testng.remote.RemoteTestNG.initAndRun(RemoteTestNG.java:251)
	at org.testng.remote.RemoteTestNG.main(RemoteTestNG.java:77)
Caused by: org.openqa.selenium.NoSuchElementException: Cannot locate an element using By.xpath: //android.widget.TextView[@text='Dispatch']
For documentation on this error, please visit: http://seleniumhq.org/exceptions/no_such_element.html
Build info: version: '3.7.1', revision: '8a0099a', time: '2017-11-06T21:01:39.354Z'
System info: host: 'LAPTOP-38LR7550', ip: '192.168.0.4', os.name: 'Windows 10', os.arch: 'amd64', os.version: '10.0', java.version: '1.8.0_91'
Driver info: driver.version: unknown
	at org.openqa.selenium.support.ui.ExpectedConditions.lambda$findElement$0(ExpectedConditions.java:882)
	at java.util.Optional.orElseThrow(Unknown Source)
	at org.openqa.selenium.support.ui.ExpectedConditions.findElement(ExpectedConditions.java:881)
	at org.openqa.selenium.support.ui.ExpectedConditions.access$000(ExpectedConditions.java:43)
	at org.openqa.selenium.support.ui.ExpectedConditions$6.apply(ExpectedConditions.java:182)
	at org.openqa.selenium.support.ui.ExpectedConditions$6.apply(ExpectedConditions.java:179)
	at org.openqa.selenium.support.ui.FluentWait.until(FluentWait.java:208)
	... 28 more
]]>
            </full-stacktrace>
          </exception> <!-- org.openqa.selenium.TimeoutException -->
          <reporter-output>
          </reporter-output>
        </test-method> <!-- ts48142 -->
        <test-method status="PASS" signature="result(org.testng.ITestResult)[pri:0, instance:com.lmg_dubai.sahlastore.inventory.SStore_TS48142_Inventory_ReceiveTransferIn@130c12b7]" name="result" is-config="true" duration-ms="4910" started-at="2020-11-02T01:45:55Z" finished-at="2020-11-02T01:46:00Z">
          <params>
            <param index="0">
              <value>
                <![CDATA[[TestResult name=ts48142 status=FAILURE method=SStore_TS48142_Inventory_ReceiveTransferIn.ts48142()[pri:0, instance:com.lmg_dubai.sahlastore.inventory.SStore_TS48142_Inventory_ReceiveTransferIn@130c12b7] output={null}]]]>
              </value>
            </param>
          </params>
          <reporter-output>
          </reporter-output>
        </test-method> <!-- result -->
      </class> <!-- com.lmg_dubai.sahlastore.inventory.SStore_TS48142_Inventory_ReceiveTransferIn -->
      <class name="com.lmg_dubai.sahlastore.inventory.SStore_TS48102_Inventory_SendStoreTransfer">
        <test-method status="PASS" signature="_LaunchApp()[pri:0, instance:com.lmg_dubai.sahlastore.inventory.SStore_TS48102_Inventory_SendStoreTransfer@53aac487]" name="_LaunchApp" is-config="true" duration-ms="14168" started-at="2020-11-02T00:45:03Z" finished-at="2020-11-02T00:45:17Z">
          <reporter-output>
          </reporter-output>
        </test-method> <!-- _LaunchApp -->
        <test-method status="FAIL" signature="ts48102()[pri:0, instance:com.lmg_dubai.sahlastore.inventory.SStore_TS48102_Inventory_SendStoreTransfer@53aac487]" name="ts48102" duration-ms="127096" started-at="2020-11-02T00:45:17Z" finished-at="2020-11-02T00:47:24Z">
          <exception class="org.openqa.selenium.TimeoutException">
            <message>
              <![CDATA[Expected condition failed: waiting for presence of element located by: By.xpath: //android.widget.TextView[@text='Dispatch'] (tried for 30 second(s) with 500 MILLISECONDS interval)]]>
            </message>
            <full-stacktrace>
              <![CDATA[org.openqa.selenium.TimeoutException: Expected condition failed: waiting for presence of element located by: By.xpath: //android.widget.TextView[@text='Dispatch'] (tried for 30 second(s) with 500 MILLISECONDS interval)
	at org.openqa.selenium.support.ui.WebDriverWait.timeoutException(WebDriverWait.java:82)
	at org.openqa.selenium.support.ui.FluentWait.until(FluentWait.java:231)
	at com.lmg_dubai.sahlastore.library.GenericLib.explicitWait(GenericLib.java:611)
	at com.lmg_dubai.sahlastore.pages.InventoryStoreTransferPage.dispatchPendingTransferBSCPLoc(InventoryStoreTransferPage.java:467)
	at com.lmg_dubai.sahlastore.inventory.SStore_TS48102_Inventory_SendStoreTransfer.ts48102(SStore_TS48102_Inventory_SendStoreTransfer.java:24)
	at sun.reflect.NativeMethodAccessorImpl.invoke0(Native Method)
	at sun.reflect.NativeMethodAccessorImpl.invoke(Unknown Source)
	at sun.reflect.DelegatingMethodAccessorImpl.invoke(Unknown Source)
	at java.lang.reflect.Method.invoke(Unknown Source)
	at org.testng.internal.MethodInvocationHelper.invokeMethod(MethodInvocationHelper.java:104)
	at org.testng.internal.Invoker.invokeMethod(Invoker.java:645)
	at org.testng.internal.Invoker.invokeTestMethod(Invoker.java:851)
	at org.testng.internal.Invoker.invokeTestMethods(Invoker.java:1177)
	at org.testng.internal.TestMethodWorker.invokeTestMethods(TestMethodWorker.java:129)
	at org.testng.internal.TestMethodWorker.run(TestMethodWorker.java:112)
	at org.testng.TestRunner.privateRun(TestRunner.java:756)
	at org.testng.TestRunner.run(TestRunner.java:610)
	at org.testng.SuiteRunner.runTest(SuiteRunner.java:387)
	at org.testng.SuiteRunner.runSequentially(SuiteRunner.java:382)
	at org.testng.SuiteRunner.privateRun(SuiteRunner.java:340)
	at org.testng.SuiteRunner.run(SuiteRunner.java:289)
	at org.testng.SuiteRunnerWorker.runSuite(SuiteRunnerWorker.java:52)
	at org.testng.SuiteRunnerWorker.run(SuiteRunnerWorker.java:86)
	at org.testng.TestNG.runSuitesSequentially(TestNG.java:1293)
	at org.testng.TestNG.runSuitesLocally(TestNG.java:1218)
	at org.testng.TestNG.runSuites(TestNG.java:1133)
	at org.testng.TestNG.run(TestNG.java:1104)
	at org.testng.remote.AbstractRemoteTestNG.run(AbstractRemoteTestNG.java:115)
	at org.testng.remote.RemoteTestNG.initAndRun(RemoteTestNG.java:251)
	at org.testng.remote.RemoteTestNG.main(RemoteTestNG.java:77)
Caused by: org.openqa.selenium.NoSuchElementException: Cannot locate an element using By.xpath: //android.widget.TextView[@text='Dispatch']
For documentation on this error, please visit: http://seleniumhq.org/exceptions/no_such_element.html
Build info: version: '3.7.1', revision: '8a0099a', time: '2017-11-06T21:01:39.354Z'
System info: host: 'LAPTOP-38LR7550', ip: '192.168.0.4', os.name: 'Windows 10', os.arch: 'amd64', os.version: '10.0', java.version: '1.8.0_91'
Driver info: driver.version: unknown
	at org.openqa.selenium.support.ui.ExpectedConditions.lambda$findElement$0(ExpectedConditions.java:882)
	at java.util.Optional.orElseThrow(Unknown Source)
	at org.openqa.selenium.support.ui.ExpectedConditions.findElement(ExpectedConditions.java:881)
	at org.openqa.selenium.support.ui.ExpectedConditions.access$000(ExpectedConditions.java:43)
	at org.openqa.selenium.support.ui.ExpectedConditions$6.apply(ExpectedConditions.java:182)
	at org.openqa.selenium.support.ui.ExpectedConditions$6.apply(ExpectedConditions.java:179)
	at org.openqa.selenium.support.ui.FluentWait.until(FluentWait.java:208)
	... 28 more
]]>
            </full-stacktrace>
          </exception> <!-- org.openqa.selenium.TimeoutException -->
          <reporter-output>
          </reporter-output>
        </test-method> <!-- ts48102 -->
        <test-method status="PASS" signature="result(org.testng.ITestResult)[pri:0, instance:com.lmg_dubai.sahlastore.inventory.SStore_TS48102_Inventory_SendStoreTransfer@53aac487]" name="result" is-config="true" duration-ms="11280" started-at="2020-11-02T00:47:25Z" finished-at="2020-11-02T00:47:36Z">
          <params>
            <param index="0">
              <value>
                <![CDATA[[TestResult name=ts48102 status=FAILURE method=SStore_TS48102_Inventory_SendStoreTransfer.ts48102()[pri:0, instance:com.lmg_dubai.sahlastore.inventory.SStore_TS48102_Inventory_SendStoreTransfer@53aac487] output={null}]]]>
              </value>
            </param>
          </params>
          <reporter-output>
          </reporter-output>
        </test-method> <!-- result -->
      </class> <!-- com.lmg_dubai.sahlastore.inventory.SStore_TS48102_Inventory_SendStoreTransfer -->
      <class name="com.lmg_dubai.sahlastore.inventory.SStore_TS48115_Inventory_SendStoreTransfer">
        <test-method status="PASS" signature="_LaunchApp()[pri:0, instance:com.lmg_dubai.sahlastore.inventory.SStore_TS48115_Inventory_SendStoreTransfer@1ed6388a]" name="_LaunchApp" is-config="true" duration-ms="12191" started-at="2020-11-02T01:20:19Z" finished-at="2020-11-02T01:20:31Z">
          <reporter-output>
          </reporter-output>
        </test-method> <!-- _LaunchApp -->
        <test-method status="FAIL" signature="ts48115()[pri:0, instance:com.lmg_dubai.sahlastore.inventory.SStore_TS48115_Inventory_SendStoreTransfer@1ed6388a]" name="ts48115" duration-ms="209910" started-at="2020-11-02T01:20:31Z" finished-at="2020-11-02T01:24:01Z">
          <exception class="org.openqa.selenium.TimeoutException">
            <message>
              <![CDATA[Expected condition failed: waiting for presence of element located by: By.xpath: //android.widget.TextView[@text='Dispatch'] (tried for 30 second(s) with 500 MILLISECONDS interval)]]>
            </message>
            <full-stacktrace>
              <![CDATA[org.openqa.selenium.TimeoutException: Expected condition failed: waiting for presence of element located by: By.xpath: //android.widget.TextView[@text='Dispatch'] (tried for 30 second(s) with 500 MILLISECONDS interval)
	at org.openqa.selenium.support.ui.WebDriverWait.timeoutException(WebDriverWait.java:82)
	at org.openqa.selenium.support.ui.FluentWait.until(FluentWait.java:231)
	at com.lmg_dubai.sahlastore.library.GenericLib.explicitWait(GenericLib.java:611)
	at com.lmg_dubai.sahlastore.pages.InventoryStoreTransferPage.dispatchPendingTransferLSStandaloneLoc(InventoryStoreTransferPage.java:901)
	at com.lmg_dubai.sahlastore.inventory.SStore_TS48115_Inventory_SendStoreTransfer.ts48115(SStore_TS48115_Inventory_SendStoreTransfer.java:26)
	at sun.reflect.NativeMethodAccessorImpl.invoke0(Native Method)
	at sun.reflect.NativeMethodAccessorImpl.invoke(Unknown Source)
	at sun.reflect.DelegatingMethodAccessorImpl.invoke(Unknown Source)
	at java.lang.reflect.Method.invoke(Unknown Source)
	at org.testng.internal.MethodInvocationHelper.invokeMethod(MethodInvocationHelper.java:104)
	at org.testng.internal.Invoker.invokeMethod(Invoker.java:645)
	at org.testng.internal.Invoker.invokeTestMethod(Invoker.java:851)
	at org.testng.internal.Invoker.invokeTestMethods(Invoker.java:1177)
	at org.testng.internal.TestMethodWorker.invokeTestMethods(TestMethodWorker.java:129)
	at org.testng.internal.TestMethodWorker.run(TestMethodWorker.java:112)
	at org.testng.TestRunner.privateRun(TestRunner.java:756)
	at org.testng.TestRunner.run(TestRunner.java:610)
	at org.testng.SuiteRunner.runTest(SuiteRunner.java:387)
	at org.testng.SuiteRunner.runSequentially(SuiteRunner.java:382)
	at org.testng.SuiteRunner.privateRun(SuiteRunner.java:340)
	at org.testng.SuiteRunner.run(SuiteRunner.java:289)
	at org.testng.SuiteRunnerWorker.runSuite(SuiteRunnerWorker.java:52)
	at org.testng.SuiteRunnerWorker.run(SuiteRunnerWorker.java:86)
	at org.testng.TestNG.runSuitesSequentially(TestNG.java:1293)
	at org.testng.TestNG.runSuitesLocally(TestNG.java:1218)
	at org.testng.TestNG.runSuites(TestNG.java:1133)
	at org.testng.TestNG.run(TestNG.java:1104)
	at org.testng.remote.AbstractRemoteTestNG.run(AbstractRemoteTestNG.java:115)
	at org.testng.remote.RemoteTestNG.initAndRun(RemoteTestNG.java:251)
	at org.testng.remote.RemoteTestNG.main(RemoteTestNG.java:77)
Caused by: org.openqa.selenium.NoSuchElementException: Cannot locate an element using By.xpath: //android.widget.TextView[@text='Dispatch']
For documentation on this error, please visit: http://seleniumhq.org/exceptions/no_such_element.html
Build info: version: '3.7.1', revision: '8a0099a', time: '2017-11-06T21:01:39.354Z'
System info: host: 'LAPTOP-38LR7550', ip: '192.168.0.4', os.name: 'Windows 10', os.arch: 'amd64', os.version: '10.0', java.version: '1.8.0_91'
Driver info: driver.version: unknown
	at org.openqa.selenium.support.ui.ExpectedConditions.lambda$findElement$0(ExpectedConditions.java:882)
	at java.util.Optional.orElseThrow(Unknown Source)
	at org.openqa.selenium.support.ui.ExpectedConditions.findElement(ExpectedConditions.java:881)
	at org.openqa.selenium.support.ui.ExpectedConditions.access$000(ExpectedConditions.java:43)
	at org.openqa.selenium.support.ui.ExpectedConditions$6.apply(ExpectedConditions.java:182)
	at org.openqa.selenium.support.ui.ExpectedConditions$6.apply(ExpectedConditions.java:179)
	at org.openqa.selenium.support.ui.FluentWait.until(FluentWait.java:208)
	... 28 more
]]>
            </full-stacktrace>
          </exception> <!-- org.openqa.selenium.TimeoutException -->
          <reporter-output>
          </reporter-output>
        </test-method> <!-- ts48115 -->
        <test-method status="PASS" signature="result(org.testng.ITestResult)[pri:0, instance:com.lmg_dubai.sahlastore.inventory.SStore_TS48115_Inventory_SendStoreTransfer@1ed6388a]" name="result" is-config="true" duration-ms="6680" started-at="2020-11-02T01:24:01Z" finished-at="2020-11-02T01:24:08Z">
          <params>
            <param index="0">
              <value>
                <![CDATA[[TestResult name=ts48115 status=FAILURE method=SStore_TS48115_Inventory_SendStoreTransfer.ts48115()[pri:0, instance:com.lmg_dubai.sahlastore.inventory.SStore_TS48115_Inventory_SendStoreTransfer@1ed6388a] output={null}]]]>
              </value>
            </param>
          </params>
          <reporter-output>
          </reporter-output>
        </test-method> <!-- result -->
      </class> <!-- com.lmg_dubai.sahlastore.inventory.SStore_TS48115_Inventory_SendStoreTransfer -->
      <class name="com.lmg_dubai.sahlastore.inventory.SStore_TS48111_Inventory_SendStoreTransfer">
        <test-method status="PASS" signature="_LaunchApp()[pri:0, instance:com.lmg_dubai.sahlastore.inventory.SStore_TS48111_Inventory_SendStoreTransfer@242b836]" name="_LaunchApp" is-config="true" duration-ms="11994" started-at="2020-11-02T01:07:30Z" finished-at="2020-11-02T01:07:42Z">
          <reporter-output>
          </reporter-output>
        </test-method> <!-- _LaunchApp -->
        <test-method status="PASS" signature="ts48111()[pri:0, instance:com.lmg_dubai.sahlastore.inventory.SStore_TS48111_Inventory_SendStoreTransfer@242b836]" name="ts48111" duration-ms="140824" started-at="2020-11-02T01:07:42Z" finished-at="2020-11-02T01:10:02Z">
          <reporter-output>
          </reporter-output>
        </test-method> <!-- ts48111 -->
        <test-method status="PASS" signature="result(org.testng.ITestResult)[pri:0, instance:com.lmg_dubai.sahlastore.inventory.SStore_TS48111_Inventory_SendStoreTransfer@242b836]" name="result" is-config="true" duration-ms="8187" started-at="2020-11-02T01:10:03Z" finished-at="2020-11-02T01:10:11Z">
          <params>
            <param index="0">
              <value>
                <![CDATA[[TestResult name=ts48111 status=SUCCESS method=SStore_TS48111_Inventory_SendStoreTransfer.ts48111()[pri:0, instance:com.lmg_dubai.sahlastore.inventory.SStore_TS48111_Inventory_SendStoreTransfer@242b836] output={null}]]]>
              </value>
            </param>
          </params>
          <reporter-output>
          </reporter-output>
        </test-method> <!-- result -->
      </class> <!-- com.lmg_dubai.sahlastore.inventory.SStore_TS48111_Inventory_SendStoreTransfer -->
      <class name="com.lmg_dubai.sahlastore.inventory.SStore_TS48158_Inventory_ReceiveWhDelivery">
        <test-method status="PASS" signature="_LaunchApp()[pri:0, instance:com.lmg_dubai.sahlastore.inventory.SStore_TS48158_Inventory_ReceiveWhDelivery@51c668e3]" name="_LaunchApp" is-config="true" duration-ms="11953" started-at="2020-11-02T02:17:35Z" finished-at="2020-11-02T02:17:47Z">
          <reporter-output>
          </reporter-output>
        </test-method> <!-- _LaunchApp -->
        <test-method status="FAIL" signature="ts48158()[pri:0, instance:com.lmg_dubai.sahlastore.inventory.SStore_TS48158_Inventory_ReceiveWhDelivery@51c668e3]" name="ts48158" duration-ms="170553" started-at="2020-11-02T02:17:47Z" finished-at="2020-11-02T02:20:37Z">
          <exception class="org.openqa.selenium.WebDriverException">
            <message>
              <![CDATA[An unknown server-side error occurred while processing the command. Original error: io.appium.uiautomator2.common.exceptions.UiAutomator2Exception: Timed out after 10000 milliseconds waiting for root AccessibilityNodeInfo
Build info: version: '3.7.1', revision: '8a0099a', time: '2017-11-06T21:01:39.354Z'
System info: host: 'LAPTOP-38LR7550', ip: '192.168.0.4', os.name: 'Windows 10', os.arch: 'amd64', os.version: '10.0', java.version: '1.8.0_91'
Driver info: io.appium.java_client.android.AndroidDriver
Capabilities {adbExecTimeout: 450000, allowDenyPermission: true, appActivity: crc646ee66886a7a00442.Splas..., appPackage: com.landmarkgroup.sahla, autoAcceptAlert: true, autoGrantPermissions: true, automationName: uiautomator2, databaseEnabled: false, desired: {adbExecTimeout: 450000, allowDenyPermission: true, appActivity: crc646ee66886a7a00442.Splas..., appPackage: com.landmarkgroup.sahla, autoAcceptAlert: true, autoGrantPermissions: true, automationName: uiautomator2, deviceName: Redmi, fullReset: false, newCommandTimeout: 450000, noReset: true, platformName: android, platformVersion: 10.0, systemPort: 8200, udid: emulator-5554, waitForIdleTimeout: 5000}, deviceApiLevel: 29, deviceManufacturer: Google, deviceModel: Android SDK built for x86, deviceName: emulator-5554, deviceScreenDensity: 440, deviceScreenSize: 1080x2160, deviceUDID: emulator-5554, fullReset: false, javascriptEnabled: true, locationContextEnabled: false, networkConnectionEnabled: true, newCommandTimeout: 450000, noReset: true, pixelRatio: 2.75, platform: LINUX, platformName: LINUX, platformVersion: 10, statBarHeight: 66, systemPort: 8200, takesScreenshot: true, udid: emulator-5554, viewportRect: {height: 1962, left: 0, top: 66, width: 1080}, waitForIdleTimeout: 5000, warnings: {}, webStorageEnabled: false}
Session ID: 373fd358-6fbb-4d94-8ba4-51e3f7fc8ec7
*** Element info: {Using=xpath, value=//android.widget.EditText[@content-desc='IdEntryLabel']}]]>
            </message>
            <full-stacktrace>
              <![CDATA[org.openqa.selenium.WebDriverException: An unknown server-side error occurred while processing the command. Original error: io.appium.uiautomator2.common.exceptions.UiAutomator2Exception: Timed out after 10000 milliseconds waiting for root AccessibilityNodeInfo
Build info: version: '3.7.1', revision: '8a0099a', time: '2017-11-06T21:01:39.354Z'
System info: host: 'LAPTOP-38LR7550', ip: '192.168.0.4', os.name: 'Windows 10', os.arch: 'amd64', os.version: '10.0', java.version: '1.8.0_91'
Driver info: io.appium.java_client.android.AndroidDriver
Capabilities {adbExecTimeout: 450000, allowDenyPermission: true, appActivity: crc646ee66886a7a00442.Splas..., appPackage: com.landmarkgroup.sahla, autoAcceptAlert: true, autoGrantPermissions: true, automationName: uiautomator2, databaseEnabled: false, desired: {adbExecTimeout: 450000, allowDenyPermission: true, appActivity: crc646ee66886a7a00442.Splas..., appPackage: com.landmarkgroup.sahla, autoAcceptAlert: true, autoGrantPermissions: true, automationName: uiautomator2, deviceName: Redmi, fullReset: false, newCommandTimeout: 450000, noReset: true, platformName: android, platformVersion: 10.0, systemPort: 8200, udid: emulator-5554, waitForIdleTimeout: 5000}, deviceApiLevel: 29, deviceManufacturer: Google, deviceModel: Android SDK built for x86, deviceName: emulator-5554, deviceScreenDensity: 440, deviceScreenSize: 1080x2160, deviceUDID: emulator-5554, fullReset: false, javascriptEnabled: true, locationContextEnabled: false, networkConnectionEnabled: true, newCommandTimeout: 450000, noReset: true, pixelRatio: 2.75, platform: LINUX, platformName: LINUX, platformVersion: 10, statBarHeight: 66, systemPort: 8200, takesScreenshot: true, udid: emulator-5554, viewportRect: {height: 1962, left: 0, top: 66, width: 1080}, waitForIdleTimeout: 5000, warnings: {}, webStorageEnabled: false}
Session ID: 373fd358-6fbb-4d94-8ba4-51e3f7fc8ec7
*** Element info: {Using=xpath, value=//android.widget.EditText[@content-desc='IdEntryLabel']}
	at sun.reflect.NativeConstructorAccessorImpl.newInstance0(Native Method)
	at sun.reflect.NativeConstructorAccessorImpl.newInstance(Unknown Source)
	at sun.reflect.DelegatingConstructorAccessorImpl.newInstance(Unknown Source)
	at java.lang.reflect.Constructor.newInstance(Unknown Source)
	at org.openqa.selenium.remote.http.W3CHttpResponseCodec.createException(W3CHttpResponseCodec.java:187)
	at org.openqa.selenium.remote.http.W3CHttpResponseCodec.decode(W3CHttpResponseCodec.java:122)
	at org.openqa.selenium.remote.http.W3CHttpResponseCodec.decode(W3CHttpResponseCodec.java:49)
	at org.openqa.selenium.remote.HttpCommandExecutor.execute(HttpCommandExecutor.java:164)
	at io.appium.java_client.remote.AppiumCommandExecutor.execute(AppiumCommandExecutor.java:69)
	at org.openqa.selenium.remote.RemoteWebDriver.execute(RemoteWebDriver.java:600)
	at io.appium.java_client.DefaultGenericMobileDriver.execute(DefaultGenericMobileDriver.java:40)
	at io.appium.java_client.AppiumDriver.execute(AppiumDriver.java:1)
	at io.appium.java_client.android.AndroidDriver.execute(AndroidDriver.java:1)
	at org.openqa.selenium.remote.RemoteWebDriver.findElements(RemoteWebDriver.java:397)
	at io.appium.java_client.DefaultGenericMobileDriver.findElements(DefaultGenericMobileDriver.java:48)
	at io.appium.java_client.AppiumDriver.findElements(AppiumDriver.java:195)
	at org.openqa.selenium.remote.RemoteWebDriver.findElementsByXPath(RemoteWebDriver.java:476)
	at io.appium.java_client.DefaultGenericMobileDriver.findElementsByXPath(DefaultGenericMobileDriver.java:138)
	at io.appium.java_client.AppiumDriver.findElementsByXPath(AppiumDriver.java:227)
	at org.openqa.selenium.By$ByXPath.findElements(By.java:356)
	at org.openqa.selenium.remote.RemoteWebDriver.findElements(RemoteWebDriver.java:358)
	at io.appium.java_client.DefaultGenericMobileDriver.findElements(DefaultGenericMobileDriver.java:44)
	at io.appium.java_client.AppiumDriver.findElements(AppiumDriver.java:191)
	at org.openqa.selenium.support.ui.ExpectedConditions.findElement(ExpectedConditions.java:881)
	at org.openqa.selenium.support.ui.ExpectedConditions.access$000(ExpectedConditions.java:43)
	at org.openqa.selenium.support.ui.ExpectedConditions$6.apply(ExpectedConditions.java:182)
	at org.openqa.selenium.support.ui.ExpectedConditions$6.apply(ExpectedConditions.java:179)
	at org.openqa.selenium.support.ui.FluentWait.until(FluentWait.java:208)
	at com.lmg_dubai.sahlastore.library.GenericLib.explicitWait(GenericLib.java:611)
	at com.lmg_dubai.sahlastore.pages.InventoryReceiveTransferINPage.CpAssociateReceiveWhDelivery(InventoryReceiveTransferINPage.java:761)
	at com.lmg_dubai.sahlastore.inventory.SStore_TS48158_Inventory_ReceiveWhDelivery.ts48158(SStore_TS48158_Inventory_ReceiveWhDelivery.java:27)
	at sun.reflect.NativeMethodAccessorImpl.invoke0(Native Method)
	at sun.reflect.NativeMethodAccessorImpl.invoke(Unknown Source)
	at sun.reflect.DelegatingMethodAccessorImpl.invoke(Unknown Source)
	at java.lang.reflect.Method.invoke(Unknown Source)
	at org.testng.internal.MethodInvocationHelper.invokeMethod(MethodInvocationHelper.java:104)
	at org.testng.internal.Invoker.invokeMethod(Invoker.java:645)
	at org.testng.internal.Invoker.invokeTestMethod(Invoker.java:851)
	at org.testng.internal.Invoker.invokeTestMethods(Invoker.java:1177)
	at org.testng.internal.TestMethodWorker.invokeTestMethods(TestMethodWorker.java:129)
	at org.testng.internal.TestMethodWorker.run(TestMethodWorker.java:112)
	at org.testng.TestRunner.privateRun(TestRunner.java:756)
	at org.testng.TestRunner.run(TestRunner.java:610)
	at org.testng.SuiteRunner.runTest(SuiteRunner.java:387)
	at org.testng.SuiteRunner.runSequentially(SuiteRunner.java:382)
	at org.testng.SuiteRunner.privateRun(SuiteRunner.java:340)
	at org.testng.SuiteRunner.run(SuiteRunner.java:289)
	at org.testng.SuiteRunnerWorker.runSuite(SuiteRunnerWorker.java:52)
	at org.testng.SuiteRunnerWorker.run(SuiteRunnerWorker.java:86)
	at org.testng.TestNG.runSuitesSequentially(TestNG.java:1293)
	at org.testng.TestNG.runSuitesLocally(TestNG.java:1218)
	at org.testng.TestNG.runSuites(TestNG.java:1133)
	at org.testng.TestNG.run(TestNG.java:1104)
	at org.testng.remote.AbstractRemoteTestNG.run(AbstractRemoteTestNG.java:115)
	at org.testng.remote.RemoteTestNG.initAndRun(RemoteTestNG.java:251)
	at org.testng.remote.RemoteTestNG.main(RemoteTestNG.java:77)
]]>
            </full-stacktrace>
          </exception> <!-- org.openqa.selenium.WebDriverException -->
          <reporter-output>
          </reporter-output>
        </test-method> <!-- ts48158 -->
        <test-method status="PASS" signature="result(org.testng.ITestResult)[pri:0, instance:com.lmg_dubai.sahlastore.inventory.SStore_TS48158_Inventory_ReceiveWhDelivery@51c668e3]" name="result" is-config="true" duration-ms="1900" started-at="2020-11-02T02:20:37Z" finished-at="2020-11-02T02:20:39Z">
          <params>
            <param index="0">
              <value>
                <![CDATA[[TestResult name=ts48158 status=FAILURE method=SStore_TS48158_Inventory_ReceiveWhDelivery.ts48158()[pri:0, instance:com.lmg_dubai.sahlastore.inventory.SStore_TS48158_Inventory_ReceiveWhDelivery@51c668e3] output={null}]]]>
              </value>
            </param>
          </params>
          <reporter-output>
          </reporter-output>
        </test-method> <!-- result -->
      </class> <!-- com.lmg_dubai.sahlastore.inventory.SStore_TS48158_Inventory_ReceiveWhDelivery -->
      <class name="com.lmg_dubai.sahlastore.inventory.SStore_TS48092_Inventory_SendStoreTransfer">
        <test-method status="PASS" signature="_LaunchApp()[pri:0, instance:com.lmg_dubai.sahlastore.inventory.SStore_TS48092_Inventory_SendStoreTransfer@4efac082]" name="_LaunchApp" is-config="true" duration-ms="11308" started-at="2020-11-02T00:21:47Z" finished-at="2020-11-02T00:21:58Z">
          <reporter-output>
          </reporter-output>
        </test-method> <!-- _LaunchApp -->
        <test-method status="PASS" signature="ts48092()[pri:0, instance:com.lmg_dubai.sahlastore.inventory.SStore_TS48092_Inventory_SendStoreTransfer@4efac082]" name="ts48092" duration-ms="113507" started-at="2020-11-02T00:21:58Z" finished-at="2020-11-02T00:23:52Z">
          <reporter-output>
          </reporter-output>
        </test-method> <!-- ts48092 -->
        <test-method status="PASS" signature="result(org.testng.ITestResult)[pri:0, instance:com.lmg_dubai.sahlastore.inventory.SStore_TS48092_Inventory_SendStoreTransfer@4efac082]" name="result" is-config="true" duration-ms="16446" started-at="2020-11-02T00:23:52Z" finished-at="2020-11-02T00:24:08Z">
          <params>
            <param index="0">
              <value>
                <![CDATA[[TestResult name=ts48092 status=SUCCESS method=SStore_TS48092_Inventory_SendStoreTransfer.ts48092()[pri:0, instance:com.lmg_dubai.sahlastore.inventory.SStore_TS48092_Inventory_SendStoreTransfer@4efac082] output={null}]]]>
              </value>
            </param>
          </params>
          <reporter-output>
          </reporter-output>
        </test-method> <!-- result -->
      </class> <!-- com.lmg_dubai.sahlastore.inventory.SStore_TS48092_Inventory_SendStoreTransfer -->
      <class name="com.lmg_dubai.sahlastore.inventory.SStore_TS48149_Inventory_ReceiveTransferIn">
        <test-method status="PASS" signature="_LaunchApp()[pri:0, instance:com.lmg_dubai.sahlastore.inventory.SStore_TS48149_Inventory_ReceiveTransferIn@4d5650ae]" name="_LaunchApp" is-config="true" duration-ms="13976" started-at="2020-11-02T02:06:37Z" finished-at="2020-11-02T02:06:51Z">
          <reporter-output>
          </reporter-output>
        </test-method> <!-- _LaunchApp -->
        <test-method status="FAIL" signature="ts48149()[pri:0, instance:com.lmg_dubai.sahlastore.inventory.SStore_TS48149_Inventory_ReceiveTransferIn@4d5650ae]" name="ts48149" duration-ms="208619" started-at="2020-11-02T02:06:51Z" finished-at="2020-11-02T02:10:20Z">
          <exception class="org.openqa.selenium.TimeoutException">
            <message>
              <![CDATA[Expected condition failed: waiting for presence of element located by: By.xpath: //android.widget.TextView[@text='Dispatch'] (tried for 30 second(s) with 500 MILLISECONDS interval)]]>
            </message>
            <full-stacktrace>
              <![CDATA[org.openqa.selenium.TimeoutException: Expected condition failed: waiting for presence of element located by: By.xpath: //android.widget.TextView[@text='Dispatch'] (tried for 30 second(s) with 500 MILLISECONDS interval)
	at org.openqa.selenium.support.ui.WebDriverWait.timeoutException(WebDriverWait.java:82)
	at org.openqa.selenium.support.ui.FluentWait.until(FluentWait.java:231)
	at com.lmg_dubai.sahlastore.library.GenericLib.explicitWait(GenericLib.java:611)
	at com.lmg_dubai.sahlastore.pages.InventoryStoreTransferPage.dispatchPendingTransferLSCPLoc(InventoryStoreTransferPage.java:507)
	at com.lmg_dubai.sahlastore.inventory.SStore_TS48149_Inventory_ReceiveTransferIn.ts48149(SStore_TS48149_Inventory_ReceiveTransferIn.java:29)
	at sun.reflect.NativeMethodAccessorImpl.invoke0(Native Method)
	at sun.reflect.NativeMethodAccessorImpl.invoke(Unknown Source)
	at sun.reflect.DelegatingMethodAccessorImpl.invoke(Unknown Source)
	at java.lang.reflect.Method.invoke(Unknown Source)
	at org.testng.internal.MethodInvocationHelper.invokeMethod(MethodInvocationHelper.java:104)
	at org.testng.internal.Invoker.invokeMethod(Invoker.java:645)
	at org.testng.internal.Invoker.invokeTestMethod(Invoker.java:851)
	at org.testng.internal.Invoker.invokeTestMethods(Invoker.java:1177)
	at org.testng.internal.TestMethodWorker.invokeTestMethods(TestMethodWorker.java:129)
	at org.testng.internal.TestMethodWorker.run(TestMethodWorker.java:112)
	at org.testng.TestRunner.privateRun(TestRunner.java:756)
	at org.testng.TestRunner.run(TestRunner.java:610)
	at org.testng.SuiteRunner.runTest(SuiteRunner.java:387)
	at org.testng.SuiteRunner.runSequentially(SuiteRunner.java:382)
	at org.testng.SuiteRunner.privateRun(SuiteRunner.java:340)
	at org.testng.SuiteRunner.run(SuiteRunner.java:289)
	at org.testng.SuiteRunnerWorker.runSuite(SuiteRunnerWorker.java:52)
	at org.testng.SuiteRunnerWorker.run(SuiteRunnerWorker.java:86)
	at org.testng.TestNG.runSuitesSequentially(TestNG.java:1293)
	at org.testng.TestNG.runSuitesLocally(TestNG.java:1218)
	at org.testng.TestNG.runSuites(TestNG.java:1133)
	at org.testng.TestNG.run(TestNG.java:1104)
	at org.testng.remote.AbstractRemoteTestNG.run(AbstractRemoteTestNG.java:115)
	at org.testng.remote.RemoteTestNG.initAndRun(RemoteTestNG.java:251)
	at org.testng.remote.RemoteTestNG.main(RemoteTestNG.java:77)
Caused by: org.openqa.selenium.NoSuchElementException: Cannot locate an element using By.xpath: //android.widget.TextView[@text='Dispatch']
For documentation on this error, please visit: http://seleniumhq.org/exceptions/no_such_element.html
Build info: version: '3.7.1', revision: '8a0099a', time: '2017-11-06T21:01:39.354Z'
System info: host: 'LAPTOP-38LR7550', ip: '192.168.0.4', os.name: 'Windows 10', os.arch: 'amd64', os.version: '10.0', java.version: '1.8.0_91'
Driver info: driver.version: unknown
	at org.openqa.selenium.support.ui.ExpectedConditions.lambda$findElement$0(ExpectedConditions.java:882)
	at java.util.Optional.orElseThrow(Unknown Source)
	at org.openqa.selenium.support.ui.ExpectedConditions.findElement(ExpectedConditions.java:881)
	at org.openqa.selenium.support.ui.ExpectedConditions.access$000(ExpectedConditions.java:43)
	at org.openqa.selenium.support.ui.ExpectedConditions$6.apply(ExpectedConditions.java:182)
	at org.openqa.selenium.support.ui.ExpectedConditions$6.apply(ExpectedConditions.java:179)
	at org.openqa.selenium.support.ui.FluentWait.until(FluentWait.java:208)
	... 28 more
]]>
            </full-stacktrace>
          </exception> <!-- org.openqa.selenium.TimeoutException -->
          <reporter-output>
          </reporter-output>
        </test-method> <!-- ts48149 -->
        <test-method status="PASS" signature="result(org.testng.ITestResult)[pri:0, instance:com.lmg_dubai.sahlastore.inventory.SStore_TS48149_Inventory_ReceiveTransferIn@4d5650ae]" name="result" is-config="true" duration-ms="2952" started-at="2020-11-02T02:10:20Z" finished-at="2020-11-02T02:10:23Z">
          <params>
            <param index="0">
              <value>
                <![CDATA[[TestResult name=ts48149 status=FAILURE method=SStore_TS48149_Inventory_ReceiveTransferIn.ts48149()[pri:0, instance:com.lmg_dubai.sahlastore.inventory.SStore_TS48149_Inventory_ReceiveTransferIn@4d5650ae] output={null}]]]>
              </value>
            </param>
          </params>
          <reporter-output>
          </reporter-output>
        </test-method> <!-- result -->
      </class> <!-- com.lmg_dubai.sahlastore.inventory.SStore_TS48149_Inventory_ReceiveTransferIn -->
      <class name="com.lmg_dubai.sahlastore.inventory.SStore_TS48096_Inventory_SendStoreTransfer">
        <test-method status="PASS" signature="_LaunchApp()[pri:0, instance:com.lmg_dubai.sahlastore.inventory.SStore_TS48096_Inventory_SendStoreTransfer@13fd2ccd]" name="_LaunchApp" is-config="true" duration-ms="13927" started-at="2020-11-02T00:28:52Z" finished-at="2020-11-02T00:29:06Z">
          <reporter-output>
          </reporter-output>
        </test-method> <!-- _LaunchApp -->
        <test-method status="PASS" signature="ts48096()[pri:0, instance:com.lmg_dubai.sahlastore.inventory.SStore_TS48096_Inventory_SendStoreTransfer@13fd2ccd]" name="ts48096" duration-ms="137055" started-at="2020-11-02T00:29:06Z" finished-at="2020-11-02T00:31:23Z">
          <reporter-output>
          </reporter-output>
        </test-method> <!-- ts48096 -->
        <test-method status="PASS" signature="result(org.testng.ITestResult)[pri:0, instance:com.lmg_dubai.sahlastore.inventory.SStore_TS48096_Inventory_SendStoreTransfer@13fd2ccd]" name="result" is-config="true" duration-ms="19621" started-at="2020-11-02T00:31:23Z" finished-at="2020-11-02T00:31:43Z">
          <params>
            <param index="0">
              <value>
                <![CDATA[[TestResult name=ts48096 status=SUCCESS method=SStore_TS48096_Inventory_SendStoreTransfer.ts48096()[pri:0, instance:com.lmg_dubai.sahlastore.inventory.SStore_TS48096_Inventory_SendStoreTransfer@13fd2ccd] output={null}]]]>
              </value>
            </param>
          </params>
          <reporter-output>
          </reporter-output>
        </test-method> <!-- result -->
      </class> <!-- com.lmg_dubai.sahlastore.inventory.SStore_TS48096_Inventory_SendStoreTransfer -->
      <class name="com.lmg_dubai.sahlastore.inventory.SStore_TS48145_Inventory_ReceiveTransferIn">
        <test-method status="PASS" signature="_LaunchApp()[pri:0, instance:com.lmg_dubai.sahlastore.inventory.SStore_TS48145_Inventory_ReceiveTransferIn@5d534f5d]" name="_LaunchApp" is-config="true" duration-ms="14628" started-at="2020-11-02T01:53:56Z" finished-at="2020-11-02T01:54:10Z">
          <reporter-output>
          </reporter-output>
        </test-method> <!-- _LaunchApp -->
        <test-method status="FAIL" signature="ts48145()[pri:0, instance:com.lmg_dubai.sahlastore.inventory.SStore_TS48145_Inventory_ReceiveTransferIn@5d534f5d]" name="ts48145" duration-ms="249927" started-at="2020-11-02T01:54:10Z" finished-at="2020-11-02T01:58:20Z">
          <exception class="org.openqa.selenium.TimeoutException">
            <message>
              <![CDATA[Expected condition failed: waiting for presence of element located by: By.xpath: //android.widget.TextView[@text='Dispatch'] (tried for 30 second(s) with 500 MILLISECONDS interval)]]>
            </message>
            <full-stacktrace>
              <![CDATA[org.openqa.selenium.TimeoutException: Expected condition failed: waiting for presence of element located by: By.xpath: //android.widget.TextView[@text='Dispatch'] (tried for 30 second(s) with 500 MILLISECONDS interval)
	at org.openqa.selenium.support.ui.WebDriverWait.timeoutException(WebDriverWait.java:82)
	at org.openqa.selenium.support.ui.FluentWait.until(FluentWait.java:231)
	at com.lmg_dubai.sahlastore.library.GenericLib.explicitWait(GenericLib.java:611)
	at com.lmg_dubai.sahlastore.pages.InventoryStoreTransferPage.dispatchPendingTransferSMStandaloneLoc(InventoryStoreTransferPage.java:929)
	at com.lmg_dubai.sahlastore.inventory.SStore_TS48145_Inventory_ReceiveTransferIn.ts48145(SStore_TS48145_Inventory_ReceiveTransferIn.java:29)
	at sun.reflect.NativeMethodAccessorImpl.invoke0(Native Method)
	at sun.reflect.NativeMethodAccessorImpl.invoke(Unknown Source)
	at sun.reflect.DelegatingMethodAccessorImpl.invoke(Unknown Source)
	at java.lang.reflect.Method.invoke(Unknown Source)
	at org.testng.internal.MethodInvocationHelper.invokeMethod(MethodInvocationHelper.java:104)
	at org.testng.internal.Invoker.invokeMethod(Invoker.java:645)
	at org.testng.internal.Invoker.invokeTestMethod(Invoker.java:851)
	at org.testng.internal.Invoker.invokeTestMethods(Invoker.java:1177)
	at org.testng.internal.TestMethodWorker.invokeTestMethods(TestMethodWorker.java:129)
	at org.testng.internal.TestMethodWorker.run(TestMethodWorker.java:112)
	at org.testng.TestRunner.privateRun(TestRunner.java:756)
	at org.testng.TestRunner.run(TestRunner.java:610)
	at org.testng.SuiteRunner.runTest(SuiteRunner.java:387)
	at org.testng.SuiteRunner.runSequentially(SuiteRunner.java:382)
	at org.testng.SuiteRunner.privateRun(SuiteRunner.java:340)
	at org.testng.SuiteRunner.run(SuiteRunner.java:289)
	at org.testng.SuiteRunnerWorker.runSuite(SuiteRunnerWorker.java:52)
	at org.testng.SuiteRunnerWorker.run(SuiteRunnerWorker.java:86)
	at org.testng.TestNG.runSuitesSequentially(TestNG.java:1293)
	at org.testng.TestNG.runSuitesLocally(TestNG.java:1218)
	at org.testng.TestNG.runSuites(TestNG.java:1133)
	at org.testng.TestNG.run(TestNG.java:1104)
	at org.testng.remote.AbstractRemoteTestNG.run(AbstractRemoteTestNG.java:115)
	at org.testng.remote.RemoteTestNG.initAndRun(RemoteTestNG.java:251)
	at org.testng.remote.RemoteTestNG.main(RemoteTestNG.java:77)
Caused by: org.openqa.selenium.NoSuchElementException: Cannot locate an element using By.xpath: //android.widget.TextView[@text='Dispatch']
For documentation on this error, please visit: http://seleniumhq.org/exceptions/no_such_element.html
Build info: version: '3.7.1', revision: '8a0099a', time: '2017-11-06T21:01:39.354Z'
System info: host: 'LAPTOP-38LR7550', ip: '192.168.0.4', os.name: 'Windows 10', os.arch: 'amd64', os.version: '10.0', java.version: '1.8.0_91'
Driver info: driver.version: unknown
	at org.openqa.selenium.support.ui.ExpectedConditions.lambda$findElement$0(ExpectedConditions.java:882)
	at java.util.Optional.orElseThrow(Unknown Source)
	at org.openqa.selenium.support.ui.ExpectedConditions.findElement(ExpectedConditions.java:881)
	at org.openqa.selenium.support.ui.ExpectedConditions.access$000(ExpectedConditions.java:43)
	at org.openqa.selenium.support.ui.ExpectedConditions$6.apply(ExpectedConditions.java:182)
	at org.openqa.selenium.support.ui.ExpectedConditions$6.apply(ExpectedConditions.java:179)
	at org.openqa.selenium.support.ui.FluentWait.until(FluentWait.java:208)
	... 28 more
]]>
            </full-stacktrace>
          </exception> <!-- org.openqa.selenium.TimeoutException -->
          <reporter-output>
          </reporter-output>
        </test-method> <!-- ts48145 -->
        <test-method status="PASS" signature="result(org.testng.ITestResult)[pri:0, instance:com.lmg_dubai.sahlastore.inventory.SStore_TS48145_Inventory_ReceiveTransferIn@5d534f5d]" name="result" is-config="true" duration-ms="4092" started-at="2020-11-02T01:58:20Z" finished-at="2020-11-02T01:58:24Z">
          <params>
            <param index="0">
              <value>
                <![CDATA[[TestResult name=ts48145 status=FAILURE method=SStore_TS48145_Inventory_ReceiveTransferIn.ts48145()[pri:0, instance:com.lmg_dubai.sahlastore.inventory.SStore_TS48145_Inventory_ReceiveTransferIn@5d534f5d] output={null}]]]>
              </value>
            </param>
          </params>
          <reporter-output>
          </reporter-output>
        </test-method> <!-- result -->
      </class> <!-- com.lmg_dubai.sahlastore.inventory.SStore_TS48145_Inventory_ReceiveTransferIn -->
      <class name="com.lmg_dubai.sahlastore.inventory.SStore_TS48106_Inventory_SendStoreTransfer">
        <test-method status="PASS" signature="_LaunchApp()[pri:0, instance:com.lmg_dubai.sahlastore.inventory.SStore_TS48106_Inventory_SendStoreTransfer@783a467b]" name="_LaunchApp" is-config="true" duration-ms="13600" started-at="2020-11-02T00:55:20Z" finished-at="2020-11-02T00:55:34Z">
          <reporter-output>
          </reporter-output>
        </test-method> <!-- _LaunchApp -->
        <test-method status="PASS" signature="ts48106()[pri:0, instance:com.lmg_dubai.sahlastore.inventory.SStore_TS48106_Inventory_SendStoreTransfer@783a467b]" name="ts48106" duration-ms="113597" started-at="2020-11-02T00:55:34Z" finished-at="2020-11-02T00:57:28Z">
          <reporter-output>
          </reporter-output>
        </test-method> <!-- ts48106 -->
        <test-method status="PASS" signature="result(org.testng.ITestResult)[pri:0, instance:com.lmg_dubai.sahlastore.inventory.SStore_TS48106_Inventory_SendStoreTransfer@783a467b]" name="result" is-config="true" duration-ms="12928" started-at="2020-11-02T00:57:28Z" finished-at="2020-11-02T00:57:41Z">
          <params>
            <param index="0">
              <value>
                <![CDATA[[TestResult name=ts48106 status=SUCCESS method=SStore_TS48106_Inventory_SendStoreTransfer.ts48106()[pri:0, instance:com.lmg_dubai.sahlastore.inventory.SStore_TS48106_Inventory_SendStoreTransfer@783a467b] output={null}]]]>
              </value>
            </param>
          </params>
          <reporter-output>
          </reporter-output>
        </test-method> <!-- result -->
      </class> <!-- com.lmg_dubai.sahlastore.inventory.SStore_TS48106_Inventory_SendStoreTransfer -->
    </test> <!-- RegressionTest -->
  </suite> <!-- SahlaStoreAutomation -->
</testng-results>
